Starting Dynare (version 4.4.3).
Starting preprocessing of the model file ...
Found 10 equation(s).
Evaluating expressions...done
Computing static model derivatives:
 - order 1
Computing dynamic model derivatives:
 - order 1
 - order 2
Processing outputs ...done
Preprocessing completed.
Starting MATLAB/Octave computing.

STEADY-STATE RESULTS:

a      		 0
y      		 0
lambda 		 0
r      		 0
pi     		 0
e      		 0
g      		 0
zhat   		 0
q      		 0
x      		 0

EIGENVALUES:
         Modulus             Real        Imaginary

               0                0                0
               0                0                0
          0.3536           0.3536                0
          0.3886           0.3886                0
          0.6762           0.6762                0
          0.9797           0.9797                0
           1.303            1.284            0.223
           1.303            1.284           -0.223
           2.469            2.469                0
           2.577            2.577                0


There are 4 eigenvalue(s) larger than 1 in modulus 
for 4 forward-looking variable(s)

The rank condition is verified.


You did not declare endogenous variables after the estimation/calib_smoother command.

Loading 108 observations from IrelandData.mat

fval = -664.18 (fval_original = -1143.5, Loss2 = 0.95867)
Initial value of the log posterior (or likelihood): 664.1757
fval = -664.18 (fval_original = -1143.5, Loss2 = 0.95867)
fval = -664.18 (fval_original = -1143.5, Loss2 = 0.95867)
fval = -664.18 (fval_original = -1143.5, Loss2 = 0.95865)
fval = -664.18 (fval_original = -1143.5, Loss2 = 0.95867)
fval = -664.18 (fval_original = -1143.5, Loss2 = 0.95867)
fval = -664.18 (fval_original = -1143.5, Loss2 = 0.95867)
fval = -664.18 (fval_original = -1143.5, Loss2 = 0.95867)
fval = -664.18 (fval_original = -1143.5, Loss2 = 0.95867)
fval = -664.18 (fval_original = -1143.5, Loss2 = 0.95867)
fval = -664.18 (fval_original = -1143.5, Loss2 = 0.95867)
fval = -664.18 (fval_original = -1143.5, Loss2 = 0.95867)
                                            First-order      Norm of
 Iter F-count            f(x)  Feasibility   optimality         step
    0      11   -6.641757e+02    0.000e+00    5.576e+05
fval = 1.0242e+06 (fval_original = 1.0238e+06, Loss2 = 0.70517)
fval = 2.4652e+05 (fval_original = 2.4613e+05, Loss2 = 0.78277)
fval = 60008 (fval_original = 59529, Loss2 = 0.95816)
fval = 14336 (fval_original = 13756, Loss2 = 1.1611)
fval = 2070.2 (fval_original = 1326.4, Loss2 = 1.4876)
fval = -209.68 (fval_original = -862.46, Loss2 = 1.3056)
fval = -714.44 (fval_original = -1295.2, Loss2 = 1.1616)
fval = -714.44 (fval_original = -1295.2, Loss2 = 1.1616)
fval = -714.44 (fval_original = -1295.2, Loss2 = 1.1616)
fval = -714.44 (fval_original = -1295.2, Loss2 = 1.1616)
fval = -714.44 (fval_original = -1295.2, Loss2 = 1.1616)
fval = -714.44 (fval_original = -1295.2, Loss2 = 1.1616)
fval = -714.44 (fval_original = -1295.2, Loss2 = 1.1616)
fval = -714.44 (fval_original = -1295.2, Loss2 = 1.1616)
fval = -714.44 (fval_original = -1295.2, Loss2 = 1.1616)
fval = -714.44 (fval_original = -1295.2, Loss2 = 1.1616)
fval = -714.44 (fval_original = -1295.2, Loss2 = 1.1616)
    1      28   -7.144394e+02    0.000e+00    8.008e+04    7.411e-01
fval = 168.25 (fval_original = -489.61, Loss2 = 1.3157)
fval = -814.92 (fval_original = -1349.1, Loss2 = 1.0684)
fval = -814.92 (fval_original = -1349.1, Loss2 = 1.0684)
fval = -814.92 (fval_original = -1349.1, Loss2 = 1.0684)
fval = -814.92 (fval_original = -1349.1, Loss2 = 1.0684)
fval = -814.92 (fval_original = -1349.1, Loss2 = 1.0684)
fval = -814.92 (fval_original = -1349.1, Loss2 = 1.0684)
fval = -814.92 (fval_original = -1349.1, Loss2 = 1.0684)
fval = -814.92 (fval_original = -1349.1, Loss2 = 1.0684)
fval = -814.92 (fval_original = -1349.1, Loss2 = 1.0684)
fval = -814.92 (fval_original = -1349.1, Loss2 = 1.0684)
fval = -814.92 (fval_original = -1349.1, Loss2 = 1.0684)
    2      40   -8.149202e+02    0.000e+00    1.623e+05    2.354e-01
fval = -626.12 (fval_original = -946.01, Loss2 = 0.63978)
fval = -638.75 (fval_original = -1262.5, Loss2 = 1.2476)
fval = -752.42 (fval_original = -1351.9, Loss2 = 1.1989)
fval = -826.57 (fval_original = -1372.9, Loss2 = 1.0926)
fval = -826.57 (fval_original = -1372.9, Loss2 = 1.0926)
fval = -826.58 (fval_original = -1372.9, Loss2 = 1.0926)
fval = -826.57 (fval_original = -1372.9, Loss2 = 1.0926)
fval = -826.58 (fval_original = -1372.9, Loss2 = 1.0926)
fval = -826.58 (fval_original = -1372.9, Loss2 = 1.0926)
fval = -826.57 (fval_original = -1372.9, Loss2 = 1.0926)
fval = -826.57 (fval_original = -1372.9, Loss2 = 1.0926)
fval = -826.58 (fval_original = -1372.9, Loss2 = 1.0926)
fval = -826.57 (fval_original = -1372.9, Loss2 = 1.0926)
fval = -826.57 (fval_original = -1372.9, Loss2 = 1.0926)
    3      54   -8.265750e+02    0.000e+00    3.982e+05    1.838e-01
fval = 1084 (fval_original = 194.26, Loss2 = 1.7795)
fval = -214.53 (fval_original = -1261.6, Loss2 = 2.0941)
fval = -801.13 (fval_original = -1348.9, Loss2 = 1.0955)
fval = -899.4 (fval_original = -1370.4, Loss2 = 0.94208)
fval = -899.4 (fval_original = -1370.4, Loss2 = 0.94208)
fval = -899.4 (fval_original = -1370.4, Loss2 = 0.94208)
fval = -899.4 (fval_original = -1370.4, Loss2 = 0.94208)
fval = -899.4 (fval_original = -1370.4, Loss2 = 0.94208)
fval = -899.4 (fval_original = -1370.4, Loss2 = 0.94208)
fval = -899.4 (fval_original = -1370.4, Loss2 = 0.94208)
fval = -899.4 (fval_original = -1370.4, Loss2 = 0.94208)
fval = -899.4 (fval_original = -1370.4, Loss2 = 0.94208)
fval = -899.4 (fval_original = -1370.4, Loss2 = 0.94208)
fval = -899.4 (fval_original = -1370.4, Loss2 = 0.94208)
    4      68   -8.993994e+02    0.000e+00    1.509e+05    2.111e-01
fval = 616.52 (fval_original = 29.592, Loss2 = 1.1739)
fval = -877.6 (fval_original = -1348.2, Loss2 = 0.94125)
fval = -898.06 (fval_original = -1373.4, Loss2 = 0.95077)
fval = -901.25 (fval_original = -1374.2, Loss2 = 0.94592)
fval = -901.25 (fval_original = -1374.2, Loss2 = 0.94592)
fval = -901.25 (fval_original = -1374.2, Loss2 = 0.94592)
fval = -901.25 (fval_original = -1374.2, Loss2 = 0.94592)
fval = -901.25 (fval_original = -1374.2, Loss2 = 0.94592)
fval = -901.25 (fval_original = -1374.2, Loss2 = 0.94592)
fval = -901.25 (fval_original = -1374.2, Loss2 = 0.94592)
fval = -901.25 (fval_original = -1374.2, Loss2 = 0.94592)
fval = -901.25 (fval_original = -1374.2, Loss2 = 0.94592)
fval = -901.25 (fval_original = -1374.2, Loss2 = 0.94592)
fval = -901.25 (fval_original = -1374.2, Loss2 = 0.94592)
    5      82   -9.012454e+02    0.000e+00    3.353e+05    4.922e-02
fval = 1975.9 (fval_original = 1352.5, Loss2 = 1.2469)
fval = -854.83 (fval_original = -1369.4, Loss2 = 1.0292)
fval = -903.55 (fval_original = -1378.5, Loss2 = 0.94997)
fval = -903.55 (fval_original = -1378.5, Loss2 = 0.94997)
fval = -903.55 (fval_original = -1378.5, Loss2 = 0.94997)
fval = -903.55 (fval_original = -1378.5, Loss2 = 0.94997)
fval = -903.55 (fval_original = -1378.5, Loss2 = 0.94997)
fval = -903.55 (fval_original = -1378.5, Loss2 = 0.94997)
fval = -903.55 (fval_original = -1378.5, Loss2 = 0.94997)
fval = -903.55 (fval_original = -1378.5, Loss2 = 0.94997)
fval = -903.55 (fval_original = -1378.5, Loss2 = 0.94997)
fval = -903.55 (fval_original = -1378.5, Loss2 = 0.94997)
fval = -903.55 (fval_original = -1378.5, Loss2 = 0.94997)
    6      95   -9.035489e+02    0.000e+00    3.047e+05    6.699e-02
fval = -615.41 (fval_original = -1035.8, Loss2 = 0.84068)
fval = -959.83 (fval_original = -1408.7, Loss2 = 0.89765)
fval = -959.83 (fval_original = -1408.7, Loss2 = 0.89765)
fval = -959.83 (fval_original = -1408.7, Loss2 = 0.89765)
fval = -959.83 (fval_original = -1408.7, Loss2 = 0.89765)
fval = -959.83 (fval_original = -1408.7, Loss2 = 0.89765)
fval = -959.83 (fval_original = -1408.7, Loss2 = 0.89765)
fval = -959.83 (fval_original = -1408.7, Loss2 = 0.89765)
fval = -959.83 (fval_original = -1408.7, Loss2 = 0.89765)
fval = -959.83 (fval_original = -1408.7, Loss2 = 0.89765)
fval = -959.83 (fval_original = -1408.7, Loss2 = 0.89765)
fval = -959.83 (fval_original = -1408.7, Loss2 = 0.89765)
    7     107   -9.598310e+02    0.000e+00    1.382e+05    2.572e-01
fval = 9.5823e+05 (fval_original = 9.578e+05, Loss2 = 0.85623)
fval = -960.45 (fval_original = -1392.5, Loss2 = 0.86416)
fval = -960.45 (fval_original = -1392.5, Loss2 = 0.86416)
fval = -960.45 (fval_original = -1392.5, Loss2 = 0.86416)
fval = -960.45 (fval_original = -1392.5, Loss2 = 0.86416)
fval = -960.45 (fval_original = -1392.5, Loss2 = 0.86416)
fval = -960.45 (fval_original = -1392.5, Loss2 = 0.86416)
fval = -960.45 (fval_original = -1392.5, Loss2 = 0.86416)
fval = -960.45 (fval_original = -1392.5, Loss2 = 0.86416)
fval = -960.45 (fval_original = -1392.5, Loss2 = 0.86416)
fval = -960.45 (fval_original = -1392.5, Loss2 = 0.86416)
fval = -960.45 (fval_original = -1392.5, Loss2 = 0.86416)
    8     119   -9.604528e+02    0.000e+00    1.343e+05    2.056e-01
fval = 919.08 (fval_original = 591.11, Loss2 = 0.65593)
fval = -969.15 (fval_original = -1364.1, Loss2 = 0.78997)
fval = -969.15 (fval_original = -1364.1, Loss2 = 0.78997)
fval = -969.15 (fval_original = -1364.1, Loss2 = 0.78997)
fval = -969.15 (fval_original = -1364.1, Loss2 = 0.78997)
fval = -969.15 (fval_original = -1364.1, Loss2 = 0.78997)
fval = -969.15 (fval_original = -1364.1, Loss2 = 0.78997)
fval = -969.15 (fval_original = -1364.1, Loss2 = 0.78997)
fval = -969.15 (fval_original = -1364.1, Loss2 = 0.78997)
fval = -969.15 (fval_original = -1364.1, Loss2 = 0.78997)
fval = -969.15 (fval_original = -1364.1, Loss2 = 0.78997)
fval = -969.15 (fval_original = -1364.1, Loss2 = 0.78997)
    9     131   -9.691520e+02    0.000e+00    1.801e+05    1.692e-01
fval = -1038.4 (fval_original = -1403.7, Loss2 = 0.73059)
fval = -1038.4 (fval_original = -1403.7, Loss2 = 0.73059)
fval = -1038.4 (fval_original = -1403.7, Loss2 = 0.73059)
fval = -1038.4 (fval_original = -1403.7, Loss2 = 0.73059)
fval = -1038.4 (fval_original = -1403.7, Loss2 = 0.73059)
fval = -1038.4 (fval_original = -1403.7, Loss2 = 0.73059)
fval = -1038.4 (fval_original = -1403.7, Loss2 = 0.73059)
fval = -1038.4 (fval_original = -1403.7, Loss2 = 0.73059)
fval = -1038.4 (fval_original = -1403.7, Loss2 = 0.73059)
fval = -1038.4 (fval_original = -1403.7, Loss2 = 0.73059)
fval = -1038.4 (fval_original = -1403.7, Loss2 = 0.73059)
   10     142   -1.038383e+03    0.000e+00    9.591e+04    3.193e-01
fval = 438.8 (fval_original = 82.77, Loss2 = 0.71205)
fval = -1008.3 (fval_original = -1344.1, Loss2 = 0.67165)
fval = -1041.8 (fval_original = -1399.3, Loss2 = 0.71486)
fval = -1041.8 (fval_original = -1399.3, Loss2 = 0.71486)
fval = -1041.8 (fval_original = -1399.3, Loss2 = 0.71486)
fval = -1041.8 (fval_original = -1399.3, Loss2 = 0.71486)
fval = -1041.8 (fval_original = -1399.3, Loss2 = 0.71486)
fval = -1041.8 (fval_original = -1399.3, Loss2 = 0.71486)
fval = -1041.8 (fval_original = -1399.3, Loss2 = 0.71486)
fval = -1041.8 (fval_original = -1399.3, Loss2 = 0.71486)
fval = -1041.8 (fval_original = -1399.3, Loss2 = 0.71486)
fval = -1041.8 (fval_original = -1399.3, Loss2 = 0.71486)
fval = -1041.8 (fval_original = -1399.3, Loss2 = 0.71486)
   11     155   -1.041838e+03    0.000e+00    6.299e+04    6.298e-02
fval = -1057.4 (fval_original = -1418.8, Loss2 = 0.7229)
fval = -1057.4 (fval_original = -1418.8, Loss2 = 0.7229)
fval = -1057.4 (fval_original = -1418.8, Loss2 = 0.7229)
fval = -1057.4 (fval_original = -1418.8, Loss2 = 0.7229)
fval = -1057.4 (fval_original = -1418.8, Loss2 = 0.7229)
fval = -1057.4 (fval_original = -1418.8, Loss2 = 0.7229)
fval = -1057.4 (fval_original = -1418.8, Loss2 = 0.7229)
fval = -1057.4 (fval_original = -1418.8, Loss2 = 0.7229)
fval = -1057.4 (fval_original = -1418.8, Loss2 = 0.7229)
fval = -1057.4 (fval_original = -1418.8, Loss2 = 0.7229)
fval = -1057.4 (fval_original = -1418.8, Loss2 = 0.7229)
   12     166   -1.057377e+03    0.000e+00    7.246e+04    3.515e-02
fval = -942.76 (fval_original = -1329.9, Loss2 = 0.77424)
fval = -1073.9 (fval_original = -1403.2, Loss2 = 0.65867)
fval = -1073.9 (fval_original = -1403.2, Loss2 = 0.65867)
fval = -1073.9 (fval_original = -1403.2, Loss2 = 0.65867)
fval = -1073.9 (fval_original = -1403.2, Loss2 = 0.65867)
fval = -1073.9 (fval_original = -1403.2, Loss2 = 0.65867)
fval = -1073.9 (fval_original = -1403.2, Loss2 = 0.65867)
fval = -1073.9 (fval_original = -1403.2, Loss2 = 0.65867)
fval = -1073.9 (fval_original = -1403.2, Loss2 = 0.65867)
fval = -1073.9 (fval_original = -1403.2, Loss2 = 0.65867)
fval = -1073.9 (fval_original = -1403.2, Loss2 = 0.65867)
fval = -1073.9 (fval_original = -1403.2, Loss2 = 0.65867)
   13     178   -1.073902e+03    0.000e+00    3.839e+04    1.362e-01
fval = -1105 (fval_original = -1421, Loss2 = 0.63216)
fval = -1105 (fval_original = -1421, Loss2 = 0.63216)
fval = -1105 (fval_original = -1421, Loss2 = 0.63216)
fval = -1105 (fval_original = -1421, Loss2 = 0.63216)
fval = -1105 (fval_original = -1421, Loss2 = 0.63216)
fval = -1105 (fval_original = -1421, Loss2 = 0.63216)
fval = -1105 (fval_original = -1421, Loss2 = 0.63216)
fval = -1105 (fval_original = -1421, Loss2 = 0.63216)
fval = -1105 (fval_original = -1421, Loss2 = 0.63216)
fval = -1105 (fval_original = -1421, Loss2 = 0.63216)
fval = -1105 (fval_original = -1421, Loss2 = 0.63216)
   14     189   -1.104951e+03    0.000e+00    3.621e+04    1.258e-01
fval = -1107.3 (fval_original = -1442.8, Loss2 = 0.671)
fval = -1107.3 (fval_original = -1442.8, Loss2 = 0.671)
fval = -1107.3 (fval_original = -1442.8, Loss2 = 0.671)
fval = -1107.3 (fval_original = -1442.8, Loss2 = 0.671)
fval = -1107.3 (fval_original = -1442.8, Loss2 = 0.671)
fval = -1107.3 (fval_original = -1442.8, Loss2 = 0.671)
fval = -1107.3 (fval_original = -1442.8, Loss2 = 0.671)
fval = -1107.3 (fval_original = -1442.8, Loss2 = 0.671)
fval = -1107.3 (fval_original = -1442.8, Loss2 = 0.671)
fval = -1107.3 (fval_original = -1442.8, Loss2 = 0.671)
fval = -1107.3 (fval_original = -1442.8, Loss2 = 0.671)
   15     200   -1.107325e+03    0.000e+00    3.343e+04    5.552e-02
fval = -1116.6 (fval_original = -1434.3, Loss2 = 0.63541)
fval = -1116.6 (fval_original = -1434.3, Loss2 = 0.63541)
fval = -1116.6 (fval_original = -1434.3, Loss2 = 0.63541)
fval = -1116.6 (fval_original = -1434.3, Loss2 = 0.63541)
fval = -1116.6 (fval_original = -1434.3, Loss2 = 0.63541)
fval = -1116.6 (fval_original = -1434.3, Loss2 = 0.63541)
fval = -1116.6 (fval_original = -1434.3, Loss2 = 0.63541)
fval = -1116.6 (fval_original = -1434.3, Loss2 = 0.63541)
fval = -1116.6 (fval_original = -1434.3, Loss2 = 0.63541)
fval = -1116.6 (fval_original = -1434.3, Loss2 = 0.63541)
fval = -1116.6 (fval_original = -1434.3, Loss2 = 0.63541)
   16     211   -1.116552e+03    0.000e+00    4.301e+04    6.217e-02
fval = 1133.6 (fval_original = 863.91, Loss2 = 0.53935)
fval = -1098.3 (fval_original = -1377.2, Loss2 = 0.55776)
fval = -1118.9 (fval_original = -1419.6, Loss2 = 0.60134)
fval = -1118.9 (fval_original = -1419.6, Loss2 = 0.60134)
fval = -1118.9 (fval_original = -1419.6, Loss2 = 0.60134)
fval = -1118.9 (fval_original = -1419.6, Loss2 = 0.60134)
fval = -1118.9 (fval_original = -1419.6, Loss2 = 0.60134)
fval = -1118.9 (fval_original = -1419.6, Loss2 = 0.60134)
fval = -1118.9 (fval_original = -1419.6, Loss2 = 0.60134)
fval = -1118.9 (fval_original = -1419.6, Loss2 = 0.60134)
fval = -1118.9 (fval_original = -1419.6, Loss2 = 0.60134)
fval = -1118.9 (fval_original = -1419.6, Loss2 = 0.60134)
fval = -1118.9 (fval_original = -1419.6, Loss2 = 0.60134)
   17     224   -1.118919e+03    0.000e+00    5.111e+04    4.733e-02
fval = -1125 (fval_original = -1427.1, Loss2 = 0.60423)
fval = -1125 (fval_original = -1427.1, Loss2 = 0.60423)
fval = -1125 (fval_original = -1427.1, Loss2 = 0.60423)
fval = -1125 (fval_original = -1427.1, Loss2 = 0.60423)
fval = -1125 (fval_original = -1427.1, Loss2 = 0.60423)
fval = -1125 (fval_original = -1427.1, Loss2 = 0.60423)
fval = -1125 (fval_original = -1427.1, Loss2 = 0.60423)
fval = -1125 (fval_original = -1427.1, Loss2 = 0.60423)
fval = -1125 (fval_original = -1427.1, Loss2 = 0.60423)
fval = -1125 (fval_original = -1427.1, Loss2 = 0.60423)
fval = -1125 (fval_original = -1427.1, Loss2 = 0.60423)
   18     235   -1.124965e+03    0.000e+00    4.671e+04    2.156e-02
fval = -1006.4 (fval_original = -1408, Loss2 = 0.80323)
fval = -1144.1 (fval_original = -1428.2, Loss2 = 0.56835)
fval = -1144.1 (fval_original = -1428.2, Loss2 = 0.56835)
fval = -1144.1 (fval_original = -1428.2, Loss2 = 0.56835)
fval = -1144.1 (fval_original = -1428.2, Loss2 = 0.56835)
fval = -1144.1 (fval_original = -1428.2, Loss2 = 0.56835)
fval = -1144.1 (fval_original = -1428.2, Loss2 = 0.56835)
fval = -1144.1 (fval_original = -1428.2, Loss2 = 0.56835)
fval = -1144.1 (fval_original = -1428.2, Loss2 = 0.56835)
fval = -1144.1 (fval_original = -1428.2, Loss2 = 0.56835)
fval = -1144.1 (fval_original = -1428.2, Loss2 = 0.56835)
fval = -1144.1 (fval_original = -1428.2, Loss2 = 0.56835)
   19     247   -1.144072e+03    0.000e+00    4.096e+04    1.289e-01
fval = -919.71 (fval_original = -1381.4, Loss2 = 0.92342)
fval = -1048.7 (fval_original = -1416.4, Loss2 = 0.73535)
fval = -1103.1 (fval_original = -1424.2, Loss2 = 0.64212)
fval = -1126.2 (fval_original = -1426.6, Loss2 = 0.6008)
fval = -919.88 (fval_original = -1381.5, Loss2 = 0.92316)
fval = -1039.4 (fval_original = -1425.5, Loss2 = 0.77225)
fval = -1110 (fval_original = -1430.8, Loss2 = 0.64167)
fval = -1121.4 (fval_original = -1429.4, Loss2 = 0.61581)
fval = -1138.7 (fval_original = -1429, Loss2 = 0.58077)
fval = -1138.6 (fval_original = -1428.3, Loss2 = 0.57933)
fval = -1138.5 (fval_original = -1427.8, Loss2 = 0.57863)
fval = -1141.4 (fval_original = -1428, Loss2 = 0.57337)
fval = -1142.9 (fval_original = -1428.2, Loss2 = 0.57045)
fval = -1143.8 (fval_original = -1428.2, Loss2 = 0.5688)
fval = -1144.2 (fval_original = -1428.3, Loss2 = 0.56818)
fval = -1144.2 (fval_original = -1428.3, Loss2 = 0.56818)
fval = -1144.2 (fval_original = -1428.3, Loss2 = 0.56818)
fval = -1144.2 (fval_original = -1428.3, Loss2 = 0.56818)
fval = -1144.2 (fval_original = -1428.3, Loss2 = 0.56818)
fval = -1144.2 (fval_original = -1428.3, Loss2 = 0.56818)
fval = -1144.2 (fval_original = -1428.3, Loss2 = 0.56818)
fval = -1144.2 (fval_original = -1428.3, Loss2 = 0.56818)
fval = -1144.2 (fval_original = -1428.3, Loss2 = 0.56818)
fval = -1144.2 (fval_original = -1428.3, Loss2 = 0.56818)
fval = -1144.2 (fval_original = -1428.3, Loss2 = 0.56818)
   20     272   -1.144163e+03    0.000e+00    4.083e+04    6.353e-04
fval = -1017.1 (fval_original = -1410.2, Loss2 = 0.78617)
fval = -1144 (fval_original = -1428.2, Loss2 = 0.56834)
fval = -1144.2 (fval_original = -1428.2, Loss2 = 0.56797)
fval = -1144.2 (fval_original = -1428.2, Loss2 = 0.56797)
fval = -1144.2 (fval_original = -1428.2, Loss2 = 0.56797)
fval = -1144.2 (fval_original = -1428.2, Loss2 = 0.56797)
fval = -1144.2 (fval_original = -1428.2, Loss2 = 0.56797)
fval = -1144.2 (fval_original = -1428.2, Loss2 = 0.56797)
fval = -1144.2 (fval_original = -1428.2, Loss2 = 0.56797)
fval = -1144.2 (fval_original = -1428.2, Loss2 = 0.56797)
fval = -1144.2 (fval_original = -1428.2, Loss2 = 0.56797)
fval = -1144.2 (fval_original = -1428.2, Loss2 = 0.56797)
fval = -1144.2 (fval_original = -1428.2, Loss2 = 0.56797)
   21     285   -1.144238e+03    0.000e+00    4.075e+04    5.449e-04
fval = -1060 (fval_original = -1425.3, Loss2 = 0.73071)
fval = -1106.1 (fval_original = -1428, Loss2 = 0.6437)
fval = -1126.6 (fval_original = -1428.5, Loss2 = 0.60379)
fval = -1135.8 (fval_original = -1428.4, Loss2 = 0.58518)
fval = -1137.4 (fval_original = -1428.2, Loss2 = 0.58171)
fval = -1141 (fval_original = -1428.2, Loss2 = 0.57457)
fval = -1142.7 (fval_original = -1428.2, Loss2 = 0.57108)
fval = -1143.5 (fval_original = -1428.2, Loss2 = 0.56936)
fval = -1144 (fval_original = -1428.2, Loss2 = 0.56851)
fval = -1144.2 (fval_original = -1428.2, Loss2 = 0.56808)
fval = -1144.2 (fval_original = -1428.2, Loss2 = 0.56796)
fval = -1144.2 (fval_original = -1428.2, Loss2 = 0.56796)
fval = -1144.2 (fval_original = -1428.2, Loss2 = 0.56796)
fval = -1144.2 (fval_original = -1428.2, Loss2 = 0.56796)
fval = -1144.2 (fval_original = -1428.2, Loss2 = 0.56796)
fval = -1144.2 (fval_original = -1428.2, Loss2 = 0.56796)
fval = -1144.2 (fval_original = -1428.2, Loss2 = 0.56796)
fval = -1144.2 (fval_original = -1428.2, Loss2 = 0.56796)
fval = -1144.2 (fval_original = -1428.2, Loss2 = 0.56796)
fval = -1144.2 (fval_original = -1428.2, Loss2 = 0.56796)
fval = -1144.2 (fval_original = -1428.2, Loss2 = 0.56796)
   22     306   -1.144248e+03    0.000e+00    4.074e+04    6.801e-05
fval = -1077.5 (fval_original = -1425.2, Loss2 = 0.69542)
fval = -1144.2 (fval_original = -1428.2, Loss2 = 0.56801)
fval = -1144.3 (fval_original = -1428.2, Loss2 = 0.56794)
fval = -1144.3 (fval_original = -1428.2, Loss2 = 0.56794)
fval = -1144.3 (fval_original = -1428.2, Loss2 = 0.56794)
fval = -1144.3 (fval_original = -1428.2, Loss2 = 0.56794)
fval = -1144.3 (fval_original = -1428.2, Loss2 = 0.56794)
fval = -1144.3 (fval_original = -1428.2, Loss2 = 0.56794)
fval = -1144.3 (fval_original = -1428.2, Loss2 = 0.56794)
fval = -1144.3 (fval_original = -1428.2, Loss2 = 0.56794)
fval = -1144.3 (fval_original = -1428.2, Loss2 = 0.56794)
fval = -1144.3 (fval_original = -1428.2, Loss2 = 0.56794)
fval = -1144.3 (fval_original = -1428.2, Loss2 = 0.56794)
   23     319   -1.144258e+03    0.000e+00    2.516e+04    4.518e-05
fval = -1154.4 (fval_original = -1430.8, Loss2 = 0.55281)
fval = -1154.4 (fval_original = -1430.8, Loss2 = 0.55281)
fval = -1154.4 (fval_original = -1430.8, Loss2 = 0.55281)
fval = -1154.4 (fval_original = -1430.8, Loss2 = 0.55281)
fval = -1154.4 (fval_original = -1430.8, Loss2 = 0.55281)
fval = -1154.4 (fval_original = -1430.8, Loss2 = 0.55281)
fval = -1154.4 (fval_original = -1430.8, Loss2 = 0.55281)
fval = -1154.4 (fval_original = -1430.8, Loss2 = 0.55281)
fval = -1154.4 (fval_original = -1430.8, Loss2 = 0.55281)
fval = -1154.4 (fval_original = -1430.8, Loss2 = 0.55281)
fval = -1154.4 (fval_original = -1430.8, Loss2 = 0.55281)
   24     330   -1.154411e+03    0.000e+00    7.062e+03    8.805e-02
fval = -1160.7 (fval_original = -1434.1, Loss2 = 0.54674)
fval = -1160.7 (fval_original = -1434.1, Loss2 = 0.54674)
fval = -1160.7 (fval_original = -1434.1, Loss2 = 0.54674)
fval = -1160.7 (fval_original = -1434.1, Loss2 = 0.54674)
fval = -1160.7 (fval_original = -1434.1, Loss2 = 0.54674)
fval = -1160.7 (fval_original = -1434.1, Loss2 = 0.54674)
fval = -1160.7 (fval_original = -1434.1, Loss2 = 0.54674)
fval = -1160.7 (fval_original = -1434.1, Loss2 = 0.54674)
fval = -1160.7 (fval_original = -1434.1, Loss2 = 0.54674)
fval = -1160.7 (fval_original = -1434.1, Loss2 = 0.54674)
fval = -1160.7 (fval_original = -1434.1, Loss2 = 0.54674)
   25     341   -1.160684e+03    0.000e+00    3.689e+03    1.233e-01
fval = -1161.7 (fval_original = -1434.1, Loss2 = 0.54497)
fval = -1161.7 (fval_original = -1434.1, Loss2 = 0.54497)
fval = -1161.7 (fval_original = -1434.1, Loss2 = 0.54497)
fval = -1161.7 (fval_original = -1434.1, Loss2 = 0.54497)
fval = -1161.7 (fval_original = -1434.1, Loss2 = 0.54497)
fval = -1161.7 (fval_original = -1434.1, Loss2 = 0.54497)
fval = -1161.7 (fval_original = -1434.1, Loss2 = 0.54497)
fval = -1161.7 (fval_original = -1434.1, Loss2 = 0.54497)
fval = -1161.7 (fval_original = -1434.1, Loss2 = 0.54497)
fval = -1161.7 (fval_original = -1434.1, Loss2 = 0.54497)
fval = -1161.7 (fval_original = -1434.1, Loss2 = 0.54497)
   26     352   -1.161662e+03    0.000e+00    4.486e+03    1.081e-02
fval = -1162.8 (fval_original = -1434.7, Loss2 = 0.5437)
fval = -1162.8 (fval_original = -1434.7, Loss2 = 0.5437)
fval = -1162.8 (fval_original = -1434.7, Loss2 = 0.5437)
fval = -1162.8 (fval_original = -1434.7, Loss2 = 0.5437)
fval = -1162.8 (fval_original = -1434.7, Loss2 = 0.5437)
fval = -1162.8 (fval_original = -1434.7, Loss2 = 0.5437)
fval = -1162.8 (fval_original = -1434.7, Loss2 = 0.5437)
fval = -1162.8 (fval_original = -1434.7, Loss2 = 0.5437)
fval = -1162.8 (fval_original = -1434.7, Loss2 = 0.5437)
fval = -1162.8 (fval_original = -1434.7, Loss2 = 0.5437)
fval = -1162.8 (fval_original = -1434.7, Loss2 = 0.5437)
   27     363   -1.162826e+03    0.000e+00    5.896e+03    5.411e-02
fval = -1163.2 (fval_original = -1432.8, Loss2 = 0.53929)
fval = -1163.2 (fval_original = -1432.8, Loss2 = 0.53929)
fval = -1163.2 (fval_original = -1432.8, Loss2 = 0.53929)
fval = -1163.2 (fval_original = -1432.8, Loss2 = 0.53929)
fval = -1163.2 (fval_original = -1432.8, Loss2 = 0.53929)
fval = -1163.2 (fval_original = -1432.8, Loss2 = 0.53929)
fval = -1163.2 (fval_original = -1432.8, Loss2 = 0.53929)
fval = -1163.2 (fval_original = -1432.8, Loss2 = 0.53929)
fval = -1163.2 (fval_original = -1432.8, Loss2 = 0.53929)
fval = -1163.2 (fval_original = -1432.8, Loss2 = 0.53929)
fval = -1163.2 (fval_original = -1432.8, Loss2 = 0.53929)
   28     374   -1.163191e+03    0.000e+00    3.133e+03    1.294e-02
fval = -1163.3 (fval_original = -1433.4, Loss2 = 0.5403)
fval = -1163.3 (fval_original = -1433.4, Loss2 = 0.5403)
fval = -1163.3 (fval_original = -1433.4, Loss2 = 0.5403)
fval = -1163.3 (fval_original = -1433.4, Loss2 = 0.5403)
fval = -1163.3 (fval_original = -1433.4, Loss2 = 0.5403)
fval = -1163.3 (fval_original = -1433.4, Loss2 = 0.5403)
fval = -1163.3 (fval_original = -1433.4, Loss2 = 0.5403)
fval = -1163.3 (fval_original = -1433.4, Loss2 = 0.5403)
fval = -1163.3 (fval_original = -1433.4, Loss2 = 0.5403)
fval = -1163.3 (fval_original = -1433.4, Loss2 = 0.5403)
fval = -1163.3 (fval_original = -1433.4, Loss2 = 0.5403)
   29     385   -1.163258e+03    0.000e+00    2.071e+03    2.180e-03
fval = -1163.3 (fval_original = -1433, Loss2 = 0.53945)
fval = -1163.3 (fval_original = -1433, Loss2 = 0.53945)
fval = -1163.3 (fval_original = -1433, Loss2 = 0.53945)
fval = -1163.3 (fval_original = -1433, Loss2 = 0.53945)
fval = -1163.3 (fval_original = -1433, Loss2 = 0.53945)
fval = -1163.3 (fval_original = -1433, Loss2 = 0.53945)
fval = -1163.3 (fval_original = -1433, Loss2 = 0.53945)
fval = -1163.3 (fval_original = -1433, Loss2 = 0.53945)
fval = -1163.3 (fval_original = -1433, Loss2 = 0.53945)
fval = -1163.3 (fval_original = -1433, Loss2 = 0.53945)
fval = -1163.3 (fval_original = -1433, Loss2 = 0.53945)
   30     396   -1.163306e+03    0.000e+00    8.839e+02    6.804e-03
fval = -1163.3 (fval_original = -1432.9, Loss2 = 0.53925)
fval = -1163.3 (fval_original = -1432.9, Loss2 = 0.53925)
fval = -1163.3 (fval_original = -1432.9, Loss2 = 0.53925)
fval = -1163.3 (fval_original = -1432.9, Loss2 = 0.53925)
fval = -1163.3 (fval_original = -1432.9, Loss2 = 0.53925)
fval = -1163.3 (fval_original = -1432.9, Loss2 = 0.53925)
fval = -1163.3 (fval_original = -1432.9, Loss2 = 0.53925)
fval = -1163.3 (fval_original = -1432.9, Loss2 = 0.53925)
fval = -1163.3 (fval_original = -1432.9, Loss2 = 0.53925)
fval = -1163.3 (fval_original = -1432.9, Loss2 = 0.53925)
fval = -1163.3 (fval_original = -1432.9, Loss2 = 0.53925)

                                            First-order      Norm of
 Iter F-count            f(x)  Feasibility   optimality         step
   31     407   -1.163307e+03    0.000e+00    7.051e+02    9.010e-04
fval = -1163.3 (fval_original = -1432.8, Loss2 = 0.53895)
fval = -1163.3 (fval_original = -1432.8, Loss2 = 0.53895)
fval = -1163.3 (fval_original = -1432.8, Loss2 = 0.53895)
fval = -1163.3 (fval_original = -1432.8, Loss2 = 0.53895)
fval = -1163.3 (fval_original = -1432.8, Loss2 = 0.53895)
fval = -1163.3 (fval_original = -1432.8, Loss2 = 0.53895)
fval = -1163.3 (fval_original = -1432.8, Loss2 = 0.53895)
fval = -1163.3 (fval_original = -1432.8, Loss2 = 0.53895)
fval = -1163.3 (fval_original = -1432.8, Loss2 = 0.53895)
fval = -1163.3 (fval_original = -1432.8, Loss2 = 0.53895)
fval = -1163.3 (fval_original = -1432.8, Loss2 = 0.53895)
   32     418   -1.163314e+03    0.000e+00    5.306e+02    1.072e-03
fval = -1163.3 (fval_original = -1432.6, Loss2 = 0.53855)
fval = -1163.3 (fval_original = -1432.6, Loss2 = 0.53855)
fval = -1163.3 (fval_original = -1432.6, Loss2 = 0.53855)
fval = -1163.3 (fval_original = -1432.6, Loss2 = 0.53855)
fval = -1163.3 (fval_original = -1432.6, Loss2 = 0.53855)
fval = -1163.3 (fval_original = -1432.6, Loss2 = 0.53855)
fval = -1163.3 (fval_original = -1432.6, Loss2 = 0.53855)
fval = -1163.3 (fval_original = -1432.6, Loss2 = 0.53855)
fval = -1163.3 (fval_original = -1432.6, Loss2 = 0.53855)
fval = -1163.3 (fval_original = -1432.6, Loss2 = 0.53855)
fval = -1163.3 (fval_original = -1432.6, Loss2 = 0.53855)
   33     429   -1.163332e+03    0.000e+00    8.612e+02    1.994e-03
fval = -1163.4 (fval_original = -1432.4, Loss2 = 0.53804)
fval = -1163.4 (fval_original = -1432.4, Loss2 = 0.53804)
fval = -1163.4 (fval_original = -1432.4, Loss2 = 0.53804)
fval = -1163.4 (fval_original = -1432.4, Loss2 = 0.53804)
fval = -1163.4 (fval_original = -1432.4, Loss2 = 0.53804)
fval = -1163.4 (fval_original = -1432.4, Loss2 = 0.53804)
fval = -1163.4 (fval_original = -1432.4, Loss2 = 0.53804)
fval = -1163.4 (fval_original = -1432.4, Loss2 = 0.53804)
fval = -1163.4 (fval_original = -1432.4, Loss2 = 0.53804)
fval = -1163.4 (fval_original = -1432.4, Loss2 = 0.53804)
fval = -1163.4 (fval_original = -1432.4, Loss2 = 0.53804)
   34     440   -1.163374e+03    0.000e+00    1.631e+03    4.515e-03
fval = -1163.4 (fval_original = -1432.3, Loss2 = 0.5377)
fval = -1163.4 (fval_original = -1432.3, Loss2 = 0.5377)
fval = -1163.4 (fval_original = -1432.3, Loss2 = 0.5377)
fval = -1163.4 (fval_original = -1432.3, Loss2 = 0.5377)
fval = -1163.4 (fval_original = -1432.3, Loss2 = 0.5377)
fval = -1163.4 (fval_original = -1432.3, Loss2 = 0.5377)
fval = -1163.4 (fval_original = -1432.3, Loss2 = 0.5377)
fval = -1163.4 (fval_original = -1432.3, Loss2 = 0.5377)
fval = -1163.4 (fval_original = -1432.3, Loss2 = 0.5377)
fval = -1163.4 (fval_original = -1432.3, Loss2 = 0.5377)
fval = -1163.4 (fval_original = -1432.3, Loss2 = 0.5377)
   35     451   -1.163447e+03    0.000e+00    2.300e+03    9.062e-03
fval = -1163.5 (fval_original = -1432.6, Loss2 = 0.53812)
fval = -1163.5 (fval_original = -1432.6, Loss2 = 0.53812)
fval = -1163.5 (fval_original = -1432.6, Loss2 = 0.53812)
fval = -1163.5 (fval_original = -1432.6, Loss2 = 0.53812)
fval = -1163.5 (fval_original = -1432.6, Loss2 = 0.53812)
fval = -1163.5 (fval_original = -1432.6, Loss2 = 0.53812)
fval = -1163.5 (fval_original = -1432.6, Loss2 = 0.53812)
fval = -1163.5 (fval_original = -1432.6, Loss2 = 0.53812)
fval = -1163.5 (fval_original = -1432.6, Loss2 = 0.53812)
fval = -1163.5 (fval_original = -1432.6, Loss2 = 0.53812)
fval = -1163.5 (fval_original = -1432.6, Loss2 = 0.53812)
   36     462   -1.163516e+03    0.000e+00    1.989e+03    9.894e-03
fval = -1163.6 (fval_original = -1433.1, Loss2 = 0.53908)
fval = -1163.6 (fval_original = -1433.1, Loss2 = 0.53908)
fval = -1163.6 (fval_original = -1433.1, Loss2 = 0.53908)
fval = -1163.6 (fval_original = -1433.1, Loss2 = 0.53908)
fval = -1163.6 (fval_original = -1433.1, Loss2 = 0.53908)
fval = -1163.6 (fval_original = -1433.1, Loss2 = 0.53908)
fval = -1163.6 (fval_original = -1433.1, Loss2 = 0.53908)
fval = -1163.6 (fval_original = -1433.1, Loss2 = 0.53908)
fval = -1163.6 (fval_original = -1433.1, Loss2 = 0.53908)
fval = -1163.6 (fval_original = -1433.1, Loss2 = 0.53908)
fval = -1163.6 (fval_original = -1433.1, Loss2 = 0.53908)
   37     473   -1.163560e+03    0.000e+00    7.347e+02    4.042e-03
fval = -1163.6 (fval_original = -1433.4, Loss2 = 0.53972)
fval = -1163.6 (fval_original = -1433.4, Loss2 = 0.53972)
fval = -1163.6 (fval_original = -1433.4, Loss2 = 0.53972)
fval = -1163.6 (fval_original = -1433.4, Loss2 = 0.53972)
fval = -1163.6 (fval_original = -1433.4, Loss2 = 0.53972)
fval = -1163.6 (fval_original = -1433.4, Loss2 = 0.53972)
fval = -1163.6 (fval_original = -1433.4, Loss2 = 0.53972)
fval = -1163.6 (fval_original = -1433.4, Loss2 = 0.53972)
fval = -1163.6 (fval_original = -1433.4, Loss2 = 0.53972)
fval = -1163.6 (fval_original = -1433.4, Loss2 = 0.53972)
fval = -1163.6 (fval_original = -1433.4, Loss2 = 0.53972)
   38     484   -1.163572e+03    0.000e+00    4.221e+02    2.066e-03
fval = -1163.6 (fval_original = -1433.4, Loss2 = 0.53974)
fval = -1163.6 (fval_original = -1433.4, Loss2 = 0.53974)
fval = -1163.6 (fval_original = -1433.4, Loss2 = 0.53974)
fval = -1163.6 (fval_original = -1433.4, Loss2 = 0.53974)
fval = -1163.6 (fval_original = -1433.4, Loss2 = 0.53974)
fval = -1163.6 (fval_original = -1433.4, Loss2 = 0.53974)
fval = -1163.6 (fval_original = -1433.4, Loss2 = 0.53974)
fval = -1163.6 (fval_original = -1433.4, Loss2 = 0.53974)
fval = -1163.6 (fval_original = -1433.4, Loss2 = 0.53974)
fval = -1163.6 (fval_original = -1433.4, Loss2 = 0.53974)
fval = -1163.6 (fval_original = -1433.4, Loss2 = 0.53974)
   39     495   -1.163574e+03    0.000e+00    3.901e+02    2.190e-04
fval = -1163.6 (fval_original = -1433.5, Loss2 = 0.53977)
fval = -1163.6 (fval_original = -1433.5, Loss2 = 0.53977)
fval = -1163.6 (fval_original = -1433.5, Loss2 = 0.53977)
fval = -1163.6 (fval_original = -1433.5, Loss2 = 0.53977)
fval = -1163.6 (fval_original = -1433.5, Loss2 = 0.53977)
fval = -1163.6 (fval_original = -1433.5, Loss2 = 0.53977)
fval = -1163.6 (fval_original = -1433.5, Loss2 = 0.53977)
fval = -1163.6 (fval_original = -1433.5, Loss2 = 0.53977)
fval = -1163.6 (fval_original = -1433.5, Loss2 = 0.53977)
fval = -1163.6 (fval_original = -1433.5, Loss2 = 0.53977)
fval = -1163.6 (fval_original = -1433.5, Loss2 = 0.53977)
   40     506   -1.163579e+03    0.000e+00    2.637e+02    4.626e-04
fval = -1163.6 (fval_original = -1433.5, Loss2 = 0.5398)
fval = -1163.6 (fval_original = -1433.5, Loss2 = 0.5398)
fval = -1163.6 (fval_original = -1433.5, Loss2 = 0.5398)
fval = -1163.6 (fval_original = -1433.5, Loss2 = 0.5398)
fval = -1163.6 (fval_original = -1433.5, Loss2 = 0.5398)
fval = -1163.6 (fval_original = -1433.5, Loss2 = 0.5398)
fval = -1163.6 (fval_original = -1433.5, Loss2 = 0.5398)
fval = -1163.6 (fval_original = -1433.5, Loss2 = 0.5398)
fval = -1163.6 (fval_original = -1433.5, Loss2 = 0.5398)
fval = -1163.6 (fval_original = -1433.5, Loss2 = 0.5398)
fval = -1163.6 (fval_original = -1433.5, Loss2 = 0.5398)
   41     517   -1.163589e+03    0.000e+00    1.125e+02    5.586e-04
fval = -1163.6 (fval_original = -1433.5, Loss2 = 0.53986)
fval = -1163.6 (fval_original = -1433.5, Loss2 = 0.53986)
fval = -1163.6 (fval_original = -1433.5, Loss2 = 0.53986)
fval = -1163.6 (fval_original = -1433.5, Loss2 = 0.53986)
fval = -1163.6 (fval_original = -1433.5, Loss2 = 0.53986)
fval = -1163.6 (fval_original = -1433.5, Loss2 = 0.53986)
fval = -1163.6 (fval_original = -1433.5, Loss2 = 0.53986)
fval = -1163.6 (fval_original = -1433.5, Loss2 = 0.53986)
fval = -1163.6 (fval_original = -1433.5, Loss2 = 0.53986)
fval = -1163.6 (fval_original = -1433.5, Loss2 = 0.53986)
fval = -1163.6 (fval_original = -1433.5, Loss2 = 0.53986)
   42     528   -1.163616e+03    0.000e+00    1.603e+02    1.238e-03
fval = -1163.7 (fval_original = -1433.6, Loss2 = 0.53989)
fval = -1163.7 (fval_original = -1433.6, Loss2 = 0.53989)
fval = -1163.7 (fval_original = -1433.6, Loss2 = 0.53989)
fval = -1163.7 (fval_original = -1433.6, Loss2 = 0.53989)
fval = -1163.7 (fval_original = -1433.6, Loss2 = 0.53989)
fval = -1163.7 (fval_original = -1433.6, Loss2 = 0.53989)
fval = -1163.7 (fval_original = -1433.6, Loss2 = 0.53989)
fval = -1163.7 (fval_original = -1433.6, Loss2 = 0.53989)
fval = -1163.7 (fval_original = -1433.6, Loss2 = 0.53989)
fval = -1163.7 (fval_original = -1433.6, Loss2 = 0.53989)
fval = -1163.7 (fval_original = -1433.6, Loss2 = 0.53989)
   43     539   -1.163676e+03    0.000e+00    5.310e+02    2.996e-03
fval = -1163.8 (fval_original = -1433.6, Loss2 = 0.5396)
fval = -1163.8 (fval_original = -1433.6, Loss2 = 0.5396)
fval = -1163.8 (fval_original = -1433.6, Loss2 = 0.5396)
fval = -1163.8 (fval_original = -1433.6, Loss2 = 0.5396)
fval = -1163.8 (fval_original = -1433.6, Loss2 = 0.5396)
fval = -1163.8 (fval_original = -1433.6, Loss2 = 0.5396)
fval = -1163.8 (fval_original = -1433.6, Loss2 = 0.5396)
fval = -1163.8 (fval_original = -1433.6, Loss2 = 0.5396)
fval = -1163.8 (fval_original = -1433.6, Loss2 = 0.5396)
fval = -1163.8 (fval_original = -1433.6, Loss2 = 0.5396)
fval = -1163.8 (fval_original = -1433.6, Loss2 = 0.5396)
   44     550   -1.163790e+03    0.000e+00    9.320e+02    6.717e-03
fval = -1164 (fval_original = -1433.6, Loss2 = 0.53933)
fval = -1164 (fval_original = -1433.6, Loss2 = 0.53933)
fval = -1164 (fval_original = -1433.6, Loss2 = 0.53933)
fval = -1164 (fval_original = -1433.6, Loss2 = 0.53933)
fval = -1164 (fval_original = -1433.6, Loss2 = 0.53933)
fval = -1164 (fval_original = -1433.6, Loss2 = 0.53933)
fval = -1164 (fval_original = -1433.6, Loss2 = 0.53933)
fval = -1164 (fval_original = -1433.6, Loss2 = 0.53933)
fval = -1164 (fval_original = -1433.6, Loss2 = 0.53933)
fval = -1164 (fval_original = -1433.6, Loss2 = 0.53933)
fval = -1164 (fval_original = -1433.6, Loss2 = 0.53933)
   45     561   -1.163955e+03    0.000e+00    1.128e+03    1.043e-02
fval = -1164.2 (fval_original = -1434.2, Loss2 = 0.53986)
fval = -1164.2 (fval_original = -1434.2, Loss2 = 0.53986)
fval = -1164.2 (fval_original = -1434.2, Loss2 = 0.53986)
fval = -1164.2 (fval_original = -1434.2, Loss2 = 0.53986)
fval = -1164.2 (fval_original = -1434.2, Loss2 = 0.53986)
fval = -1164.2 (fval_original = -1434.2, Loss2 = 0.53986)
fval = -1164.2 (fval_original = -1434.2, Loss2 = 0.53986)
fval = -1164.2 (fval_original = -1434.2, Loss2 = 0.53986)
fval = -1164.2 (fval_original = -1434.2, Loss2 = 0.53986)
fval = -1164.2 (fval_original = -1434.2, Loss2 = 0.53986)
fval = -1164.2 (fval_original = -1434.2, Loss2 = 0.53986)
   46     572   -1.164233e+03    0.000e+00    8.682e+02    1.471e-02
fval = -1164.4 (fval_original = -1433.7, Loss2 = 0.53859)
fval = -1164.4 (fval_original = -1433.7, Loss2 = 0.53859)
fval = -1164.4 (fval_original = -1433.7, Loss2 = 0.53859)
fval = -1164.4 (fval_original = -1433.7, Loss2 = 0.53859)
fval = -1164.4 (fval_original = -1433.7, Loss2 = 0.53859)
fval = -1164.4 (fval_original = -1433.7, Loss2 = 0.53859)
fval = -1164.4 (fval_original = -1433.7, Loss2 = 0.53859)
fval = -1164.4 (fval_original = -1433.7, Loss2 = 0.53859)
fval = -1164.4 (fval_original = -1433.7, Loss2 = 0.53859)
fval = -1164.4 (fval_original = -1433.7, Loss2 = 0.53859)
fval = -1164.4 (fval_original = -1433.7, Loss2 = 0.53859)
   47     583   -1.164418e+03    0.000e+00    4.852e+02    8.730e-03
fval = -1164.3 (fval_original = -1436.1, Loss2 = 0.54357)
fval = -1164.5 (fval_original = -1435, Loss2 = 0.54101)
fval = -1164.5 (fval_original = -1435, Loss2 = 0.54101)
fval = -1164.5 (fval_original = -1435, Loss2 = 0.54101)
fval = -1164.5 (fval_original = -1435, Loss2 = 0.54101)
fval = -1164.5 (fval_original = -1435, Loss2 = 0.54101)
fval = -1164.5 (fval_original = -1435, Loss2 = 0.54101)
fval = -1164.5 (fval_original = -1435, Loss2 = 0.54101)
fval = -1164.5 (fval_original = -1435, Loss2 = 0.54101)
fval = -1164.5 (fval_original = -1435, Loss2 = 0.54101)
fval = -1164.5 (fval_original = -1435, Loss2 = 0.54101)
fval = -1164.5 (fval_original = -1435, Loss2 = 0.54101)
   48     595   -1.164476e+03    0.000e+00    2.869e+02    4.377e-03
fval = -1164.6 (fval_original = -1434.7, Loss2 = 0.54028)
fval = -1164.6 (fval_original = -1434.7, Loss2 = 0.54028)
fval = -1164.6 (fval_original = -1434.7, Loss2 = 0.54028)
fval = -1164.6 (fval_original = -1434.7, Loss2 = 0.54028)
fval = -1164.6 (fval_original = -1434.7, Loss2 = 0.54028)
fval = -1164.6 (fval_original = -1434.7, Loss2 = 0.54028)
fval = -1164.6 (fval_original = -1434.7, Loss2 = 0.54028)
fval = -1164.6 (fval_original = -1434.7, Loss2 = 0.54028)
fval = -1164.6 (fval_original = -1434.7, Loss2 = 0.54028)
fval = -1164.6 (fval_original = -1434.7, Loss2 = 0.54028)
fval = -1164.6 (fval_original = -1434.7, Loss2 = 0.54028)
   49     606   -1.164569e+03    0.000e+00    1.747e+02    4.639e-03
fval = -1164.6 (fval_original = -1433.6, Loss2 = 0.538)
fval = -1164.6 (fval_original = -1433.6, Loss2 = 0.538)
fval = -1164.6 (fval_original = -1433.6, Loss2 = 0.538)
fval = -1164.6 (fval_original = -1433.6, Loss2 = 0.538)
fval = -1164.6 (fval_original = -1433.6, Loss2 = 0.538)
fval = -1164.6 (fval_original = -1433.6, Loss2 = 0.538)
fval = -1164.6 (fval_original = -1433.6, Loss2 = 0.538)
fval = -1164.6 (fval_original = -1433.6, Loss2 = 0.538)
fval = -1164.6 (fval_original = -1433.6, Loss2 = 0.538)
fval = -1164.6 (fval_original = -1433.6, Loss2 = 0.538)
fval = -1164.6 (fval_original = -1433.6, Loss2 = 0.538)
   50     617   -1.164581e+03    0.000e+00    2.782e+02    8.253e-03
fval = -1164.7 (fval_original = -1435.1, Loss2 = 0.54073)
fval = -1164.7 (fval_original = -1435.1, Loss2 = 0.54073)
fval = -1164.7 (fval_original = -1435.1, Loss2 = 0.54073)
fval = -1164.7 (fval_original = -1435.1, Loss2 = 0.54073)
fval = -1164.7 (fval_original = -1435.1, Loss2 = 0.54073)
fval = -1164.7 (fval_original = -1435.1, Loss2 = 0.54073)
fval = -1164.7 (fval_original = -1435.1, Loss2 = 0.54073)
fval = -1164.7 (fval_original = -1435.1, Loss2 = 0.54073)
fval = -1164.7 (fval_original = -1435.1, Loss2 = 0.54073)
fval = -1164.7 (fval_original = -1435.1, Loss2 = 0.54073)
fval = -1164.7 (fval_original = -1435.1, Loss2 = 0.54073)
   51     628   -1.164719e+03    0.000e+00    3.892e+02    6.230e-03
fval = -1164.8 (fval_original = -1435.5, Loss2 = 0.54134)
fval = -1164.8 (fval_original = -1435.5, Loss2 = 0.54134)
fval = -1164.8 (fval_original = -1435.5, Loss2 = 0.54134)
fval = -1164.8 (fval_original = -1435.5, Loss2 = 0.54134)
fval = -1164.8 (fval_original = -1435.5, Loss2 = 0.54134)
fval = -1164.8 (fval_original = -1435.5, Loss2 = 0.54134)
fval = -1164.8 (fval_original = -1435.5, Loss2 = 0.54134)
fval = -1164.8 (fval_original = -1435.5, Loss2 = 0.54134)
fval = -1164.8 (fval_original = -1435.5, Loss2 = 0.54134)
fval = -1164.8 (fval_original = -1435.5, Loss2 = 0.54134)
fval = -1164.8 (fval_original = -1435.5, Loss2 = 0.54134)
   52     639   -1.164794e+03    0.000e+00    5.867e+02    3.366e-03
fval = -1164.9 (fval_original = -1435.2, Loss2 = 0.54063)
fval = -1164.9 (fval_original = -1435.2, Loss2 = 0.54063)
fval = -1164.9 (fval_original = -1435.2, Loss2 = 0.54063)
fval = -1164.9 (fval_original = -1435.2, Loss2 = 0.54063)
fval = -1164.9 (fval_original = -1435.2, Loss2 = 0.54063)
fval = -1164.9 (fval_original = -1435.2, Loss2 = 0.54063)
fval = -1164.9 (fval_original = -1435.2, Loss2 = 0.54063)
fval = -1164.9 (fval_original = -1435.2, Loss2 = 0.54063)
fval = -1164.9 (fval_original = -1435.2, Loss2 = 0.54063)
fval = -1164.9 (fval_original = -1435.2, Loss2 = 0.54063)
fval = -1164.9 (fval_original = -1435.2, Loss2 = 0.54063)
   53     650   -1.164909e+03    0.000e+00    3.300e+02    8.672e-03
fval = -1164.9 (fval_original = -1435.8, Loss2 = 0.54175)
fval = -1164.9 (fval_original = -1435.8, Loss2 = 0.54175)
fval = -1164.9 (fval_original = -1435.8, Loss2 = 0.54175)
fval = -1164.9 (fval_original = -1435.8, Loss2 = 0.54175)
fval = -1164.9 (fval_original = -1435.8, Loss2 = 0.54175)
fval = -1164.9 (fval_original = -1435.8, Loss2 = 0.54175)
fval = -1164.9 (fval_original = -1435.8, Loss2 = 0.54175)
fval = -1164.9 (fval_original = -1435.8, Loss2 = 0.54175)
fval = -1164.9 (fval_original = -1435.8, Loss2 = 0.54175)
fval = -1164.9 (fval_original = -1435.8, Loss2 = 0.54175)
fval = -1164.9 (fval_original = -1435.8, Loss2 = 0.54175)
   54     661   -1.164942e+03    0.000e+00    4.054e+02    1.037e-03
fval = -1165 (fval_original = -1436, Loss2 = 0.54195)
fval = -1165 (fval_original = -1436, Loss2 = 0.54195)
fval = -1165 (fval_original = -1436, Loss2 = 0.54195)
fval = -1165 (fval_original = -1436, Loss2 = 0.54195)
fval = -1165 (fval_original = -1436, Loss2 = 0.54195)
fval = -1165 (fval_original = -1436, Loss2 = 0.54195)
fval = -1165 (fval_original = -1436, Loss2 = 0.54195)
fval = -1165 (fval_original = -1436, Loss2 = 0.54195)
fval = -1165 (fval_original = -1436, Loss2 = 0.54195)
fval = -1165 (fval_original = -1436, Loss2 = 0.54195)
fval = -1165 (fval_original = -1436, Loss2 = 0.54195)
   55     672   -1.164976e+03    0.000e+00    3.001e+02    4.808e-03
fval = -1165 (fval_original = -1436.1, Loss2 = 0.54232)
fval = -1165 (fval_original = -1436.1, Loss2 = 0.54232)
fval = -1165 (fval_original = -1436.1, Loss2 = 0.54232)
fval = -1165 (fval_original = -1436.1, Loss2 = 0.54232)
fval = -1165 (fval_original = -1436.1, Loss2 = 0.54232)
fval = -1165 (fval_original = -1436.1, Loss2 = 0.54232)
fval = -1165 (fval_original = -1436.1, Loss2 = 0.54232)
fval = -1165 (fval_original = -1436.1, Loss2 = 0.54232)
fval = -1165 (fval_original = -1436.1, Loss2 = 0.54232)
fval = -1165 (fval_original = -1436.1, Loss2 = 0.54232)
fval = -1165 (fval_original = -1436.1, Loss2 = 0.54232)
   56     683   -1.164984e+03    0.000e+00    4.675e+02    2.907e-03
fval = -1165 (fval_original = -1436.2, Loss2 = 0.54247)
fval = -1165 (fval_original = -1436.2, Loss2 = 0.54247)
fval = -1165 (fval_original = -1436.2, Loss2 = 0.54247)
fval = -1165 (fval_original = -1436.2, Loss2 = 0.54247)
fval = -1165 (fval_original = -1436.2, Loss2 = 0.54247)
fval = -1165 (fval_original = -1436.2, Loss2 = 0.54247)
fval = -1165 (fval_original = -1436.2, Loss2 = 0.54247)
fval = -1165 (fval_original = -1436.2, Loss2 = 0.54247)
fval = -1165 (fval_original = -1436.2, Loss2 = 0.54247)
fval = -1165 (fval_original = -1436.2, Loss2 = 0.54247)
fval = -1165 (fval_original = -1436.2, Loss2 = 0.54247)
   57     694   -1.164985e+03    0.000e+00    5.507e+02    4.400e-04
fval = -1165 (fval_original = -1436.2, Loss2 = 0.54246)
fval = -1165 (fval_original = -1436.2, Loss2 = 0.54246)
fval = -1165 (fval_original = -1436.2, Loss2 = 0.54246)
fval = -1165 (fval_original = -1436.2, Loss2 = 0.54246)
fval = -1165 (fval_original = -1436.2, Loss2 = 0.54246)
fval = -1165 (fval_original = -1436.2, Loss2 = 0.54246)
fval = -1165 (fval_original = -1436.2, Loss2 = 0.54246)
fval = -1165 (fval_original = -1436.2, Loss2 = 0.54246)
fval = -1165 (fval_original = -1436.2, Loss2 = 0.54246)
fval = -1165 (fval_original = -1436.2, Loss2 = 0.54246)
fval = -1165 (fval_original = -1436.2, Loss2 = 0.54246)
   58     705   -1.164985e+03    0.000e+00    5.542e+02    2.075e-04
fval = -1165 (fval_original = -1436.2, Loss2 = 0.5425)
fval = -1165 (fval_original = -1436.2, Loss2 = 0.5425)
fval = -1165 (fval_original = -1436.2, Loss2 = 0.5425)
fval = -1165 (fval_original = -1436.2, Loss2 = 0.5425)
fval = -1165 (fval_original = -1436.2, Loss2 = 0.5425)
fval = -1165 (fval_original = -1436.2, Loss2 = 0.5425)
fval = -1165 (fval_original = -1436.2, Loss2 = 0.5425)
fval = -1165 (fval_original = -1436.2, Loss2 = 0.5425)
fval = -1165 (fval_original = -1436.2, Loss2 = 0.5425)
fval = -1165 (fval_original = -1436.2, Loss2 = 0.5425)
fval = -1165 (fval_original = -1436.2, Loss2 = 0.5425)
   59     716   -1.164985e+03    0.000e+00    5.622e+02    7.238e-05
fval = -1165 (fval_original = -1436.3, Loss2 = 0.54255)
fval = -1165 (fval_original = -1436.3, Loss2 = 0.54255)
fval = -1165 (fval_original = -1436.3, Loss2 = 0.54255)
fval = -1165 (fval_original = -1436.3, Loss2 = 0.54255)
fval = -1165 (fval_original = -1436.3, Loss2 = 0.54255)
fval = -1165 (fval_original = -1436.3, Loss2 = 0.54255)
fval = -1165 (fval_original = -1436.3, Loss2 = 0.54255)
fval = -1165 (fval_original = -1436.3, Loss2 = 0.54255)
fval = -1165 (fval_original = -1436.3, Loss2 = 0.54255)
fval = -1165 (fval_original = -1436.3, Loss2 = 0.54255)
fval = -1165 (fval_original = -1436.3, Loss2 = 0.54255)
   60     727   -1.164985e+03    0.000e+00    5.658e+02    1.742e-04
fval = -1165 (fval_original = -1436.3, Loss2 = 0.54266)
fval = -1165 (fval_original = -1436.3, Loss2 = 0.54266)
fval = -1165 (fval_original = -1436.3, Loss2 = 0.54266)
fval = -1165 (fval_original = -1436.3, Loss2 = 0.54266)
fval = -1165 (fval_original = -1436.3, Loss2 = 0.54266)
fval = -1165 (fval_original = -1436.3, Loss2 = 0.54266)
fval = -1165 (fval_original = -1436.3, Loss2 = 0.54266)
fval = -1165 (fval_original = -1436.3, Loss2 = 0.54266)
fval = -1165 (fval_original = -1436.3, Loss2 = 0.54266)
fval = -1165 (fval_original = -1436.3, Loss2 = 0.54266)
fval = -1165 (fval_original = -1436.3, Loss2 = 0.54266)

                                            First-order      Norm of
 Iter F-count            f(x)  Feasibility   optimality         step
   61     738   -1.164986e+03    0.000e+00    5.641e+02    3.381e-04
fval = -1165 (fval_original = -1436.4, Loss2 = 0.54279)
fval = -1165 (fval_original = -1436.4, Loss2 = 0.54279)
fval = -1165 (fval_original = -1436.4, Loss2 = 0.54279)
fval = -1165 (fval_original = -1436.4, Loss2 = 0.54279)
fval = -1165 (fval_original = -1436.4, Loss2 = 0.54279)
fval = -1165 (fval_original = -1436.4, Loss2 = 0.54279)
fval = -1165 (fval_original = -1436.4, Loss2 = 0.54279)
fval = -1165 (fval_original = -1436.4, Loss2 = 0.54279)
fval = -1165 (fval_original = -1436.4, Loss2 = 0.54279)
fval = -1165 (fval_original = -1436.4, Loss2 = 0.54279)
fval = -1165 (fval_original = -1436.4, Loss2 = 0.54279)
   62     749   -1.164989e+03    0.000e+00    5.554e+02    4.734e-04
fval = -1165 (fval_original = -1436.5, Loss2 = 0.54297)
fval = -1165 (fval_original = -1436.5, Loss2 = 0.54297)
fval = -1165 (fval_original = -1436.5, Loss2 = 0.54297)
fval = -1165 (fval_original = -1436.5, Loss2 = 0.54297)
fval = -1165 (fval_original = -1436.5, Loss2 = 0.54297)
fval = -1165 (fval_original = -1436.5, Loss2 = 0.54297)
fval = -1165 (fval_original = -1436.5, Loss2 = 0.54297)
fval = -1165 (fval_original = -1436.5, Loss2 = 0.54297)
fval = -1165 (fval_original = -1436.5, Loss2 = 0.54297)
fval = -1165 (fval_original = -1436.5, Loss2 = 0.54297)
fval = -1165 (fval_original = -1436.5, Loss2 = 0.54297)
   63     760   -1.164996e+03    0.000e+00    5.337e+02    7.200e-04
fval = -1165 (fval_original = -1436.6, Loss2 = 0.5431)
fval = -1165 (fval_original = -1436.6, Loss2 = 0.5431)
fval = -1165 (fval_original = -1436.6, Loss2 = 0.5431)
fval = -1165 (fval_original = -1436.6, Loss2 = 0.5431)
fval = -1165 (fval_original = -1436.6, Loss2 = 0.5431)
fval = -1165 (fval_original = -1436.6, Loss2 = 0.5431)
fval = -1165 (fval_original = -1436.6, Loss2 = 0.5431)
fval = -1165 (fval_original = -1436.6, Loss2 = 0.5431)
fval = -1165 (fval_original = -1436.6, Loss2 = 0.5431)
fval = -1165 (fval_original = -1436.6, Loss2 = 0.5431)
fval = -1165 (fval_original = -1436.6, Loss2 = 0.5431)
   64     771   -1.165013e+03    0.000e+00    4.858e+02    1.162e-03
fval = -1165.1 (fval_original = -1436.5, Loss2 = 0.54293)
fval = -1165.1 (fval_original = -1436.5, Loss2 = 0.54293)
fval = -1165.1 (fval_original = -1436.5, Loss2 = 0.54293)
fval = -1165.1 (fval_original = -1436.5, Loss2 = 0.54293)
fval = -1165.1 (fval_original = -1436.5, Loss2 = 0.54293)
fval = -1165.1 (fval_original = -1436.5, Loss2 = 0.54293)
fval = -1165.1 (fval_original = -1436.5, Loss2 = 0.54293)
fval = -1165.1 (fval_original = -1436.5, Loss2 = 0.54293)
fval = -1165.1 (fval_original = -1436.5, Loss2 = 0.54293)
fval = -1165.1 (fval_original = -1436.5, Loss2 = 0.54293)
fval = -1165.1 (fval_original = -1436.5, Loss2 = 0.54293)
   65     782   -1.165052e+03    0.000e+00    3.850e+02    2.348e-03
fval = -1160.3 (fval_original = -1436.3, Loss2 = 0.55192)
fval = -1164.3 (fval_original = -1436.4, Loss2 = 0.5442)
fval = -1165.1 (fval_original = -1436.5, Loss2 = 0.54278)
fval = -1165.1 (fval_original = -1436.5, Loss2 = 0.54278)
fval = -1165.1 (fval_original = -1436.5, Loss2 = 0.54278)
fval = -1165.1 (fval_original = -1436.5, Loss2 = 0.54278)
fval = -1165.1 (fval_original = -1436.5, Loss2 = 0.54278)
fval = -1165.1 (fval_original = -1436.5, Loss2 = 0.54278)
fval = -1165.1 (fval_original = -1436.5, Loss2 = 0.54278)
fval = -1165.1 (fval_original = -1436.5, Loss2 = 0.54278)
fval = -1165.1 (fval_original = -1436.5, Loss2 = 0.54278)
fval = -1165.1 (fval_original = -1436.5, Loss2 = 0.54278)
fval = -1165.1 (fval_original = -1436.5, Loss2 = 0.54278)
   66     795   -1.165072e+03    0.000e+00    3.629e+02    1.050e-03
fval = -1153.5 (fval_original = -1435.9, Loss2 = 0.56481)
fval = -1159.9 (fval_original = -1436.2, Loss2 = 0.55256)
fval = -1163.1 (fval_original = -1436.3, Loss2 = 0.54644)
fval = -1164.7 (fval_original = -1436.4, Loss2 = 0.54339)
fval = -1154.5 (fval_original = -1436, Loss2 = 0.563)
fval = -1154.4 (fval_original = -1436, Loss2 = 0.56329)
fval = -1156.5 (fval_original = -1435.9, Loss2 = 0.55879)
fval = -1158.1 (fval_original = -1436, Loss2 = 0.55572)
fval = -1162.2 (fval_original = -1436.2, Loss2 = 0.548)
fval = -1164.3 (fval_original = -1436.3, Loss2 = 0.54416)
fval = -1165.1 (fval_original = -1436.4, Loss2 = 0.54264)
fval = -1165.1 (fval_original = -1436.4, Loss2 = 0.54264)
fval = -1165.1 (fval_original = -1436.4, Loss2 = 0.54264)
fval = -1165.1 (fval_original = -1436.4, Loss2 = 0.54264)
fval = -1165.1 (fval_original = -1436.4, Loss2 = 0.54264)
fval = -1165.1 (fval_original = -1436.4, Loss2 = 0.54264)
fval = -1165.1 (fval_original = -1436.4, Loss2 = 0.54264)
fval = -1165.1 (fval_original = -1436.4, Loss2 = 0.54264)
fval = -1165.1 (fval_original = -1436.4, Loss2 = 0.54264)
fval = -1165.1 (fval_original = -1436.4, Loss2 = 0.54264)
fval = -1165.1 (fval_original = -1436.4, Loss2 = 0.54264)
   67     816   -1.165086e+03    0.000e+00    3.505e+02    3.260e-04
fval = -1148.5 (fval_original = -1435.3, Loss2 = 0.57344)
fval = -1164.3 (fval_original = -1436.3, Loss2 = 0.54412)
fval = -1164.8 (fval_original = -1436.4, Loss2 = 0.54318)
fval = -1165 (fval_original = -1436.4, Loss2 = 0.54272)
fval = -1158.2 (fval_original = -1436, Loss2 = 0.5556)
fval = -1161.7 (fval_original = -1436.2, Loss2 = 0.54891)
fval = -1163.5 (fval_original = -1436.3, Loss2 = 0.54557)
fval = -1164.4 (fval_original = -1436.4, Loss2 = 0.54391)
fval = -1164.8 (fval_original = -1436.4, Loss2 = 0.54308)
fval = -1165.1 (fval_original = -1436.4, Loss2 = 0.54266)
fval = -1165.1 (fval_original = -1436.4, Loss2 = 0.54262)
fval = -1165.1 (fval_original = -1436.4, Loss2 = 0.54262)
fval = -1165.1 (fval_original = -1436.4, Loss2 = 0.54262)
fval = -1165.1 (fval_original = -1436.4, Loss2 = 0.54262)
fval = -1165.1 (fval_original = -1436.4, Loss2 = 0.54262)
fval = -1165.1 (fval_original = -1436.4, Loss2 = 0.54262)
fval = -1165.1 (fval_original = -1436.4, Loss2 = 0.54262)
fval = -1165.1 (fval_original = -1436.4, Loss2 = 0.54262)
fval = -1165.1 (fval_original = -1436.4, Loss2 = 0.54262)
fval = -1165.1 (fval_original = -1436.4, Loss2 = 0.54262)
fval = -1165.1 (fval_original = -1436.4, Loss2 = 0.54262)
   68     837   -1.165087e+03    0.000e+00    3.536e+02    3.557e-05
fval = -1148.3 (fval_original = -1435.2, Loss2 = 0.57392)
fval = -1165.1 (fval_original = -1436.4, Loss2 = 0.54266)
fval = -1165.1 (fval_original = -1436.4, Loss2 = 0.54261)
fval = -1165.1 (fval_original = -1436.4, Loss2 = 0.54261)
fval = -1165.1 (fval_original = -1436.4, Loss2 = 0.54261)
fval = -1165.1 (fval_original = -1436.4, Loss2 = 0.54261)
fval = -1165.1 (fval_original = -1436.4, Loss2 = 0.54261)
fval = -1165.1 (fval_original = -1436.4, Loss2 = 0.54261)
fval = -1165.1 (fval_original = -1436.4, Loss2 = 0.54261)
fval = -1165.1 (fval_original = -1436.4, Loss2 = 0.54261)
fval = -1165.1 (fval_original = -1436.4, Loss2 = 0.54261)
fval = -1165.1 (fval_original = -1436.4, Loss2 = 0.54261)
fval = -1165.1 (fval_original = -1436.4, Loss2 = 0.54261)
   69     850   -1.165088e+03    0.000e+00    3.532e+02    3.436e-05
fval = -1147.4 (fval_original = -1434.7, Loss2 = 0.57466)
fval = -1156.2 (fval_original = -1435.6, Loss2 = 0.55865)
fval = -1160.7 (fval_original = -1436, Loss2 = 0.55061)
fval = -1162.9 (fval_original = -1436.2, Loss2 = 0.54659)
fval = -1164.3 (fval_original = -1436.3, Loss2 = 0.54401)
fval = -1164.7 (fval_original = -1436.4, Loss2 = 0.54328)
fval = -1164.9 (fval_original = -1436.4, Loss2 = 0.54292)
fval = -1165 (fval_original = -1436.4, Loss2 = 0.54274)
fval = -1165.1 (fval_original = -1436.4, Loss2 = 0.54265)
fval = -1165.1 (fval_original = -1436.4, Loss2 = 0.54261)
fval = -1165.1 (fval_original = -1436.4, Loss2 = 0.54261)
fval = -1165.1 (fval_original = -1436.4, Loss2 = 0.54261)
fval = -1165.1 (fval_original = -1436.4, Loss2 = 0.54261)
fval = -1165.1 (fval_original = -1436.4, Loss2 = 0.54261)
fval = -1165.1 (fval_original = -1436.4, Loss2 = 0.54261)
fval = -1165.1 (fval_original = -1436.4, Loss2 = 0.54261)
fval = -1165.1 (fval_original = -1436.4, Loss2 = 0.54261)
fval = -1165.1 (fval_original = -1436.4, Loss2 = 0.54261)
fval = -1165.1 (fval_original = -1436.4, Loss2 = 0.54261)
fval = -1165.1 (fval_original = -1436.4, Loss2 = 0.54261)
   70     870   -1.165088e+03    0.000e+00    3.539e+02    7.778e-06
fval = -1149 (fval_original = -1435.1, Loss2 = 0.57211)
fval = -1165.1 (fval_original = -1436.4, Loss2 = 0.54263)
fval = -1165.1 (fval_original = -1436.4, Loss2 = 0.54262)
fval = -1165.1 (fval_original = -1436.4, Loss2 = 0.54261)
fval = -1164.9 (fval_original = -1436.4, Loss2 = 0.54292)
fval = -1165 (fval_original = -1436.4, Loss2 = 0.54276)
fval = -1165 (fval_original = -1436.4, Loss2 = 0.54268)
fval = -1165.1 (fval_original = -1436.4, Loss2 = 0.54264)
fval = -1165.1 (fval_original = -1436.4, Loss2 = 0.54262)
fval = -1165.1 (fval_original = -1436.4, Loss2 = 0.54261)
fval = -1165.1 (fval_original = -1436.4, Loss2 = 0.54261)
fval = -1165.1 (fval_original = -1436.4, Loss2 = 0.54261)
fval = -1165.1 (fval_original = -1436.4, Loss2 = 0.54261)
fval = -1165.1 (fval_original = -1436.4, Loss2 = 0.54261)
fval = -1165.1 (fval_original = -1436.4, Loss2 = 0.54261)
fval = -1165.1 (fval_original = -1436.4, Loss2 = 0.54261)
fval = -1165.1 (fval_original = -1436.4, Loss2 = 0.54261)
fval = -1165.1 (fval_original = -1436.4, Loss2 = 0.54261)
fval = -1165.1 (fval_original = -1436.4, Loss2 = 0.54261)
fval = -1165.1 (fval_original = -1436.4, Loss2 = 0.54261)
fval = -1165.1 (fval_original = -1436.4, Loss2 = 0.54261)
   71     891   -1.165088e+03    0.000e+00    3.540e+02    8.506e-07

<a href = "matlab: helpview([docroot '/toolbox/optim/msg_csh/optim_msg_csh.map'],'local_min_poss_with_constr','CSHelpWindow');">Local minimum possible. Constraints satisfied</a>.

fmincon stopped because the <a href = "matlab: helpview([docroot '/toolbox/optim/msg_csh/optim_msg_csh.map'],'norm_curr_step_simple_fminconip','CSHelpWindow');">size of the current step</a> is less than
the selected value of the <a href = "matlab: helpview([docroot '/toolbox/optim/msg_csh/optim_msg_csh.map'],'step_size_tol','CSHelpWindow');">step size tolerance</a> and constraints are 
satisfied to within the default value of the <a href = "matlab: helpview([docroot '/toolbox/optim/msg_csh/optim_msg_csh.map'],'constraint_tolerance','CSHelpWindow');">constraint tolerance</a>.

<<a href = "matlab: createExitMsg('barrier',2.000000e+00,true,true,'fmincon',8.235918e-07,'selected',1.000000e-06,0.000000e+00,'default',1.000000e-06,0.000000e+00,'',0.000000e+00);">stopping criteria details</a>>

fval = -941.63 (fval_original = -1212.9, Loss2 = 0.54261)
fval = -943.1 (fval_original = -1214.9, Loss2 = 0.54356)
fval = -939.94 (fval_original = -1211, Loss2 = 0.54209)
fval = -943.68 (fval_original = -1214.5, Loss2 = 0.54163)
fval = -933.88 (fval_original = -1208.2, Loss2 = 0.54856)
fval = -941.52 (fval_original = -1212.7, Loss2 = 0.54236)
fval = -941.61 (fval_original = -1213.2, Loss2 = 0.54312)
fval = -998.01 (fval_original = -1268.6, Loss2 = 0.54124)
fval = -869.41 (fval_original = -1141.7, Loss2 = 0.54457)
fval = -933.49 (fval_original = -1205.6, Loss2 = 0.54419)
fval = -948.78 (fval_original = -1219.9, Loss2 = 0.54228)
fval = -941.54 (fval_original = -1212.9, Loss2 = 0.54265)
fval = -941.69 (fval_original = -1213, Loss2 = 0.54265)
fval = -940.4 (fval_original = -1211.7, Loss2 = 0.5426)
fval = -942.83 (fval_original = -1214.2, Loss2 = 0.54269)
fval = -940.77 (fval_original = -1212.8, Loss2 = 0.5441)
fval = -941.71 (fval_original = -1213.1, Loss2 = 0.54271)
fval = -931.02 (fval_original = -1199.6, Loss2 = 0.5371)
fval = -949.63 (fval_original = -1225.6, Loss2 = 0.55188)
fval = -941.56 (fval_original = -1212.9, Loss2 = 0.54272)
fval = -941.68 (fval_original = -1213, Loss2 = 0.54255)
fval = -945.41 (fval_original = -1216.4, Loss2 = 0.54204)
fval = -932.49 (fval_original = -1206.2, Loss2 = 0.54744)
fval = -943.11 (fval_original = -1214.6, Loss2 = 0.54305)
fval = -940.05 (fval_original = -1211.2, Loss2 = 0.54233)
fval = -998.98 (fval_original = -1269.9, Loss2 = 0.54189)
fval = -866.94 (fval_original = -1138.8, Loss2 = 0.54365)
fval = -935.22 (fval_original = -1207.6, Loss2 = 0.54472)
fval = -947.35 (fval_original = -1218, Loss2 = 0.54135)
fval = -943 (fval_original = -1214.8, Loss2 = 0.5436)
fval = -940 (fval_original = -1211.1, Loss2 = 0.54213)
fval = -941.91 (fval_original = -1213.6, Loss2 = 0.54348)
fval = -941.18 (fval_original = -1212.2, Loss2 = 0.54209)
fval = -942.45 (fval_original = -1214.8, Loss2 = 0.54462)
fval = -940.22 (fval_original = -1211.1, Loss2 = 0.54177)
fval = -932.52 (fval_original = -1201.5, Loss2 = 0.53795)
fval = -947.91 (fval_original = -1223.6, Loss2 = 0.55141)
fval = -943.05 (fval_original = -1214.9, Loss2 = 0.54362)
fval = -940.02 (fval_original = -1211, Loss2 = 0.54197)
fval = -943.6 (fval_original = -1214.3, Loss2 = 0.54132)
fval = -933.88 (fval_original = -1208.4, Loss2 = 0.54903)
fval = -999.99 (fval_original = -1270.1, Loss2 = 0.54013)
fval = -861.59 (fval_original = -1136.7, Loss2 = 0.55032)
fval = -935.56 (fval_original = -1207.2, Loss2 = 0.54318)
fval = -941.02 (fval_original = -1215.2, Loss2 = 0.54828)
fval = -943.62 (fval_original = -1214.4, Loss2 = 0.54159)
fval = -933.98 (fval_original = -1208.2, Loss2 = 0.54852)
fval = -942.41 (fval_original = -1213.3, Loss2 = 0.5417)
fval = -935.05 (fval_original = -1209.4, Loss2 = 0.5487)
fval = -942.82 (fval_original = -1214.4, Loss2 = 0.54311)
fval = -933.96 (fval_original = -1208.3, Loss2 = 0.54865)
fval = -933.41 (fval_original = -1201.1, Loss2 = 0.53548)
fval = -942.61 (fval_original = -1220.8, Loss2 = 0.55642)
fval = -943.6 (fval_original = -1214.5, Loss2 = 0.54175)
fval = -933.93 (fval_original = -1208.2, Loss2 = 0.5485)
fval = -997.89 (fval_original = -1268.4, Loss2 = 0.54099)
fval = -869.38 (fval_original = -1141.9, Loss2 = 0.54508)
fval = -933.38 (fval_original = -1205.4, Loss2 = 0.54394)
fval = -948.77 (fval_original = -1220.2, Loss2 = 0.54279)
fval = -941.46 (fval_original = -1212.6, Loss2 = 0.54232)
fval = -941.71 (fval_original = -1213.2, Loss2 = 0.54309)
fval = -940.28 (fval_original = -1211.5, Loss2 = 0.54236)
fval = -942.8 (fval_original = -1214.4, Loss2 = 0.5432)
fval = -940.65 (fval_original = -1212.6, Loss2 = 0.54385)
fval = -941.68 (fval_original = -1213.3, Loss2 = 0.54322)
fval = -931.01 (fval_original = -1199.3, Loss2 = 0.53664)
fval = -949.77 (fval_original = -1225.8, Loss2 = 0.55208)
fval = -941.44 (fval_original = -1212.7, Loss2 = 0.54248)
fval = -941.66 (fval_original = -1213.2, Loss2 = 0.54306)
fval = -991.44 (fval_original = -1262.9, Loss2 = 0.54283)
fval = -878.44 (fval_original = -1150.6, Loss2 = 0.54424)
fval = -997.97 (fval_original = -1268.6, Loss2 = 0.54119)
fval = -869.52 (fval_original = -1141.8, Loss2 = 0.54453)
fval = -997.01 (fval_original = -1267.6, Loss2 = 0.54123)
fval = -870.89 (fval_original = -1143.2, Loss2 = 0.54464)
fval = -997.16 (fval_original = -1268.5, Loss2 = 0.54273)
fval = -869.51 (fval_original = -1141.8, Loss2 = 0.54466)
fval = -992.08 (fval_original = -1259.7, Loss2 = 0.53526)
fval = -883.89 (fval_original = -1160.5, Loss2 = 0.55311)
fval = -997.94 (fval_original = -1268.6, Loss2 = 0.54135)
fval = -869.46 (fval_original = -1141.7, Loss2 = 0.54451)
fval = -933.43 (fval_original = -1205.5, Loss2 = 0.54414)
fval = -948.88 (fval_original = -1220, Loss2 = 0.54224)
fval = -932.22 (fval_original = -1204.3, Loss2 = 0.54417)
fval = -949.94 (fval_original = -1221.1, Loss2 = 0.54236)
fval = -932.61 (fval_original = -1205.5, Loss2 = 0.54569)
fval = -948.85 (fval_original = -1220, Loss2 = 0.54238)
fval = -923.14 (fval_original = -1191.8, Loss2 = 0.53741)
fval = -957.07 (fval_original = -1232.2, Loss2 = 0.55029)
fval = -933.41 (fval_original = -1205.6, Loss2 = 0.54431)
fval = -948.83 (fval_original = -1219.9, Loss2 = 0.54222)
fval = -940.34 (fval_original = -1211.6, Loss2 = 0.54257)
fval = -942.91 (fval_original = -1214.2, Loss2 = 0.54267)
fval = -940.71 (fval_original = -1212.7, Loss2 = 0.54405)
fval = -941.8 (fval_original = -1213.1, Loss2 = 0.54267)
fval = -930.92 (fval_original = -1199.5, Loss2 = 0.53714)
fval = -949.68 (fval_original = -1225.6, Loss2 = 0.55193)
fval = -941.49 (fval_original = -1212.8, Loss2 = 0.54271)
fval = -941.76 (fval_original = -1213, Loss2 = 0.54254)
fval = -939.53 (fval_original = -1211.6, Loss2 = 0.54409)
fval = -942.9 (fval_original = -1214.3, Loss2 = 0.54278)
fval = -929.75 (fval_original = -1198.3, Loss2 = 0.53705)
fval = -950.8 (fval_original = -1226.8, Loss2 = 0.55191)
fval = -940.32 (fval_original = -1211.7, Loss2 = 0.54272)
fval = -942.88 (fval_original = -1214.2, Loss2 = 0.54263)
fval = -930.95 (fval_original = -1199.4, Loss2 = 0.537)
fval = -950.5 (fval_original = -1225.7, Loss2 = 0.55038)
fval = -940.69 (fval_original = -1212.8, Loss2 = 0.54422)
fval = -941.75 (fval_original = -1213.1, Loss2 = 0.54265)
fval = -930.98 (fval_original = -1199.6, Loss2 = 0.53716)
fval = -949.71 (fval_original = -1225.6, Loss2 = 0.55177)

POSTERIOR KERNEL OPTIMIZATION PROBLEM!
 (minus) the hessian matrix at the "mode" is not positive definite!
=> posterior variance of the estimated parameters are not positive.
You should try to change the initial values of the parameters using
the estimated_params_init block, or use another optimization routine.
[Warning: The results below are most likely wrong!] 
[> In <a href="matlab:matlab.internal.language.introspective.errorDocCallback('dynare_estimation_1', 'C:\dynare\4.4.3\matlab\dynare_estimation_1.m', 694)" style="font-weight:bold">dynare_estimation_1</a> (<a href="matlab: opentoline('C:\dynare\4.4.3\matlab\dynare_estimation_1.m',694,0)">line 694</a>)
  In <a href="matlab:matlab.internal.language.introspective.errorDocCallback('dynare_estimation', 'C:\dynare\4.4.3\matlab\dynare_estimation.m', 89)" style="font-weight:bold">dynare_estimation</a> (<a href="matlab: opentoline('C:\dynare\4.4.3\matlab\dynare_estimation.m',89,0)">line 89</a>)
  In <a href="matlab:matlab.internal.language.introspective.errorDocCallback('ireland', 'C:\Users\pedm\Documents\EllisonAscariProject\Ireland2010\ireland.m', 251)" style="font-weight:bold">ireland</a> (<a href="matlab: opentoline('C:\Users\pedm\Documents\EllisonAscariProject\Ireland2010\ireland.m',251,0)">line 251</a>)
  In <a href="matlab:matlab.internal.language.introspective.errorDocCallback('dynare', 'C:\dynare\4.4.3\matlab\dynare.m', 180)" style="font-weight:bold">dynare</a> (<a href="matlab: opentoline('C:\dynare\4.4.3\matlab\dynare.m',180,0)">line 180</a>)] 

RESULTS FROM MAXIMUM LIKELIHOOD ESTIMATION
parameters
          Estimate    s.d. t-stat

gamma       0.7988  0.0000  0.0000 
alpha       0.0016  0.0000  0.0000 
rhop        0.5105  0.0036 143.5579 
rhog        0.0981  0.0001 944.7941 
rhoa        0.9575  0.0000  0.0000 
rhoe        0.0009  0.0004  1.9309 

standard deviation of shocks
          Estimate    s.d. t-stat

epsilon_a   0.0337  0.0000  0.0000 
epsilon_e   0.0023  0.0001 22.4273 
epsilon_z   0.0389  0.0004 105.6725 
epsilon_r   0.0016  0.0000  0.0000 

Loading 108 observations from IrelandData.mat

ans =
   1.0e-03 *
    0.9485    0.0192    0.2263    0.0024
    0.0192    0.0028    0.0030   -0.0007
    0.2263    0.0030    0.9771   -0.0049
    0.0024   -0.0007   -0.0049    0.0023
V =
    1.0000    0.3729    0.2351    0.0507
    0.3729    1.0000    0.0580   -0.2982
    0.2351    0.0580    1.0000   -0.1038
    0.0507   -0.2982   -0.1038    1.0000
DegreeContemporaneousCC =
    0.5426
Total computing time : 0h00m21s
Note: warning(s) encountered in MATLAB/Octave code
