Starting Dynare (version 4.4.3).
Starting preprocessing of the model file ...
Found 10 equation(s).
Evaluating expressions...done
Computing static model derivatives:
 - order 1
Computing dynamic model derivatives:
 - order 1
 - order 2
Processing outputs ...done
Preprocessing completed.
Starting MATLAB/Octave computing.

STEADY-STATE RESULTS:

a      		 0
y      		 0
lambda 		 0
r      		 0
pi     		 0
e      		 0
g      		 0
zhat   		 0
q      		 0
x      		 0

EIGENVALUES:
         Modulus             Real        Imaginary

               0                0                0
               0                0                0
          0.3536           0.3536                0
          0.3886           0.3886                0
          0.6762           0.6762                0
          0.9797           0.9797                0
           1.303            1.284            0.223
           1.303            1.284           -0.223
           2.469            2.469                0
           2.577            2.577                0


There are 4 eigenvalue(s) larger than 1 in modulus 
for 4 forward-looking variable(s)

The rank condition is verified.


You did not declare endogenous variables after the estimation/calib_smoother command.

Loading 108 observations from IrelandData.mat

fval = 3649.8 (fval_original = -1143.5, Loss2 = 0.95867)
Initial value of the log posterior (or likelihood): -3649.817
fval = 3649.8 (fval_original = -1143.5, Loss2 = 0.95867)
fval = 3649.8 (fval_original = -1143.5, Loss2 = 0.95867)
fval = 3649.8 (fval_original = -1143.5, Loss2 = 0.95865)
fval = 3649.8 (fval_original = -1143.5, Loss2 = 0.95867)
fval = 3649.8 (fval_original = -1143.5, Loss2 = 0.95867)
fval = 3649.8 (fval_original = -1143.5, Loss2 = 0.95867)
fval = 3649.8 (fval_original = -1143.5, Loss2 = 0.95867)
fval = 3649.8 (fval_original = -1143.5, Loss2 = 0.95867)
fval = 3649.8 (fval_original = -1143.5, Loss2 = 0.95867)
fval = 3649.8 (fval_original = -1143.5, Loss2 = 0.95867)
fval = 3649.8 (fval_original = -1143.5, Loss2 = 0.95867)
                                            First-order      Norm of
 Iter F-count            f(x)  Feasibility   optimality         step
    0      11    3.649817e+03    0.000e+00    3.811e+06
fval = 1.5724e+06 (fval_original = 1.5624e+06, Loss2 = 2.0038)
fval = 3.8991e+05 (fval_original = 3.8014e+05, Loss2 = 1.9533)
fval = 1.0239e+05 (fval_original = 93234, Loss2 = 1.8309)
fval = 30779 (fval_original = 22420, Loss2 = 1.6718)
fval = 4556.1 (fval_original = -542.78, Loss2 = 1.0198)
fval = 4200.5 (fval_original = -1208.5, Loss2 = 1.0818)
fval = 3687.7 (fval_original = -1244.6, Loss2 = 0.98646)
fval = 3204.9 (fval_original = -1217, Loss2 = 0.88437)
fval = 3204.9 (fval_original = -1217, Loss2 = 0.88437)
fval = 3204.8 (fval_original = -1217, Loss2 = 0.88436)
fval = 3204.9 (fval_original = -1217, Loss2 = 0.88437)
fval = 3204.9 (fval_original = -1217, Loss2 = 0.88437)
fval = 3204.9 (fval_original = -1217, Loss2 = 0.88437)
fval = 3204.9 (fval_original = -1217, Loss2 = 0.88437)
fval = 3204.9 (fval_original = -1217, Loss2 = 0.88437)
fval = 3204.9 (fval_original = -1217, Loss2 = 0.88437)
fval = 3204.9 (fval_original = -1217, Loss2 = 0.88437)
fval = 3204.9 (fval_original = -1217, Loss2 = 0.88437)
    1      29    3.204868e+03    0.000e+00    2.419e+06    3.110e-01
fval = 3133.1 (fval_original = -1291.6, Loss2 = 0.88496)
fval = 3133.1 (fval_original = -1291.6, Loss2 = 0.88496)
fval = 3133.1 (fval_original = -1291.7, Loss2 = 0.88496)
fval = 3133.1 (fval_original = -1291.6, Loss2 = 0.88496)
fval = 3133.1 (fval_original = -1291.6, Loss2 = 0.88496)
fval = 3133.1 (fval_original = -1291.6, Loss2 = 0.88496)
fval = 3133.1 (fval_original = -1291.6, Loss2 = 0.88496)
fval = 3133.1 (fval_original = -1291.6, Loss2 = 0.88496)
fval = 3133.1 (fval_original = -1291.6, Loss2 = 0.88496)
fval = 3133.1 (fval_original = -1291.6, Loss2 = 0.88496)
fval = 3133.1 (fval_original = -1291.6, Loss2 = 0.88496)
    2      41    3.133144e+03    0.000e+00    1.988e+05    6.615e-02
fval = 8.7214e+06 (fval_original = 8.713e+06, Loss2 = 1.692)
fval = 5052.6 (fval_original = -1223.4, Loss2 = 1.2552)
fval = 3857.8 (fval_original = -1348.3, Loss2 = 1.0412)
fval = 3107.5 (fval_original = -1329.1, Loss2 = 0.88732)
fval = 3107.5 (fval_original = -1329.1, Loss2 = 0.88732)
fval = 3107.5 (fval_original = -1329.1, Loss2 = 0.88733)
fval = 3107.5 (fval_original = -1329.1, Loss2 = 0.88732)
fval = 3107.5 (fval_original = -1329.1, Loss2 = 0.88732)
fval = 3107.5 (fval_original = -1329.1, Loss2 = 0.88732)
fval = 3107.5 (fval_original = -1329.1, Loss2 = 0.88732)
fval = 3107.5 (fval_original = -1329.1, Loss2 = 0.88732)
fval = 3107.5 (fval_original = -1329.1, Loss2 = 0.88732)
fval = 3107.5 (fval_original = -1329.1, Loss2 = 0.88732)
fval = 3107.5 (fval_original = -1329.1, Loss2 = 0.88732)
    3      55    3.107472e+03    0.000e+00    1.471e+06    9.775e-02
fval = 9.9893e+05 (fval_original = 9.945e+05, Loss2 = 0.88566)
fval = 3106.7 (fval_original = -1328.2, Loss2 = 0.88697)
fval = 3106.7 (fval_original = -1328.2, Loss2 = 0.88697)
fval = 3106.7 (fval_original = -1328.2, Loss2 = 0.88697)
fval = 3106.7 (fval_original = -1328.2, Loss2 = 0.88697)
fval = 3106.7 (fval_original = -1328.2, Loss2 = 0.88697)
fval = 3106.7 (fval_original = -1328.2, Loss2 = 0.88697)
fval = 3106.7 (fval_original = -1328.2, Loss2 = 0.88697)
fval = 3106.7 (fval_original = -1328.2, Loss2 = 0.88697)
fval = 3106.7 (fval_original = -1328.2, Loss2 = 0.88697)
fval = 3106.7 (fval_original = -1328.2, Loss2 = 0.88697)
fval = 3106.7 (fval_original = -1328.2, Loss2 = 0.88697)
    4      67    3.106664e+03    0.000e+00    1.470e+06    7.599e-03
fval = 5.0825e+07 (fval_original = 5.082e+07, Loss2 = 1.0997)
fval = 8727.8 (fval_original = 992.69, Loss2 = 1.547)
fval = 3975.7 (fval_original = -987.89, Loss2 = 0.99272)
fval = 3137.4 (fval_original = -1246.3, Loss2 = 0.87673)
fval = 7300.8 (fval_original = -803.15, Loss2 = 1.6208)
fval = 3171.4 (fval_original = -1230.7, Loss2 = 0.88041)
fval = 3091.3 (fval_original = -1308.1, Loss2 = 0.87988)
fval = 3091.3 (fval_original = -1308.1, Loss2 = 0.87988)
fval = 3091.3 (fval_original = -1308.1, Loss2 = 0.87988)
fval = 3091.3 (fval_original = -1308.1, Loss2 = 0.87988)
fval = 3091.3 (fval_original = -1308.1, Loss2 = 0.87988)
fval = 3091.3 (fval_original = -1308.1, Loss2 = 0.87988)
fval = 3091.3 (fval_original = -1308.1, Loss2 = 0.87988)
fval = 3091.3 (fval_original = -1308.1, Loss2 = 0.87988)
fval = 3091.3 (fval_original = -1308.1, Loss2 = 0.87988)
fval = 3091.3 (fval_original = -1308.1, Loss2 = 0.87988)
fval = 3091.3 (fval_original = -1308.1, Loss2 = 0.87988)
    5      85    3.091262e+03    0.000e+00    5.493e+04    1.095e-01
fval = 3806.9 (fval_original = -560.31, Loss2 = 0.87343)
fval = 3058.8 (fval_original = -1344.5, Loss2 = 0.88066)
fval = 3058.8 (fval_original = -1344.5, Loss2 = 0.88066)
fval = 3058.8 (fval_original = -1344.5, Loss2 = 0.88066)
fval = 3058.8 (fval_original = -1344.5, Loss2 = 0.88066)
fval = 3058.8 (fval_original = -1344.5, Loss2 = 0.88066)
fval = 3058.8 (fval_original = -1344.5, Loss2 = 0.88066)
fval = 3058.8 (fval_original = -1344.5, Loss2 = 0.88066)
fval = 3058.8 (fval_original = -1344.5, Loss2 = 0.88066)
fval = 3058.8 (fval_original = -1344.5, Loss2 = 0.88066)
fval = 3058.8 (fval_original = -1344.5, Loss2 = 0.88066)
fval = 3058.8 (fval_original = -1344.5, Loss2 = 0.88066)
    6      97    3.058844e+03    0.000e+00    5.512e+04    4.416e-02
fval = 3490.8 (fval_original = -632.58, Loss2 = 0.82467)
fval = 4261.2 (fval_original = -1365.5, Loss2 = 1.1253)
fval = 2805.5 (fval_original = -1388.3, Loss2 = 0.83875)
fval = 2805.5 (fval_original = -1388.3, Loss2 = 0.83875)
fval = 2805.5 (fval_original = -1388.3, Loss2 = 0.83875)
fval = 2805.5 (fval_original = -1388.3, Loss2 = 0.83875)
fval = 2805.5 (fval_original = -1388.3, Loss2 = 0.83875)
fval = 2805.5 (fval_original = -1388.3, Loss2 = 0.83875)
fval = 2805.5 (fval_original = -1388.3, Loss2 = 0.83875)
fval = 2805.5 (fval_original = -1388.3, Loss2 = 0.83875)
fval = 2805.5 (fval_original = -1388.3, Loss2 = 0.83875)
fval = 2805.5 (fval_original = -1388.3, Loss2 = 0.83875)
fval = 2805.5 (fval_original = -1388.3, Loss2 = 0.83875)
    7     110    2.805470e+03    0.000e+00    2.749e+05    1.537e-01
fval = 3420.1 (fval_original = -708.35, Loss2 = 0.82568)
fval = 4488.3 (fval_original = -1342.3, Loss2 = 1.1661)
fval = 3777.9 (fval_original = -1377.3, Loss2 = 1.031)
fval = 3284.3 (fval_original = -1385, Loss2 = 0.93387)
fval = 6060.1 (fval_original = -1162.5, Loss2 = 1.4445)
fval = 5371.5 (fval_original = -1354.9, Loss2 = 1.3453)
fval = 4125 (fval_original = -1392.8, Loss2 = 1.1035)
fval = 3189.6 (fval_original = -1397, Loss2 = 0.91732)
fval = 2956 (fval_original = -1393.2, Loss2 = 0.86984)
fval = 2845 (fval_original = -1390.9, Loss2 = 0.84719)
fval = 2790.9 (fval_original = -1389.6, Loss2 = 0.83611)
fval = 2790.9 (fval_original = -1389.6, Loss2 = 0.83611)
fval = 2790.9 (fval_original = -1389.6, Loss2 = 0.83611)
fval = 2790.9 (fval_original = -1389.6, Loss2 = 0.83611)
fval = 2790.9 (fval_original = -1389.6, Loss2 = 0.83611)
fval = 2790.9 (fval_original = -1389.6, Loss2 = 0.83611)
fval = 2790.9 (fval_original = -1389.6, Loss2 = 0.83611)
fval = 2790.9 (fval_original = -1389.6, Loss2 = 0.83611)
fval = 2790.9 (fval_original = -1389.6, Loss2 = 0.83611)
fval = 2790.9 (fval_original = -1389.6, Loss2 = 0.83611)
fval = 2790.9 (fval_original = -1389.6, Loss2 = 0.83611)
    8     131    2.790912e+03    0.000e+00    3.117e+05    3.861e-03
fval = 3090 (fval_original = -427.72, Loss2 = 0.70355)
fval = 2768.4 (fval_original = -1389.5, Loss2 = 0.83158)
fval = 2768.4 (fval_original = -1389.5, Loss2 = 0.83158)
fval = 2768.4 (fval_original = -1389.5, Loss2 = 0.83158)
fval = 2768.4 (fval_original = -1389.5, Loss2 = 0.83158)
fval = 2768.4 (fval_original = -1389.5, Loss2 = 0.83158)
fval = 2768.4 (fval_original = -1389.5, Loss2 = 0.83158)
fval = 2768.4 (fval_original = -1389.5, Loss2 = 0.83158)
fval = 2768.4 (fval_original = -1389.5, Loss2 = 0.83158)
fval = 2768.4 (fval_original = -1389.5, Loss2 = 0.83158)
fval = 2768.4 (fval_original = -1389.5, Loss2 = 0.83158)
fval = 2768.4 (fval_original = -1389.5, Loss2 = 0.83158)
    9     143    2.768432e+03    0.000e+00    3.109e+05    7.777e-03
fval = 3093.4 (fval_original = -425.53, Loss2 = 0.70379)
fval = 1970.5 (fval_original = -1332.6, Loss2 = 0.6606)
fval = 1970.4 (fval_original = -1332.6, Loss2 = 0.6606)
fval = 1970.5 (fval_original = -1332.6, Loss2 = 0.6606)
fval = 1970.5 (fval_original = -1332.6, Loss2 = 0.6606)
fval = 1970.5 (fval_original = -1332.6, Loss2 = 0.6606)
fval = 1970.5 (fval_original = -1332.6, Loss2 = 0.6606)
fval = 1970.5 (fval_original = -1332.6, Loss2 = 0.6606)
fval = 1970.5 (fval_original = -1332.6, Loss2 = 0.6606)
fval = 1970.5 (fval_original = -1332.6, Loss2 = 0.6606)
fval = 1970.5 (fval_original = -1332.6, Loss2 = 0.6606)
fval = 1970.5 (fval_original = -1332.6, Loss2 = 0.6606)
   10     155    1.970452e+03    0.000e+00    9.397e+05    1.930e-01
fval = 3071.1 (fval_original = -446.8, Loss2 = 0.70359)
fval = 2128.7 (fval_original = -1198, Loss2 = 0.66533)
fval = 1932.3 (fval_original = -1284.8, Loss2 = 0.64341)
fval = 1932.3 (fval_original = -1284.8, Loss2 = 0.64341)
fval = 1932.3 (fval_original = -1284.8, Loss2 = 0.64341)
fval = 1932.3 (fval_original = -1284.8, Loss2 = 0.64341)
fval = 1932.3 (fval_original = -1284.8, Loss2 = 0.64341)
fval = 1932.3 (fval_original = -1284.8, Loss2 = 0.64341)
fval = 1932.3 (fval_original = -1284.8, Loss2 = 0.64341)
fval = 1932.3 (fval_original = -1284.8, Loss2 = 0.64341)
fval = 1932.3 (fval_original = -1284.8, Loss2 = 0.64341)
fval = 1932.3 (fval_original = -1284.8, Loss2 = 0.64341)
fval = 1932.3 (fval_original = -1284.8, Loss2 = 0.64341)
   11     168    1.932288e+03    0.000e+00    8.580e+05    4.696e-02
fval = 1818.6 (fval_original = -1269.6, Loss2 = 0.61764)
fval = 1818.6 (fval_original = -1269.6, Loss2 = 0.61764)
fval = 1818.6 (fval_original = -1269.6, Loss2 = 0.61764)
fval = 1818.6 (fval_original = -1269.6, Loss2 = 0.61764)
fval = 1818.6 (fval_original = -1269.6, Loss2 = 0.61764)
fval = 1818.6 (fval_original = -1269.6, Loss2 = 0.61764)
fval = 1818.6 (fval_original = -1269.6, Loss2 = 0.61764)
fval = 1818.6 (fval_original = -1269.6, Loss2 = 0.61764)
fval = 1818.6 (fval_original = -1269.6, Loss2 = 0.61764)
fval = 1818.6 (fval_original = -1269.6, Loss2 = 0.61764)
fval = 1818.6 (fval_original = -1269.6, Loss2 = 0.61764)
   12     179    1.818601e+03    0.000e+00    3.087e+05    1.020e-01
fval = 4384.5 (fval_original = 199.72, Loss2 = 0.83695)
fval = 2125.6 (fval_original = -1113.2, Loss2 = 0.64775)
fval = 1813.3 (fval_original = -1220.5, Loss2 = 0.60675)
fval = 1813.3 (fval_original = -1220.5, Loss2 = 0.60675)
fval = 1813.3 (fval_original = -1220.5, Loss2 = 0.60675)
fval = 1813.3 (fval_original = -1220.5, Loss2 = 0.60675)
fval = 1813.3 (fval_original = -1220.5, Loss2 = 0.60675)
fval = 1813.3 (fval_original = -1220.5, Loss2 = 0.60675)
fval = 1813.3 (fval_original = -1220.5, Loss2 = 0.60675)
fval = 1813.3 (fval_original = -1220.5, Loss2 = 0.60675)
fval = 1813.3 (fval_original = -1220.5, Loss2 = 0.60675)
fval = 1813.3 (fval_original = -1220.5, Loss2 = 0.60675)
fval = 1813.3 (fval_original = -1220.5, Loss2 = 0.60675)
   13     192    1.813274e+03    0.000e+00    5.220e+05    7.034e-02
fval = 3801.2 (fval_original = 1146.6, Loss2 = 0.53093)
fval = 1395.5 (fval_original = -948.08, Loss2 = 0.46871)
fval = 1395.5 (fval_original = -948.08, Loss2 = 0.46871)
fval = 1395.5 (fval_original = -948.08, Loss2 = 0.46871)
fval = 1395.5 (fval_original = -948.08, Loss2 = 0.46871)
fval = 1395.5 (fval_original = -948.07, Loss2 = 0.46871)
fval = 1395.5 (fval_original = -948.08, Loss2 = 0.46871)
fval = 1395.5 (fval_original = -948.08, Loss2 = 0.46871)
fval = 1395.5 (fval_original = -948.08, Loss2 = 0.46871)
fval = 1395.5 (fval_original = -948.08, Loss2 = 0.46871)
fval = 1395.5 (fval_original = -948.08, Loss2 = 0.46871)
fval = 1395.5 (fval_original = -948.08, Loss2 = 0.46871)
   14     204    1.395491e+03    0.000e+00    6.874e+05    2.388e-01
fval = 1177.4 (fval_original = -1248.3, Loss2 = 0.48515)
fval = 1177.4 (fval_original = -1248.3, Loss2 = 0.48515)
fval = 1177.4 (fval_original = -1248.3, Loss2 = 0.48515)
fval = 1177.4 (fval_original = -1248.3, Loss2 = 0.48515)
fval = 1177.4 (fval_original = -1248.3, Loss2 = 0.48515)
fval = 1177.4 (fval_original = -1248.3, Loss2 = 0.48515)
fval = 1177.4 (fval_original = -1248.3, Loss2 = 0.48515)
fval = 1177.4 (fval_original = -1248.3, Loss2 = 0.48515)
fval = 1177.4 (fval_original = -1248.3, Loss2 = 0.48515)
fval = 1177.4 (fval_original = -1248.3, Loss2 = 0.48515)
fval = 1177.4 (fval_original = -1248.3, Loss2 = 0.48515)
   15     215    1.177440e+03    0.000e+00    9.712e+04    2.911e-01
fval = 2.0622e+05 (fval_original = 2.0335e+05, Loss2 = 0.57414)
fval = 1197.7 (fval_original = -1344.3, Loss2 = 0.50841)
fval = 1075.3 (fval_original = -1299.3, Loss2 = 0.47492)
fval = 1075.3 (fval_original = -1299.3, Loss2 = 0.47492)
fval = 1075.3 (fval_original = -1299.3, Loss2 = 0.47492)
fval = 1075.3 (fval_original = -1299.3, Loss2 = 0.47492)
fval = 1075.3 (fval_original = -1299.3, Loss2 = 0.47492)
fval = 1075.3 (fval_original = -1299.3, Loss2 = 0.47492)
fval = 1075.3 (fval_original = -1299.3, Loss2 = 0.47492)
fval = 1075.3 (fval_original = -1299.3, Loss2 = 0.47492)
fval = 1075.3 (fval_original = -1299.3, Loss2 = 0.47492)
fval = 1075.3 (fval_original = -1299.3, Loss2 = 0.47492)
fval = 1075.3 (fval_original = -1299.3, Loss2 = 0.47492)
   16     228    1.075265e+03    0.000e+00    4.900e+04    1.512e-01
fval = 917.18 (fval_original = -1268.6, Loss2 = 0.43715)
fval = 917.18 (fval_original = -1268.6, Loss2 = 0.43715)
fval = 917.19 (fval_original = -1268.6, Loss2 = 0.43716)
fval = 917.18 (fval_original = -1268.6, Loss2 = 0.43715)
fval = 917.18 (fval_original = -1268.6, Loss2 = 0.43715)
fval = 917.18 (fval_original = -1268.6, Loss2 = 0.43715)
fval = 917.18 (fval_original = -1268.6, Loss2 = 0.43715)
fval = 917.18 (fval_original = -1268.6, Loss2 = 0.43715)
fval = 917.18 (fval_original = -1268.6, Loss2 = 0.43715)
fval = 917.18 (fval_original = -1268.6, Loss2 = 0.43715)
fval = 917.18 (fval_original = -1268.6, Loss2 = 0.43715)
   17     239    9.171817e+02    0.000e+00    5.353e+04    1.491e-01
fval = 915.9 (fval_original = -1268.3, Loss2 = 0.43683)
fval = 915.9 (fval_original = -1268.3, Loss2 = 0.43683)
fval = 915.91 (fval_original = -1268.3, Loss2 = 0.43683)
fval = 915.91 (fval_original = -1268.3, Loss2 = 0.43683)
fval = 915.9 (fval_original = -1268.3, Loss2 = 0.43683)
fval = 915.9 (fval_original = -1268.3, Loss2 = 0.43683)
fval = 915.9 (fval_original = -1268.3, Loss2 = 0.43683)
fval = 915.9 (fval_original = -1268.3, Loss2 = 0.43683)
fval = 915.9 (fval_original = -1268.3, Loss2 = 0.43683)
fval = 915.9 (fval_original = -1268.3, Loss2 = 0.43683)
fval = 915.9 (fval_original = -1268.3, Loss2 = 0.43683)
   18     250    9.159047e+02    0.000e+00    5.347e+04    7.304e-04
fval = 15633 (fval_original = 10360, Loss2 = 1.0547)
fval = 1533.9 (fval_original = -844.47, Loss2 = 0.47567)
fval = 789.54 (fval_original = -1139.2, Loss2 = 0.38574)
fval = 789.54 (fval_original = -1139.2, Loss2 = 0.38574)
fval = 789.54 (fval_original = -1139.2, Loss2 = 0.38574)
fval = 789.55 (fval_original = -1139.2, Loss2 = 0.38574)
fval = 789.54 (fval_original = -1139.2, Loss2 = 0.38574)
fval = 789.54 (fval_original = -1139.2, Loss2 = 0.38574)
fval = 789.54 (fval_original = -1139.2, Loss2 = 0.38574)
fval = 789.54 (fval_original = -1139.2, Loss2 = 0.38574)
fval = 789.54 (fval_original = -1139.2, Loss2 = 0.38574)
fval = 789.54 (fval_original = -1139.2, Loss2 = 0.38574)
fval = 789.54 (fval_original = -1139.2, Loss2 = 0.38574)
   19     263    7.895424e+02    0.000e+00    3.538e+05    1.481e-01
fval = 730.11 (fval_original = -1184.3, Loss2 = 0.38288)
fval = 730.11 (fval_original = -1184.3, Loss2 = 0.38288)
fval = 730.11 (fval_original = -1184.3, Loss2 = 0.38288)
fval = 730.11 (fval_original = -1184.3, Loss2 = 0.38288)
fval = 730.11 (fval_original = -1184.3, Loss2 = 0.38288)
fval = 730.11 (fval_original = -1184.3, Loss2 = 0.38288)
fval = 730.11 (fval_original = -1184.3, Loss2 = 0.38288)
fval = 730.11 (fval_original = -1184.3, Loss2 = 0.38288)
fval = 730.11 (fval_original = -1184.3, Loss2 = 0.38288)
fval = 730.11 (fval_original = -1184.3, Loss2 = 0.38288)
fval = 730.11 (fval_original = -1184.3, Loss2 = 0.38288)
   20     274    7.301073e+02    0.000e+00    1.431e+05    1.211e-01
fval = 711.46 (fval_original = -1173.4, Loss2 = 0.37696)
fval = 711.46 (fval_original = -1173.4, Loss2 = 0.37696)
fval = 711.45 (fval_original = -1173.4, Loss2 = 0.37696)
fval = 711.46 (fval_original = -1173.4, Loss2 = 0.37696)
fval = 711.46 (fval_original = -1173.4, Loss2 = 0.37696)
fval = 711.46 (fval_original = -1173.4, Loss2 = 0.37696)
fval = 711.46 (fval_original = -1173.4, Loss2 = 0.37696)
fval = 711.46 (fval_original = -1173.4, Loss2 = 0.37696)
fval = 711.46 (fval_original = -1173.4, Loss2 = 0.37696)
fval = 711.46 (fval_original = -1173.4, Loss2 = 0.37696)
fval = 711.46 (fval_original = -1173.4, Loss2 = 0.37696)
   21     285    7.114584e+02    0.000e+00    4.844e+05    2.696e-02
fval = 708.74 (fval_original = -1244.6, Loss2 = 0.39067)
fval = 708.74 (fval_original = -1244.6, Loss2 = 0.39067)
fval = 708.74 (fval_original = -1244.6, Loss2 = 0.39067)
fval = 708.75 (fval_original = -1244.6, Loss2 = 0.39067)
fval = 708.74 (fval_original = -1244.6, Loss2 = 0.39067)
fval = 708.74 (fval_original = -1244.6, Loss2 = 0.39067)
fval = 708.74 (fval_original = -1244.6, Loss2 = 0.39067)
fval = 708.74 (fval_original = -1244.6, Loss2 = 0.39067)
fval = 708.74 (fval_original = -1244.6, Loss2 = 0.39067)
fval = 708.74 (fval_original = -1244.6, Loss2 = 0.39067)
fval = 708.74 (fval_original = -1244.6, Loss2 = 0.39067)
   22     296    7.087438e+02    0.000e+00    1.689e+05    2.175e-02
fval = 681.66 (fval_original = -1224, Loss2 = 0.38113)
fval = 681.66 (fval_original = -1224, Loss2 = 0.38113)
fval = 681.65 (fval_original = -1224, Loss2 = 0.38113)
fval = 681.66 (fval_original = -1224, Loss2 = 0.38113)
fval = 681.66 (fval_original = -1224, Loss2 = 0.38113)
fval = 681.66 (fval_original = -1224, Loss2 = 0.38113)
fval = 681.66 (fval_original = -1224, Loss2 = 0.38113)
fval = 681.66 (fval_original = -1224, Loss2 = 0.38113)
fval = 681.66 (fval_original = -1224, Loss2 = 0.38113)
fval = 681.66 (fval_original = -1224, Loss2 = 0.38113)
fval = 681.66 (fval_original = -1224, Loss2 = 0.38113)
   23     307    6.816556e+02    0.000e+00    1.028e+05    1.561e-02
fval = 742.12 (fval_original = -1163, Loss2 = 0.38103)
fval = 683.47 (fval_original = -1196.6, Loss2 = 0.37601)
fval = 670.86 (fval_original = -1211, Loss2 = 0.37636)
fval = 670.86 (fval_original = -1211, Loss2 = 0.37636)
fval = 670.86 (fval_original = -1211, Loss2 = 0.37636)
fval = 670.86 (fval_original = -1211, Loss2 = 0.37636)
fval = 670.86 (fval_original = -1211, Loss2 = 0.37636)
fval = 670.86 (fval_original = -1211, Loss2 = 0.37636)
fval = 670.86 (fval_original = -1211, Loss2 = 0.37636)
fval = 670.86 (fval_original = -1211, Loss2 = 0.37636)
fval = 670.86 (fval_original = -1211, Loss2 = 0.37636)
fval = 670.86 (fval_original = -1211, Loss2 = 0.37636)
fval = 670.86 (fval_original = -1211, Loss2 = 0.37636)
   24     320    6.708595e+02    0.000e+00    5.603e+04    7.476e-03
fval = 930.55 (fval_original = -1117.6, Loss2 = 0.40963)
fval = 782.9 (fval_original = -1169.9, Loss2 = 0.39056)
fval = 719.17 (fval_original = -1191.6, Loss2 = 0.38215)
fval = 688.47 (fval_original = -1201.5, Loss2 = 0.378)
fval = 864.9 (fval_original = -1183, Loss2 = 0.40957)
fval = 785.89 (fval_original = -1203.8, Loss2 = 0.39794)
fval = 720.33 (fval_original = -1209.9, Loss2 = 0.38605)
fval = 693.72 (fval_original = -1211.5, Loss2 = 0.38105)
fval = 679.54 (fval_original = -1212.4, Loss2 = 0.3784)
fval = 666.94 (fval_original = -1212, Loss2 = 0.3758)
fval = 666.94 (fval_original = -1212, Loss2 = 0.3758)
fval = 666.93 (fval_original = -1212, Loss2 = 0.3758)
fval = 666.94 (fval_original = -1212, Loss2 = 0.3758)
fval = 666.94 (fval_original = -1212, Loss2 = 0.3758)
fval = 666.94 (fval_original = -1212, Loss2 = 0.3758)
fval = 666.94 (fval_original = -1212, Loss2 = 0.3758)
fval = 666.94 (fval_original = -1212, Loss2 = 0.3758)
fval = 666.94 (fval_original = -1212, Loss2 = 0.3758)
fval = 666.94 (fval_original = -1212, Loss2 = 0.3758)
fval = 666.94 (fval_original = -1212, Loss2 = 0.3758)
   25     340    6.669391e+02    0.000e+00    4.237e+05    3.938e-03
fval = 846.38 (fval_original = -1262.2, Loss2 = 0.42172)
fval = 664.88 (fval_original = -1213.7, Loss2 = 0.37572)
fval = 664.88 (fval_original = -1213.7, Loss2 = 0.37572)
fval = 664.88 (fval_original = -1213.7, Loss2 = 0.37573)
fval = 664.88 (fval_original = -1213.7, Loss2 = 0.37572)
fval = 664.88 (fval_original = -1213.7, Loss2 = 0.37572)
fval = 664.88 (fval_original = -1213.7, Loss2 = 0.37572)
fval = 664.88 (fval_original = -1213.7, Loss2 = 0.37572)
fval = 664.88 (fval_original = -1213.7, Loss2 = 0.37572)
fval = 664.88 (fval_original = -1213.7, Loss2 = 0.37572)
fval = 664.88 (fval_original = -1213.7, Loss2 = 0.37572)
fval = 664.88 (fval_original = -1213.7, Loss2 = 0.37572)
   26     352    6.648785e+02    0.000e+00    2.504e+05    1.351e-03
fval = 675.1 (fval_original = -1211.8, Loss2 = 0.37738)
fval = 666.4 (fval_original = -1212.8, Loss2 = 0.37584)
fval = 664.38 (fval_original = -1213.3, Loss2 = 0.37554)
fval = 664.38 (fval_original = -1213.3, Loss2 = 0.37554)
fval = 664.38 (fval_original = -1213.3, Loss2 = 0.37553)
fval = 664.39 (fval_original = -1213.3, Loss2 = 0.37554)
fval = 664.38 (fval_original = -1213.3, Loss2 = 0.37554)
fval = 664.38 (fval_original = -1213.3, Loss2 = 0.37554)
fval = 664.38 (fval_original = -1213.3, Loss2 = 0.37554)
fval = 664.38 (fval_original = -1213.3, Loss2 = 0.37554)
fval = 664.38 (fval_original = -1213.3, Loss2 = 0.37554)
fval = 664.38 (fval_original = -1213.3, Loss2 = 0.37554)
fval = 664.38 (fval_original = -1213.3, Loss2 = 0.37554)
   27     365    6.643841e+02    0.000e+00    4.805e+05    3.520e-03
fval = 659.11 (fval_original = -1209.9, Loss2 = 0.3738)
fval = 659.11 (fval_original = -1209.9, Loss2 = 0.3738)
fval = 659.11 (fval_original = -1209.9, Loss2 = 0.3738)
fval = 659.11 (fval_original = -1209.9, Loss2 = 0.3738)
fval = 659.11 (fval_original = -1209.9, Loss2 = 0.3738)
fval = 659.11 (fval_original = -1209.9, Loss2 = 0.3738)
fval = 659.11 (fval_original = -1209.9, Loss2 = 0.3738)
fval = 659.11 (fval_original = -1209.9, Loss2 = 0.3738)
fval = 659.11 (fval_original = -1209.9, Loss2 = 0.3738)
fval = 659.11 (fval_original = -1209.9, Loss2 = 0.3738)
fval = 659.11 (fval_original = -1209.9, Loss2 = 0.3738)
   28     376    6.591131e+02    0.000e+00    4.163e+04    1.113e-02
fval = 653.62 (fval_original = -1212.2, Loss2 = 0.37317)
fval = 653.62 (fval_original = -1212.2, Loss2 = 0.37317)
fval = 653.61 (fval_original = -1212.2, Loss2 = 0.37317)
fval = 653.62 (fval_original = -1212.2, Loss2 = 0.37317)
fval = 653.62 (fval_original = -1212.2, Loss2 = 0.37317)
fval = 653.62 (fval_original = -1212.2, Loss2 = 0.37317)
fval = 653.62 (fval_original = -1212.2, Loss2 = 0.37317)
fval = 653.62 (fval_original = -1212.2, Loss2 = 0.37317)
fval = 653.62 (fval_original = -1212.2, Loss2 = 0.37317)
fval = 653.62 (fval_original = -1212.2, Loss2 = 0.37317)
fval = 653.62 (fval_original = -1212.2, Loss2 = 0.37317)
   29     387    6.536196e+02    0.000e+00    4.035e+05    1.174e-02
fval = 642.52 (fval_original = -1232.7, Loss2 = 0.37505)
fval = 642.52 (fval_original = -1232.7, Loss2 = 0.37505)
fval = 642.52 (fval_original = -1232.7, Loss2 = 0.37505)
fval = 642.52 (fval_original = -1232.7, Loss2 = 0.37505)
fval = 642.52 (fval_original = -1232.7, Loss2 = 0.37505)
fval = 642.52 (fval_original = -1232.7, Loss2 = 0.37505)
fval = 642.52 (fval_original = -1232.7, Loss2 = 0.37505)
fval = 642.52 (fval_original = -1232.7, Loss2 = 0.37505)
fval = 642.52 (fval_original = -1232.7, Loss2 = 0.37505)
fval = 642.52 (fval_original = -1232.7, Loss2 = 0.37505)
fval = 642.52 (fval_original = -1232.7, Loss2 = 0.37505)
   30     398    6.425208e+02    0.000e+00    3.368e+05    1.257e-02
fval = 625.16 (fval_original = -1265.9, Loss2 = 0.37821)
fval = 625.16 (fval_original = -1265.9, Loss2 = 0.37821)
fval = 625.16 (fval_original = -1265.9, Loss2 = 0.37821)
fval = 625.17 (fval_original = -1265.9, Loss2 = 0.37821)
fval = 625.16 (fval_original = -1265.9, Loss2 = 0.37821)
fval = 625.16 (fval_original = -1265.9, Loss2 = 0.37821)
fval = 625.16 (fval_original = -1265.9, Loss2 = 0.37821)
fval = 625.16 (fval_original = -1265.9, Loss2 = 0.37821)
fval = 625.16 (fval_original = -1265.9, Loss2 = 0.37821)
fval = 625.16 (fval_original = -1265.9, Loss2 = 0.37821)
fval = 625.16 (fval_original = -1265.9, Loss2 = 0.37821)

                                            First-order      Norm of
 Iter F-count            f(x)  Feasibility   optimality         step
   31     409    6.251640e+02    0.000e+00    8.149e+04    5.750e-03
fval = 659.36 (fval_original = -1341.5, Loss2 = 0.40017)
fval = 618.95 (fval_original = -1310.2, Loss2 = 0.38584)
fval = 618.95 (fval_original = -1310.2, Loss2 = 0.38584)
fval = 618.95 (fval_original = -1310.2, Loss2 = 0.38584)
fval = 618.95 (fval_original = -1310.2, Loss2 = 0.38584)
fval = 618.95 (fval_original = -1310.2, Loss2 = 0.38584)
fval = 618.95 (fval_original = -1310.2, Loss2 = 0.38584)
fval = 618.95 (fval_original = -1310.2, Loss2 = 0.38584)
fval = 618.95 (fval_original = -1310.2, Loss2 = 0.38584)
fval = 618.95 (fval_original = -1310.2, Loss2 = 0.38584)
fval = 618.95 (fval_original = -1310.2, Loss2 = 0.38584)
fval = 618.95 (fval_original = -1310.2, Loss2 = 0.38584)
   32     421    6.189500e+02    0.000e+00    2.120e+05    7.294e-03
fval = 597.62 (fval_original = -1294.7, Loss2 = 0.37847)
fval = 597.62 (fval_original = -1294.7, Loss2 = 0.37847)
fval = 597.61 (fval_original = -1294.7, Loss2 = 0.37847)
fval = 597.62 (fval_original = -1294.7, Loss2 = 0.37847)
fval = 597.62 (fval_original = -1294.7, Loss2 = 0.37847)
fval = 597.62 (fval_original = -1294.7, Loss2 = 0.37847)
fval = 597.62 (fval_original = -1294.7, Loss2 = 0.37847)
fval = 597.62 (fval_original = -1294.7, Loss2 = 0.37847)
fval = 597.62 (fval_original = -1294.7, Loss2 = 0.37847)
fval = 597.62 (fval_original = -1294.7, Loss2 = 0.37847)
fval = 597.62 (fval_original = -1294.7, Loss2 = 0.37847)
   33     432    5.976175e+02    0.000e+00    2.252e+05    6.925e-03
fval = 575.87 (fval_original = -1207.2, Loss2 = 0.35662)
fval = 575.87 (fval_original = -1207.2, Loss2 = 0.35662)
fval = 575.87 (fval_original = -1207.2, Loss2 = 0.35662)
fval = 575.87 (fval_original = -1207.2, Loss2 = 0.35662)
fval = 575.87 (fval_original = -1207.2, Loss2 = 0.35662)
fval = 575.87 (fval_original = -1207.2, Loss2 = 0.35662)
fval = 575.87 (fval_original = -1207.2, Loss2 = 0.35662)
fval = 575.87 (fval_original = -1207.2, Loss2 = 0.35662)
fval = 575.87 (fval_original = -1207.2, Loss2 = 0.35662)
fval = 575.87 (fval_original = -1207.2, Loss2 = 0.35662)
fval = 575.87 (fval_original = -1207.2, Loss2 = 0.35662)
   34     443    5.758668e+02    0.000e+00    8.626e+04    3.636e-02
fval = 534.31 (fval_original = -1259.5, Loss2 = 0.35876)
fval = 534.31 (fval_original = -1259.5, Loss2 = 0.35876)
fval = 534.31 (fval_original = -1259.5, Loss2 = 0.35876)
fval = 534.31 (fval_original = -1259.5, Loss2 = 0.35876)
fval = 534.31 (fval_original = -1259.5, Loss2 = 0.35876)
fval = 534.31 (fval_original = -1259.5, Loss2 = 0.35876)
fval = 534.31 (fval_original = -1259.5, Loss2 = 0.35876)
fval = 534.31 (fval_original = -1259.5, Loss2 = 0.35876)
fval = 534.31 (fval_original = -1259.5, Loss2 = 0.35876)
fval = 534.31 (fval_original = -1259.5, Loss2 = 0.35876)
fval = 534.31 (fval_original = -1259.5, Loss2 = 0.35876)
   35     454    5.343124e+02    0.000e+00    1.188e+05    1.683e-02
fval = 529.55 (fval_original = -1296.6, Loss2 = 0.36523)
fval = 529.55 (fval_original = -1296.6, Loss2 = 0.36523)
fval = 529.55 (fval_original = -1296.6, Loss2 = 0.36523)
fval = 529.55 (fval_original = -1296.6, Loss2 = 0.36523)
fval = 529.55 (fval_original = -1296.6, Loss2 = 0.36523)
fval = 529.55 (fval_original = -1296.6, Loss2 = 0.36523)
fval = 529.55 (fval_original = -1296.6, Loss2 = 0.36523)
fval = 529.55 (fval_original = -1296.6, Loss2 = 0.36523)
fval = 529.55 (fval_original = -1296.6, Loss2 = 0.36523)
fval = 529.55 (fval_original = -1296.6, Loss2 = 0.36523)
fval = 529.55 (fval_original = -1296.6, Loss2 = 0.36523)
   36     465    5.295514e+02    0.000e+00    9.892e+04    1.267e-02
fval = 506.95 (fval_original = -1298.8, Loss2 = 0.36115)
fval = 506.95 (fval_original = -1298.8, Loss2 = 0.36115)
fval = 506.95 (fval_original = -1298.8, Loss2 = 0.36115)
fval = 506.95 (fval_original = -1298.8, Loss2 = 0.36115)
fval = 506.95 (fval_original = -1298.8, Loss2 = 0.36115)
fval = 506.95 (fval_original = -1298.8, Loss2 = 0.36115)
fval = 506.95 (fval_original = -1298.8, Loss2 = 0.36115)
fval = 506.95 (fval_original = -1298.8, Loss2 = 0.36115)
fval = 506.95 (fval_original = -1298.8, Loss2 = 0.36115)
fval = 506.95 (fval_original = -1298.8, Loss2 = 0.36115)
fval = 506.95 (fval_original = -1298.8, Loss2 = 0.36115)
   37     476    5.069515e+02    0.000e+00    1.650e+05    2.683e-02
fval = 493.94 (fval_original = -1279.7, Loss2 = 0.35472)
fval = 493.94 (fval_original = -1279.7, Loss2 = 0.35472)
fval = 493.93 (fval_original = -1279.7, Loss2 = 0.35472)
fval = 493.93 (fval_original = -1279.7, Loss2 = 0.35472)
fval = 493.94 (fval_original = -1279.7, Loss2 = 0.35472)
fval = 493.94 (fval_original = -1279.7, Loss2 = 0.35472)
fval = 493.94 (fval_original = -1279.7, Loss2 = 0.35472)
fval = 493.94 (fval_original = -1279.7, Loss2 = 0.35472)
fval = 493.94 (fval_original = -1279.7, Loss2 = 0.35472)
fval = 493.94 (fval_original = -1279.7, Loss2 = 0.35472)
fval = 493.94 (fval_original = -1279.7, Loss2 = 0.35472)
   38     487    4.939353e+02    0.000e+00    1.254e+05    6.459e-03
fval = 525.18 (fval_original = -1257, Loss2 = 0.35644)
fval = 505.6 (fval_original = -1269.2, Loss2 = 0.35496)
fval = 498.08 (fval_original = -1274.7, Loss2 = 0.35455)
fval = 494.86 (fval_original = -1277.2, Loss2 = 0.35442)
fval = 527.37 (fval_original = -1253.7, Loss2 = 0.35621)
fval = 512.61 (fval_original = -1264.6, Loss2 = 0.35543)
fval = 506.92 (fval_original = -1274.3, Loss2 = 0.35624)
fval = 503.14 (fval_original = -1278.4, Loss2 = 0.3563)
fval = 501.79 (fval_original = -1278.9, Loss2 = 0.35614)
fval = 501.12 (fval_original = -1279.1, Loss2 = 0.35605)
fval = 500.97 (fval_original = -1279.1, Loss2 = 0.35602)
fval = 497.67 (fval_original = -1279.3, Loss2 = 0.3554)
fval = 495.18 (fval_original = -1279.5, Loss2 = 0.35493)
fval = 493.81 (fval_original = -1279.6, Loss2 = 0.35468)
fval = 493.81 (fval_original = -1279.6, Loss2 = 0.35468)
fval = 493.8 (fval_original = -1279.6, Loss2 = 0.35468)
fval = 493.81 (fval_original = -1279.6, Loss2 = 0.35468)
fval = 493.81 (fval_original = -1279.6, Loss2 = 0.35468)
fval = 493.81 (fval_original = -1279.6, Loss2 = 0.35468)
fval = 493.81 (fval_original = -1279.6, Loss2 = 0.35468)
fval = 493.81 (fval_original = -1279.6, Loss2 = 0.35468)
fval = 493.81 (fval_original = -1279.6, Loss2 = 0.35468)
fval = 493.81 (fval_original = -1279.6, Loss2 = 0.35468)
fval = 493.81 (fval_original = -1279.6, Loss2 = 0.35468)
   39     511    4.938062e+02    0.000e+00    3.833e+05    3.085e-04
fval = 485.97 (fval_original = -1282.5, Loss2 = 0.3537)
fval = 485.97 (fval_original = -1282.5, Loss2 = 0.3537)
fval = 485.97 (fval_original = -1282.5, Loss2 = 0.3537)
fval = 485.96 (fval_original = -1282.5, Loss2 = 0.3537)
fval = 485.97 (fval_original = -1282.5, Loss2 = 0.3537)
fval = 485.97 (fval_original = -1282.5, Loss2 = 0.3537)
fval = 485.97 (fval_original = -1282.5, Loss2 = 0.3537)
fval = 485.97 (fval_original = -1282.5, Loss2 = 0.3537)
fval = 485.97 (fval_original = -1282.5, Loss2 = 0.3537)
fval = 485.97 (fval_original = -1282.5, Loss2 = 0.3537)
fval = 485.97 (fval_original = -1282.5, Loss2 = 0.3537)
   40     522    4.859665e+02    0.000e+00    1.931e+05    1.734e-02
fval = 481.84 (fval_original = -1307.5, Loss2 = 0.35787)
fval = 481.84 (fval_original = -1307.5, Loss2 = 0.35787)
fval = 481.84 (fval_original = -1307.5, Loss2 = 0.35787)
fval = 481.84 (fval_original = -1307.5, Loss2 = 0.35787)
fval = 481.84 (fval_original = -1307.5, Loss2 = 0.35787)
fval = 481.84 (fval_original = -1307.5, Loss2 = 0.35787)
fval = 481.84 (fval_original = -1307.5, Loss2 = 0.35787)
fval = 481.84 (fval_original = -1307.5, Loss2 = 0.35787)
fval = 481.84 (fval_original = -1307.5, Loss2 = 0.35787)
fval = 481.84 (fval_original = -1307.5, Loss2 = 0.35787)
fval = 481.84 (fval_original = -1307.5, Loss2 = 0.35787)
   41     533    4.818411e+02    0.000e+00    3.537e+05    3.609e-02
fval = 479.01 (fval_original = -1305.2, Loss2 = 0.35684)
fval = 479.01 (fval_original = -1305.2, Loss2 = 0.35684)
fval = 479.01 (fval_original = -1305.2, Loss2 = 0.35684)
fval = 479.01 (fval_original = -1305.2, Loss2 = 0.35684)
fval = 479.01 (fval_original = -1305.2, Loss2 = 0.35684)
fval = 479.01 (fval_original = -1305.2, Loss2 = 0.35684)
fval = 479.01 (fval_original = -1305.2, Loss2 = 0.35684)
fval = 479.01 (fval_original = -1305.2, Loss2 = 0.35684)
fval = 479.01 (fval_original = -1305.2, Loss2 = 0.35684)
fval = 479.01 (fval_original = -1305.2, Loss2 = 0.35684)
fval = 479.01 (fval_original = -1305.2, Loss2 = 0.35684)
   42     544    4.790079e+02    0.000e+00    8.776e+04    1.124e-03
fval = 490.68 (fval_original = -1278.4, Loss2 = 0.35382)
fval = 474.32 (fval_original = -1292.3, Loss2 = 0.35333)
fval = 474.32 (fval_original = -1292.3, Loss2 = 0.35333)
fval = 474.32 (fval_original = -1292.3, Loss2 = 0.35333)
fval = 474.31 (fval_original = -1292.3, Loss2 = 0.35333)
fval = 474.32 (fval_original = -1292.3, Loss2 = 0.35333)
fval = 474.32 (fval_original = -1292.3, Loss2 = 0.35333)
fval = 474.32 (fval_original = -1292.3, Loss2 = 0.35333)
fval = 474.32 (fval_original = -1292.3, Loss2 = 0.35333)
fval = 474.32 (fval_original = -1292.3, Loss2 = 0.35333)
fval = 474.32 (fval_original = -1292.3, Loss2 = 0.35333)
fval = 474.32 (fval_original = -1292.3, Loss2 = 0.35333)
   43     556    4.743171e+02    0.000e+00    1.590e+05    1.223e-02
fval = 469.18 (fval_original = -1297.9, Loss2 = 0.35342)
fval = 469.18 (fval_original = -1297.9, Loss2 = 0.35342)
fval = 469.18 (fval_original = -1297.9, Loss2 = 0.35342)
fval = 469.18 (fval_original = -1297.9, Loss2 = 0.35342)
fval = 469.18 (fval_original = -1297.9, Loss2 = 0.35342)
fval = 469.18 (fval_original = -1297.9, Loss2 = 0.35342)
fval = 469.18 (fval_original = -1297.9, Loss2 = 0.35342)
fval = 469.18 (fval_original = -1297.9, Loss2 = 0.35342)
fval = 469.18 (fval_original = -1297.9, Loss2 = 0.35342)
fval = 469.18 (fval_original = -1297.9, Loss2 = 0.35342)
fval = 469.18 (fval_original = -1297.9, Loss2 = 0.35342)
   44     567    4.691830e+02    0.000e+00    1.480e+05    1.213e-02
fval = 461.85 (fval_original = -1308.3, Loss2 = 0.35403)
fval = 461.85 (fval_original = -1308.3, Loss2 = 0.35403)
fval = 461.84 (fval_original = -1308.3, Loss2 = 0.35403)
fval = 461.85 (fval_original = -1308.3, Loss2 = 0.35403)
fval = 461.85 (fval_original = -1308.3, Loss2 = 0.35403)
fval = 461.85 (fval_original = -1308.3, Loss2 = 0.35403)
fval = 461.85 (fval_original = -1308.3, Loss2 = 0.35403)
fval = 461.85 (fval_original = -1308.3, Loss2 = 0.35403)
fval = 461.85 (fval_original = -1308.3, Loss2 = 0.35403)
fval = 461.85 (fval_original = -1308.3, Loss2 = 0.35403)
fval = 461.85 (fval_original = -1308.3, Loss2 = 0.35403)
   45     578    4.618490e+02    0.000e+00    3.135e+05    2.260e-02
fval = 454.17 (fval_original = -1310.6, Loss2 = 0.35295)
fval = 454.17 (fval_original = -1310.6, Loss2 = 0.35295)
fval = 454.17 (fval_original = -1310.6, Loss2 = 0.35295)
fval = 454.16 (fval_original = -1310.6, Loss2 = 0.35295)
fval = 454.17 (fval_original = -1310.6, Loss2 = 0.35295)
fval = 454.17 (fval_original = -1310.6, Loss2 = 0.35295)
fval = 454.17 (fval_original = -1310.6, Loss2 = 0.35295)
fval = 454.17 (fval_original = -1310.6, Loss2 = 0.35295)
fval = 454.17 (fval_original = -1310.6, Loss2 = 0.35295)
fval = 454.17 (fval_original = -1310.6, Loss2 = 0.35295)
fval = 454.17 (fval_original = -1310.6, Loss2 = 0.35295)
   46     589    4.541655e+02    0.000e+00    1.727e+05    1.544e-02
fval = 448.99 (fval_original = -1314.7, Loss2 = 0.35275)
fval = 448.99 (fval_original = -1314.7, Loss2 = 0.35275)
fval = 448.99 (fval_original = -1314.7, Loss2 = 0.35275)
fval = 449 (fval_original = -1314.7, Loss2 = 0.35275)
fval = 448.99 (fval_original = -1314.7, Loss2 = 0.35275)
fval = 448.99 (fval_original = -1314.7, Loss2 = 0.35275)
fval = 448.99 (fval_original = -1314.7, Loss2 = 0.35275)
fval = 448.99 (fval_original = -1314.7, Loss2 = 0.35275)
fval = 448.99 (fval_original = -1314.7, Loss2 = 0.35275)
fval = 448.99 (fval_original = -1314.7, Loss2 = 0.35275)
fval = 448.99 (fval_original = -1314.7, Loss2 = 0.35275)
   47     600    4.489948e+02    0.000e+00    2.191e+05    4.691e-03
fval = 440.47 (fval_original = -1312.6, Loss2 = 0.35061)
fval = 440.47 (fval_original = -1312.6, Loss2 = 0.35061)
fval = 440.47 (fval_original = -1312.6, Loss2 = 0.35061)
fval = 440.48 (fval_original = -1312.6, Loss2 = 0.35061)
fval = 440.47 (fval_original = -1312.6, Loss2 = 0.35061)
fval = 440.47 (fval_original = -1312.6, Loss2 = 0.35061)
fval = 440.47 (fval_original = -1312.6, Loss2 = 0.35061)
fval = 440.47 (fval_original = -1312.6, Loss2 = 0.35061)
fval = 440.47 (fval_original = -1312.6, Loss2 = 0.35061)
fval = 440.47 (fval_original = -1312.6, Loss2 = 0.35061)
fval = 440.47 (fval_original = -1312.6, Loss2 = 0.35061)
   48     611    4.404729e+02    0.000e+00    2.396e+05    4.019e-03
fval = 469.67 (fval_original = -1303.6, Loss2 = 0.35465)
fval = 448.72 (fval_original = -1308.3, Loss2 = 0.35141)
fval = 441.8 (fval_original = -1310.5, Loss2 = 0.35047)
fval = 439.62 (fval_original = -1311.6, Loss2 = 0.35024)
fval = 439.62 (fval_original = -1311.6, Loss2 = 0.35024)
fval = 439.62 (fval_original = -1311.6, Loss2 = 0.35024)
fval = 439.62 (fval_original = -1311.6, Loss2 = 0.35024)
fval = 439.62 (fval_original = -1311.6, Loss2 = 0.35024)
fval = 439.62 (fval_original = -1311.6, Loss2 = 0.35024)
fval = 439.62 (fval_original = -1311.6, Loss2 = 0.35024)
fval = 439.62 (fval_original = -1311.6, Loss2 = 0.35024)
fval = 439.62 (fval_original = -1311.6, Loss2 = 0.35024)
fval = 439.62 (fval_original = -1311.6, Loss2 = 0.35024)
fval = 439.62 (fval_original = -1311.6, Loss2 = 0.35024)
   49     625    4.396185e+02    0.000e+00    2.302e+05    8.621e-04
fval = 435.7 (fval_original = -1313.9, Loss2 = 0.34991)
fval = 435.7 (fval_original = -1313.9, Loss2 = 0.34991)
fval = 435.7 (fval_original = -1313.9, Loss2 = 0.34991)
fval = 435.7 (fval_original = -1313.9, Loss2 = 0.34991)
fval = 435.7 (fval_original = -1313.9, Loss2 = 0.34991)
fval = 435.7 (fval_original = -1313.9, Loss2 = 0.34991)
fval = 435.7 (fval_original = -1313.9, Loss2 = 0.34991)
fval = 435.7 (fval_original = -1313.9, Loss2 = 0.34991)
fval = 435.7 (fval_original = -1313.9, Loss2 = 0.34991)
fval = 435.7 (fval_original = -1313.9, Loss2 = 0.34991)
fval = 435.7 (fval_original = -1313.9, Loss2 = 0.34991)
   50     636    4.357008e+02    0.000e+00    2.100e+05    1.218e-02
fval = 437.87 (fval_original = -1314.8, Loss2 = 0.35053)
fval = 435.86 (fval_original = -1314.9, Loss2 = 0.35014)
fval = 435.5 (fval_original = -1314.5, Loss2 = 0.35)
fval = 435.5 (fval_original = -1314.5, Loss2 = 0.35)
fval = 435.5 (fval_original = -1314.5, Loss2 = 0.35)
fval = 435.5 (fval_original = -1314.5, Loss2 = 0.35)
fval = 435.5 (fval_original = -1314.5, Loss2 = 0.35)
fval = 435.5 (fval_original = -1314.5, Loss2 = 0.35)
fval = 435.5 (fval_original = -1314.5, Loss2 = 0.35)
fval = 435.5 (fval_original = -1314.5, Loss2 = 0.35)
fval = 435.5 (fval_original = -1314.5, Loss2 = 0.35)
fval = 435.5 (fval_original = -1314.5, Loss2 = 0.35)
fval = 435.5 (fval_original = -1314.5, Loss2 = 0.35)
   51     649    4.354988e+02    0.000e+00    2.233e+05    6.364e-03
fval = 433.56 (fval_original = -1315.6, Loss2 = 0.34982)
fval = 433.56 (fval_original = -1315.6, Loss2 = 0.34982)
fval = 433.55 (fval_original = -1315.6, Loss2 = 0.34982)
fval = 433.56 (fval_original = -1315.6, Loss2 = 0.34982)
fval = 433.56 (fval_original = -1315.6, Loss2 = 0.34982)
fval = 433.56 (fval_original = -1315.6, Loss2 = 0.34982)
fval = 433.56 (fval_original = -1315.6, Loss2 = 0.34982)
fval = 433.56 (fval_original = -1315.6, Loss2 = 0.34982)
fval = 433.56 (fval_original = -1315.6, Loss2 = 0.34982)
fval = 433.56 (fval_original = -1315.6, Loss2 = 0.34982)
fval = 433.56 (fval_original = -1315.6, Loss2 = 0.34982)
   52     660    4.335581e+02    0.000e+00    2.157e+05    4.972e-03
fval = 435.57 (fval_original = -1318.1, Loss2 = 0.35074)
fval = 432.95 (fval_original = -1317.3, Loss2 = 0.35005)
fval = 432.95 (fval_original = -1317.3, Loss2 = 0.35005)
fval = 432.96 (fval_original = -1317.3, Loss2 = 0.35005)
fval = 432.95 (fval_original = -1317.3, Loss2 = 0.35005)
fval = 432.95 (fval_original = -1317.3, Loss2 = 0.35005)
fval = 432.95 (fval_original = -1317.3, Loss2 = 0.35005)
fval = 432.95 (fval_original = -1317.3, Loss2 = 0.35005)
fval = 432.95 (fval_original = -1317.3, Loss2 = 0.35005)
fval = 432.95 (fval_original = -1317.3, Loss2 = 0.35005)
fval = 432.95 (fval_original = -1317.3, Loss2 = 0.35005)
fval = 432.95 (fval_original = -1317.3, Loss2 = 0.35005)
   53     672    4.329532e+02    0.000e+00    1.959e+05    4.450e-03
fval = 431.39 (fval_original = -1317.5, Loss2 = 0.34979)
fval = 431.39 (fval_original = -1317.5, Loss2 = 0.34979)
fval = 431.39 (fval_original = -1317.5, Loss2 = 0.34979)
fval = 431.39 (fval_original = -1317.5, Loss2 = 0.34979)
fval = 431.39 (fval_original = -1317.5, Loss2 = 0.34979)
fval = 431.39 (fval_original = -1317.5, Loss2 = 0.34979)
fval = 431.39 (fval_original = -1317.5, Loss2 = 0.34979)
fval = 431.39 (fval_original = -1317.5, Loss2 = 0.34979)
fval = 431.39 (fval_original = -1317.5, Loss2 = 0.34979)
fval = 431.39 (fval_original = -1317.5, Loss2 = 0.34979)
fval = 431.39 (fval_original = -1317.5, Loss2 = 0.34979)
   54     683    4.313887e+02    0.000e+00    2.018e+05    1.944e-03
fval = 439.02 (fval_original = -1319.3, Loss2 = 0.35166)
fval = 433.39 (fval_original = -1318.4, Loss2 = 0.35036)
fval = 431.68 (fval_original = -1318, Loss2 = 0.34993)
fval = 431.15 (fval_original = -1317.8, Loss2 = 0.34978)
fval = 431.15 (fval_original = -1317.8, Loss2 = 0.34978)
fval = 431.14 (fval_original = -1317.8, Loss2 = 0.34978)
fval = 431.15 (fval_original = -1317.8, Loss2 = 0.34978)
fval = 431.15 (fval_original = -1317.8, Loss2 = 0.34978)
fval = 431.15 (fval_original = -1317.8, Loss2 = 0.34978)
fval = 431.15 (fval_original = -1317.8, Loss2 = 0.34978)
fval = 431.15 (fval_original = -1317.8, Loss2 = 0.34978)
fval = 431.15 (fval_original = -1317.8, Loss2 = 0.34978)
fval = 431.15 (fval_original = -1317.8, Loss2 = 0.34978)
fval = 431.15 (fval_original = -1317.8, Loss2 = 0.34978)
   55     697    4.311452e+02    0.000e+00    1.966e+05    1.040e-03
fval = 430.42 (fval_original = -1318.6, Loss2 = 0.34981)
fval = 430.42 (fval_original = -1318.6, Loss2 = 0.34981)
fval = 430.42 (fval_original = -1318.6, Loss2 = 0.34981)
fval = 430.43 (fval_original = -1318.6, Loss2 = 0.34981)
fval = 430.42 (fval_original = -1318.6, Loss2 = 0.34981)
fval = 430.42 (fval_original = -1318.6, Loss2 = 0.34981)
fval = 430.42 (fval_original = -1318.6, Loss2 = 0.34981)
fval = 430.42 (fval_original = -1318.6, Loss2 = 0.34981)
fval = 430.42 (fval_original = -1318.6, Loss2 = 0.34981)
fval = 430.42 (fval_original = -1318.6, Loss2 = 0.34981)
fval = 430.42 (fval_original = -1318.6, Loss2 = 0.34981)
   56     708    4.304235e+02    0.000e+00    1.956e+05    1.577e-03
fval = 431.08 (fval_original = -1322.3, Loss2 = 0.35067)
fval = 430.09 (fval_original = -1320.5, Loss2 = 0.35011)
fval = 430.09 (fval_original = -1320.5, Loss2 = 0.35011)
fval = 430.1 (fval_original = -1320.5, Loss2 = 0.35011)
fval = 430.09 (fval_original = -1320.5, Loss2 = 0.35011)
fval = 430.09 (fval_original = -1320.5, Loss2 = 0.35011)
fval = 430.09 (fval_original = -1320.5, Loss2 = 0.35011)
fval = 430.09 (fval_original = -1320.5, Loss2 = 0.35011)
fval = 430.09 (fval_original = -1320.5, Loss2 = 0.35011)
fval = 430.09 (fval_original = -1320.5, Loss2 = 0.35011)
fval = 430.09 (fval_original = -1320.5, Loss2 = 0.35011)
fval = 430.09 (fval_original = -1320.5, Loss2 = 0.35011)
   57     720    4.300926e+02    0.000e+00    1.861e+05    4.038e-03
fval = 429.17 (fval_original = -1321, Loss2 = 0.35004)
fval = 429.17 (fval_original = -1321, Loss2 = 0.35004)
fval = 429.18 (fval_original = -1321, Loss2 = 0.35004)
fval = 429.17 (fval_original = -1321, Loss2 = 0.35004)
fval = 429.17 (fval_original = -1321, Loss2 = 0.35004)
fval = 429.17 (fval_original = -1321, Loss2 = 0.35004)
fval = 429.17 (fval_original = -1321, Loss2 = 0.35004)
fval = 429.17 (fval_original = -1321, Loss2 = 0.35004)
fval = 429.17 (fval_original = -1321, Loss2 = 0.35004)
fval = 429.17 (fval_original = -1321, Loss2 = 0.35004)
fval = 429.17 (fval_original = -1321, Loss2 = 0.35004)
   58     731    4.291748e+02    0.000e+00    1.869e+05    2.170e-03
fval = 431.77 (fval_original = -1322.9, Loss2 = 0.35094)
fval = 429.62 (fval_original = -1322, Loss2 = 0.35032)
fval = 428.98 (fval_original = -1321.5, Loss2 = 0.3501)
fval = 428.98 (fval_original = -1321.5, Loss2 = 0.3501)
fval = 428.98 (fval_original = -1321.5, Loss2 = 0.3501)
fval = 428.98 (fval_original = -1321.5, Loss2 = 0.3501)
fval = 428.98 (fval_original = -1321.5, Loss2 = 0.3501)
fval = 428.98 (fval_original = -1321.5, Loss2 = 0.3501)
fval = 428.98 (fval_original = -1321.5, Loss2 = 0.3501)
fval = 428.98 (fval_original = -1321.5, Loss2 = 0.3501)
fval = 428.98 (fval_original = -1321.5, Loss2 = 0.3501)
fval = 428.98 (fval_original = -1321.5, Loss2 = 0.3501)
fval = 428.98 (fval_original = -1321.5, Loss2 = 0.3501)
   59     744    4.289778e+02    0.000e+00    1.871e+05    2.450e-03
fval = 428.46 (fval_original = -1321.7, Loss2 = 0.35004)
fval = 428.46 (fval_original = -1321.7, Loss2 = 0.35004)
fval = 428.46 (fval_original = -1321.7, Loss2 = 0.35004)
fval = 428.46 (fval_original = -1321.7, Loss2 = 0.35004)
fval = 428.46 (fval_original = -1321.7, Loss2 = 0.35004)
fval = 428.46 (fval_original = -1321.7, Loss2 = 0.35004)
fval = 428.46 (fval_original = -1321.7, Loss2 = 0.35004)
fval = 428.46 (fval_original = -1321.7, Loss2 = 0.35004)
fval = 428.46 (fval_original = -1321.7, Loss2 = 0.35004)
fval = 428.46 (fval_original = -1321.7, Loss2 = 0.35004)
fval = 428.46 (fval_original = -1321.7, Loss2 = 0.35004)
   60     755    4.284583e+02    0.000e+00    1.901e+05    2.284e-03
fval = 430.36 (fval_original = -1321.6, Loss2 = 0.3504)
fval = 428.83 (fval_original = -1321.7, Loss2 = 0.35011)
fval = 428.34 (fval_original = -1321.7, Loss2 = 0.35001)
fval = 428.34 (fval_original = -1321.7, Loss2 = 0.35001)
fval = 428.34 (fval_original = -1321.7, Loss2 = 0.35001)
fval = 428.34 (fval_original = -1321.7, Loss2 = 0.35001)
fval = 428.34 (fval_original = -1321.7, Loss2 = 0.35001)
fval = 428.34 (fval_original = -1321.7, Loss2 = 0.35001)
fval = 428.34 (fval_original = -1321.7, Loss2 = 0.35001)
fval = 428.34 (fval_original = -1321.7, Loss2 = 0.35001)
fval = 428.34 (fval_original = -1321.7, Loss2 = 0.35001)
fval = 428.34 (fval_original = -1321.7, Loss2 = 0.35001)
fval = 428.34 (fval_original = -1321.7, Loss2 = 0.35001)

                                            First-order      Norm of
 Iter F-count            f(x)  Feasibility   optimality         step
   61     768    4.283397e+02    0.000e+00    1.731e+05    2.843e-03
fval = 427.92 (fval_original = -1321.5, Loss2 = 0.34988)
fval = 427.92 (fval_original = -1321.5, Loss2 = 0.34988)
fval = 427.92 (fval_original = -1321.5, Loss2 = 0.34989)
fval = 427.92 (fval_original = -1321.5, Loss2 = 0.34988)
fval = 427.92 (fval_original = -1321.5, Loss2 = 0.34988)
fval = 427.92 (fval_original = -1321.5, Loss2 = 0.34988)
fval = 427.92 (fval_original = -1321.5, Loss2 = 0.34988)
fval = 427.92 (fval_original = -1321.5, Loss2 = 0.34988)
fval = 427.92 (fval_original = -1321.5, Loss2 = 0.34988)
fval = 427.92 (fval_original = -1321.5, Loss2 = 0.34988)
fval = 427.92 (fval_original = -1321.5, Loss2 = 0.34988)
   62     779    4.279178e+02    0.000e+00    1.713e+05    1.093e-03
fval = 429.27 (fval_original = -1320.4, Loss2 = 0.34993)
fval = 428.4 (fval_original = -1321, Loss2 = 0.34987)
fval = 428.1 (fval_original = -1321.2, Loss2 = 0.34987)
fval = 427.99 (fval_original = -1321.4, Loss2 = 0.34987)
fval = 428.87 (fval_original = -1320.4, Loss2 = 0.34986)
fval = 428.48 (fval_original = -1321, Loss2 = 0.34989)
fval = 428.31 (fval_original = -1321.2, Loss2 = 0.34991)
fval = 428.24 (fval_original = -1321.4, Loss2 = 0.34993)
fval = 428.17 (fval_original = -1321.5, Loss2 = 0.34993)
fval = 428.12 (fval_original = -1321.5, Loss2 = 0.34992)
fval = 428.09 (fval_original = -1321.5, Loss2 = 0.34992)
fval = 428.08 (fval_original = -1321.5, Loss2 = 0.34991)
fval = 428.07 (fval_original = -1321.5, Loss2 = 0.34991)
fval = 428.06 (fval_original = -1321.5, Loss2 = 0.34991)
fval = 427.98 (fval_original = -1321.5, Loss2 = 0.3499)
fval = 427.95 (fval_original = -1321.5, Loss2 = 0.34989)
fval = 427.93 (fval_original = -1321.5, Loss2 = 0.34989)
fval = 427.92 (fval_original = -1321.5, Loss2 = 0.34989)
fval = 427.91 (fval_original = -1321.5, Loss2 = 0.34988)
fval = 427.91 (fval_original = -1321.5, Loss2 = 0.34988)
fval = 427.92 (fval_original = -1321.5, Loss2 = 0.34988)
fval = 427.92 (fval_original = -1321.5, Loss2 = 0.34988)
fval = 427.91 (fval_original = -1321.5, Loss2 = 0.34988)
fval = 427.91 (fval_original = -1321.5, Loss2 = 0.34988)
fval = 427.91 (fval_original = -1321.5, Loss2 = 0.34988)
fval = 427.91 (fval_original = -1321.5, Loss2 = 0.34988)
fval = 427.91 (fval_original = -1321.5, Loss2 = 0.34988)
fval = 427.91 (fval_original = -1321.5, Loss2 = 0.34988)
fval = 427.91 (fval_original = -1321.5, Loss2 = 0.34988)
   63     808    4.279144e+02    0.000e+00    8.510e+03    5.336e-07

<a href = "matlab: helpview([docroot '/toolbox/optim/msg_csh/optim_msg_csh.map'],'local_min_poss_with_constr','CSHelpWindow');">Local minimum possible. Constraints satisfied</a>.

fmincon stopped because the <a href = "matlab: helpview([docroot '/toolbox/optim/msg_csh/optim_msg_csh.map'],'norm_curr_step_simple_fminconip','CSHelpWindow');">size of the current step</a> is less than
the selected value of the <a href = "matlab: helpview([docroot '/toolbox/optim/msg_csh/optim_msg_csh.map'],'step_size_tol','CSHelpWindow');">step size tolerance</a> and constraints are 
satisfied to within the default value of the <a href = "matlab: helpview([docroot '/toolbox/optim/msg_csh/optim_msg_csh.map'],'constraint_tolerance','CSHelpWindow');">constraint tolerance</a>.

<<a href = "matlab: createExitMsg('barrier',2.000000e+00,true,true,'fmincon',5.242622e-07,'selected',1.000000e-06,0.000000e+00,'default',1.000000e-06,0.000000e+00,'',0.000000e+00);">stopping criteria details</a>>

fval = 634.55 (fval_original = -1114.9, Loss2 = 0.34988)
fval = 634.79 (fval_original = -1114.7, Loss2 = 0.3499)
fval = 634.86 (fval_original = -1115, Loss2 = 0.34998)
fval = 689.87 (fval_original = -1114.8, Loss2 = 0.36093)
fval = 688.96 (fval_original = -1112.6, Loss2 = 0.36031)
fval = 668.82 (fval_original = -1130.2, Loss2 = 0.3598)
fval = 689.1 (fval_original = -1098.8, Loss2 = 0.35759)
fval = 604.15 (fval_original = -1141.8, Loss2 = 0.34919)
fval = 678.63 (fval_original = -1081.8, Loss2 = 0.35208)
fval = 634.9 (fval_original = -1115.3, Loss2 = 0.35004)
fval = 635.26 (fval_original = -1114.5, Loss2 = 0.34995)
fval = 634.89 (fval_original = -1114.9, Loss2 = 0.34995)
fval = 634.7 (fval_original = -1114.9, Loss2 = 0.34991)
fval = 637.01 (fval_original = -1114.5, Loss2 = 0.3503)
fval = 635.38 (fval_original = -1115.3, Loss2 = 0.35013)
fval = 636.6 (fval_original = -1115, Loss2 = 0.35031)
fval = 636.68 (fval_original = -1114.8, Loss2 = 0.35029)
fval = 639.82 (fval_original = -1114.3, Loss2 = 0.35082)
fval = 637.22 (fval_original = -1115.5, Loss2 = 0.35054)
fval = 635.04 (fval_original = -1114.9, Loss2 = 0.34998)
fval = 634.56 (fval_original = -1114.9, Loss2 = 0.34989)
fval = 689.48 (fval_original = -1114.6, Loss2 = 0.36082)
fval = 688.86 (fval_original = -1112.8, Loss2 = 0.36032)
fval = 668.69 (fval_original = -1129.9, Loss2 = 0.35973)
fval = 689.11 (fval_original = -1099, Loss2 = 0.35761)
fval = 603.78 (fval_original = -1141.6, Loss2 = 0.34908)
fval = 678.42 (fval_original = -1082, Loss2 = 0.35208)
fval = 635.2 (fval_original = -1115.1, Loss2 = 0.35006)
fval = 635.62 (fval_original = -1114.6, Loss2 = 0.35005)
fval = 635.14 (fval_original = -1114.7, Loss2 = 0.34997)
fval = 635.01 (fval_original = -1115, Loss2 = 0.35001)
fval = 637.28 (fval_original = -1114.3, Loss2 = 0.35032)
fval = 635.76 (fval_original = -1115.4, Loss2 = 0.35024)
fval = 636.83 (fval_original = -1114.8, Loss2 = 0.35032)
fval = 637 (fval_original = -1115, Loss2 = 0.35039)
fval = 640.17 (fval_original = -1114.1, Loss2 = 0.35086)
fval = 637.57 (fval_original = -1115.6, Loss2 = 0.35064)
fval = 635.28 (fval_original = -1114.7, Loss2 = 0.35)
fval = 634.87 (fval_original = -1115, Loss2 = 0.34998)
fval = 636.92 (fval_original = -1130, Loss2 = 0.35339)
fval = 648.73 (fval_original = -1096.5, Loss2 = 0.34905)
fval = 652.34 (fval_original = -1141.7, Loss2 = 0.3588)
fval = 726.92 (fval_original = -1079.5, Loss2 = 0.36128)
fval = 688.7 (fval_original = -1115.2, Loss2 = 0.36078)
fval = 688.83 (fval_original = -1112.2, Loss2 = 0.36021)
fval = 690.15 (fval_original = -1114.8, Loss2 = 0.36098)
fval = 689.12 (fval_original = -1112.6, Loss2 = 0.36034)
fval = 691.52 (fval_original = -1114.4, Loss2 = 0.36118)
fval = 688.71 (fval_original = -1113, Loss2 = 0.36034)
fval = 692.05 (fval_original = -1114.9, Loss2 = 0.36138)
fval = 690.84 (fval_original = -1112.5, Loss2 = 0.36067)
fval = 691.3 (fval_original = -1114.2, Loss2 = 0.3611)
fval = 690.94 (fval_original = -1113.2, Loss2 = 0.36083)
fval = 690.31 (fval_original = -1114.8, Loss2 = 0.36102)
fval = 689.02 (fval_original = -1112.6, Loss2 = 0.36032)
fval = 640.95 (fval_original = -1154.4, Loss2 = 0.35907)
fval = 737.16 (fval_original = -1061.9, Loss2 = 0.35981)
fval = 668.66 (fval_original = -1130.5, Loss2 = 0.35983)
fval = 689.67 (fval_original = -1098.3, Loss2 = 0.3576)
fval = 668.68 (fval_original = -1130.2, Loss2 = 0.35977)
fval = 688.78 (fval_original = -1098.8, Loss2 = 0.35752)
fval = 668.63 (fval_original = -1129.8, Loss2 = 0.35969)
fval = 687.05 (fval_original = -1099.3, Loss2 = 0.35726)
fval = 666.83 (fval_original = -1130.2, Loss2 = 0.35941)
fval = 687.11 (fval_original = -1098.7, Loss2 = 0.35717)
fval = 666.48 (fval_original = -1129.6, Loss2 = 0.35922)
fval = 686.57 (fval_original = -1099.5, Loss2 = 0.35722)
fval = 668.79 (fval_original = -1130.2, Loss2 = 0.35979)
fval = 688.63 (fval_original = -1098.8, Loss2 = 0.35749)
fval = 603.38 (fval_original = -1142.3, Loss2 = 0.34913)
fval = 678.37 (fval_original = -1081.5, Loss2 = 0.35197)
fval = 603.99 (fval_original = -1141.8, Loss2 = 0.34915)
fval = 678.29 (fval_original = -1081.8, Loss2 = 0.35201)
fval = 603.33 (fval_original = -1141.5, Loss2 = 0.34896)
fval = 676.16 (fval_original = -1082.2, Loss2 = 0.35168)
fval = 602.03 (fval_original = -1141.9, Loss2 = 0.34878)
fval = 676.61 (fval_original = -1081.7, Loss2 = 0.35166)
fval = 603.89 (fval_original = -1141.2, Loss2 = 0.34903)
fval = 674.96 (fval_original = -1082.4, Loss2 = 0.35148)
fval = 604.14 (fval_original = -1141.8, Loss2 = 0.34918)
fval = 678.14 (fval_original = -1081.8, Loss2 = 0.35198)
fval = 635.25 (fval_original = -1115.3, Loss2 = 0.35011)
fval = 635.42 (fval_original = -1114.5, Loss2 = 0.34998)
fval = 637.47 (fval_original = -1114.9, Loss2 = 0.35047)
fval = 636.22 (fval_original = -1114.9, Loss2 = 0.35021)
fval = 636.89 (fval_original = -1115.4, Loss2 = 0.35045)
fval = 637.4 (fval_original = -1114.4, Loss2 = 0.35036)
fval = 640.6 (fval_original = -1114.7, Loss2 = 0.35106)
fval = 638 (fval_original = -1115.1, Loss2 = 0.35061)
fval = 635.4 (fval_original = -1115.3, Loss2 = 0.35013)
fval = 635.27 (fval_original = -1114.5, Loss2 = 0.34995)
fval = 637.36 (fval_original = -1114.5, Loss2 = 0.35037)
fval = 635.54 (fval_original = -1115.3, Loss2 = 0.35016)
fval = 636.94 (fval_original = -1115, Loss2 = 0.35038)
fval = 636.84 (fval_original = -1114.8, Loss2 = 0.35032)
fval = 640.18 (fval_original = -1114.3, Loss2 = 0.35089)
fval = 637.37 (fval_original = -1115.5, Loss2 = 0.35057)
fval = 635.38 (fval_original = -1114.9, Loss2 = 0.35005)
fval = 634.71 (fval_original = -1114.9, Loss2 = 0.34992)
fval = 639.02 (fval_original = -1114.6, Loss2 = 0.35072)
fval = 637.53 (fval_original = -1115.2, Loss2 = 0.35054)
fval = 642.54 (fval_original = -1113.9, Loss2 = 0.35129)
fval = 638.14 (fval_original = -1115.8, Loss2 = 0.3508)
fval = 637.5 (fval_original = -1114.5, Loss2 = 0.3504)
fval = 635.39 (fval_original = -1115.3, Loss2 = 0.35013)
fval = 641.68 (fval_original = -1114.4, Loss2 = 0.35121)
fval = 639.37 (fval_original = -1115.4, Loss2 = 0.35095)
fval = 637.09 (fval_original = -1115, Loss2 = 0.35041)
fval = 636.69 (fval_original = -1114.8, Loss2 = 0.3503)
fval = 640.32 (fval_original = -1114.3, Loss2 = 0.35092)
fval = 637.23 (fval_original = -1115.5, Loss2 = 0.35054)

POSTERIOR KERNEL OPTIMIZATION PROBLEM!
 (minus) the hessian matrix at the "mode" is not positive definite!
=> posterior variance of the estimated parameters are not positive.
You should try to change the initial values of the parameters using
the estimated_params_init block, or use another optimization routine.
[Warning: The results below are most likely wrong!] 
[> In <a href="matlab:matlab.internal.language.introspective.errorDocCallback('dynare_estimation_1', 'C:\dynare\4.4.3\matlab\dynare_estimation_1.m', 694)" style="font-weight:bold">dynare_estimation_1</a> (<a href="matlab: opentoline('C:\dynare\4.4.3\matlab\dynare_estimation_1.m',694,0)">line 694</a>)
  In <a href="matlab:matlab.internal.language.introspective.errorDocCallback('dynare_estimation', 'C:\dynare\4.4.3\matlab\dynare_estimation.m', 89)" style="font-weight:bold">dynare_estimation</a> (<a href="matlab: opentoline('C:\dynare\4.4.3\matlab\dynare_estimation.m',89,0)">line 89</a>)
  In <a href="matlab:matlab.internal.language.introspective.errorDocCallback('ireland', 'C:\Users\pedm\Documents\EllisonAscariProject\Ireland2010\ireland.m', 251)" style="font-weight:bold">ireland</a> (<a href="matlab: opentoline('C:\Users\pedm\Documents\EllisonAscariProject\Ireland2010\ireland.m',251,0)">line 251</a>)
  In <a href="matlab:matlab.internal.language.introspective.errorDocCallback('dynare', 'C:\dynare\4.4.3\matlab\dynare.m', 180)" style="font-weight:bold">dynare</a> (<a href="matlab: opentoline('C:\dynare\4.4.3\matlab\dynare.m',180,0)">line 180</a>)] 

RESULTS FROM MAXIMUM LIKELIHOOD ESTIMATION
parameters
          Estimate    s.d. t-stat

gamma       0.5354  0.0012 432.6489 
alpha       0.0003  0.0003  0.8067 
rhop        0.4873  0.0006 867.1318 
rhog        0.0072  0.0001 76.3854 
rhoa        0.6299  0.0004 1666.0356 
rhoe        0.0001  0.0003  0.3001 

standard deviation of shocks
          Estimate    s.d. t-stat

epsilon_a   0.0392  0.0003 122.1865 
epsilon_e   0.0025  0.0000 196.2702 
epsilon_z   0.0027  0.0000 194.1904 
epsilon_r   0.0029  0.0000 88.5886 

cov_matrix =
   1.0e-03 *
    0.7347   -0.0033    0.0179   -0.0041
   -0.0033    0.0092   -0.0008   -0.0014
    0.0179   -0.0008    0.0045   -0.0002
   -0.0041   -0.0014   -0.0002    0.0023
corrcoef_matrix =
    1.0000   -0.0399    0.3105   -0.1007
   -0.0399    1.0000   -0.1239   -0.3019
    0.3105   -0.1239    1.0000   -0.0526
   -0.1007   -0.3019   -0.0526    1.0000
DegreeContemporaneousCC =
    0.3499
Total computing time : 0h00m23s
Note: warning(s) encountered in MATLAB/Octave code
