Starting Dynare (version 4.4.3).
Starting preprocessing of the model file ...
Found 10 equation(s).
Evaluating expressions...done
Computing static model derivatives:
 - order 1
Computing dynamic model derivatives:
 - order 1
 - order 2
Processing outputs ...done
Preprocessing completed.
Starting MATLAB/Octave computing.

STEADY-STATE RESULTS:

a      		 0
y      		 0
lambda 		 0
r      		 0
pi     		 0
e      		 0
g      		 0
zhat   		 0
q      		 0
x      		 0

EIGENVALUES:
         Modulus             Real        Imaginary

               0                0                0
               0                0                0
          0.3536           0.3536                0
          0.3886           0.3886                0
          0.6762           0.6762                0
          0.9797           0.9797                0
           1.303            1.284            0.223
           1.303            1.284           -0.223
           2.469            2.469                0
           2.577            2.577                0


There are 4 eigenvalue(s) larger than 1 in modulus 
for 4 forward-looking variable(s)

The rank condition is verified.


You did not declare endogenous variables after the estimation/calib_smoother command.

Loading 108 observations from IrelandData.mat

fval = -184.84 (fval_original = -1143.5, Loss2 = 0.95867)
Initial value of the log posterior (or likelihood): 184.8432
fval = -184.84 (fval_original = -1143.5, Loss2 = 0.95867)
fval = -184.84 (fval_original = -1143.5, Loss2 = 0.95867)
fval = -184.86 (fval_original = -1143.5, Loss2 = 0.95865)
fval = -184.84 (fval_original = -1143.5, Loss2 = 0.95867)
fval = -184.84 (fval_original = -1143.5, Loss2 = 0.95867)
fval = -184.84 (fval_original = -1143.5, Loss2 = 0.95867)
fval = -184.84 (fval_original = -1143.5, Loss2 = 0.95867)
fval = -184.84 (fval_original = -1143.5, Loss2 = 0.95867)
fval = -184.84 (fval_original = -1143.5, Loss2 = 0.95867)
fval = -184.84 (fval_original = -1143.5, Loss2 = 0.95867)
fval = -184.84 (fval_original = -1143.5, Loss2 = 0.95867)
                                            First-order      Norm of
 Iter F-count            f(x)  Feasibility   optimality         step
    0      11   -1.848432e+02    0.000e+00    9.190e+05
fval = 9.2277e+06 (fval_original = 9.2262e+06, Loss2 = 1.5759)
fval = 2.0518e+06 (fval_original = 2.0502e+06, Loss2 = 1.6009)
fval = 4.8535e+05 (fval_original = 4.8378e+05, Loss2 = 1.5736)
fval = 1.1834e+05 (fval_original = 1.1678e+05, Loss2 = 1.5543)
fval = 2112.7 (fval_original = 268.97, Loss2 = 1.8437)
fval = 416.52 (fval_original = -1059.9, Loss2 = 1.4765)
fval = -190.77 (fval_original = -1312.6, Loss2 = 1.1219)
fval = -190.77 (fval_original = -1312.6, Loss2 = 1.1219)
fval = -190.76 (fval_original = -1312.6, Loss2 = 1.1219)
fval = -190.77 (fval_original = -1312.6, Loss2 = 1.1219)
fval = -190.77 (fval_original = -1312.6, Loss2 = 1.1219)
fval = -190.77 (fval_original = -1312.6, Loss2 = 1.1219)
fval = -190.77 (fval_original = -1312.6, Loss2 = 1.1219)
fval = -190.77 (fval_original = -1312.6, Loss2 = 1.1219)
fval = -190.77 (fval_original = -1312.6, Loss2 = 1.1219)
fval = -190.77 (fval_original = -1312.6, Loss2 = 1.1219)
fval = -190.77 (fval_original = -1312.6, Loss2 = 1.1219)
    1      28   -1.907669e+02    0.000e+00    8.364e+04    7.087e-01
fval = 2051.6 (fval_original = 910.48, Loss2 = 1.1411)
fval = -336.21 (fval_original = -1331.3, Loss2 = 0.99507)
fval = -336.21 (fval_original = -1331.3, Loss2 = 0.99507)
fval = -336.2 (fval_original = -1331.3, Loss2 = 0.99508)
fval = -336.21 (fval_original = -1331.3, Loss2 = 0.99507)
fval = -336.21 (fval_original = -1331.3, Loss2 = 0.99507)
fval = -336.21 (fval_original = -1331.3, Loss2 = 0.99507)
fval = -336.21 (fval_original = -1331.3, Loss2 = 0.99507)
fval = -336.21 (fval_original = -1331.3, Loss2 = 0.99507)
fval = -336.21 (fval_original = -1331.3, Loss2 = 0.99507)
fval = -336.21 (fval_original = -1331.3, Loss2 = 0.99507)
fval = -336.21 (fval_original = -1331.3, Loss2 = 0.99507)
    2      40   -3.362060e+02    0.000e+00    7.508e+04    2.334e-01
fval = 2283.2 (fval_original = -55.866, Loss2 = 2.339)
fval = 2045.7 (fval_original = -283.25, Loss2 = 2.3289)
fval = 1766.1 (fval_original = -546.38, Loss2 = 2.3125)
fval = 1451.2 (fval_original = -819.91, Loss2 = 2.2711)
fval = 830.87 (fval_original = -1128.2, Loss2 = 1.9591)
fval = 454.77 (fval_original = -1279.3, Loss2 = 1.7341)
fval = -50.926 (fval_original = -1344, Loss2 = 1.2931)
fval = -344.86 (fval_original = -1352.6, Loss2 = 1.0077)
fval = -344.86 (fval_original = -1352.6, Loss2 = 1.0077)
fval = -344.87 (fval_original = -1352.6, Loss2 = 1.0077)
fval = -344.86 (fval_original = -1352.6, Loss2 = 1.0077)
fval = -344.86 (fval_original = -1352.6, Loss2 = 1.0077)
fval = -344.86 (fval_original = -1352.6, Loss2 = 1.0077)
fval = -344.86 (fval_original = -1352.6, Loss2 = 1.0077)
fval = -344.86 (fval_original = -1352.6, Loss2 = 1.0077)
fval = -344.86 (fval_original = -1352.6, Loss2 = 1.0077)
fval = -344.86 (fval_original = -1352.6, Loss2 = 1.0077)
fval = -344.86 (fval_original = -1352.6, Loss2 = 1.0077)
    3      58   -3.448634e+02    0.000e+00    6.546e+05    1.617e-01
fval = -384.3 (fval_original = -1378.7, Loss2 = 0.99441)
fval = -384.3 (fval_original = -1378.7, Loss2 = 0.99441)
fval = -384.31 (fval_original = -1378.7, Loss2 = 0.9944)
fval = -384.3 (fval_original = -1378.7, Loss2 = 0.99441)
fval = -384.3 (fval_original = -1378.7, Loss2 = 0.99441)
fval = -384.3 (fval_original = -1378.7, Loss2 = 0.99441)
fval = -384.3 (fval_original = -1378.7, Loss2 = 0.99441)
fval = -384.3 (fval_original = -1378.7, Loss2 = 0.99441)
fval = -384.3 (fval_original = -1378.7, Loss2 = 0.99441)
fval = -384.3 (fval_original = -1378.7, Loss2 = 0.99441)
fval = -384.3 (fval_original = -1378.7, Loss2 = 0.99441)
    4      70   -3.843031e+02    0.000e+00    5.328e+05    1.465e-01
fval = 4.8091e+06 (fval_original = 4.8082e+06, Loss2 = 0.99484)
fval = -264.79 (fval_original = -1236.4, Loss2 = 0.97162)
fval = -387.4 (fval_original = -1370.5, Loss2 = 0.98311)
fval = -387.4 (fval_original = -1370.5, Loss2 = 0.98311)
fval = -387.41 (fval_original = -1370.5, Loss2 = 0.98311)
fval = -387.4 (fval_original = -1370.5, Loss2 = 0.98311)
fval = -387.4 (fval_original = -1370.5, Loss2 = 0.98311)
fval = -387.4 (fval_original = -1370.5, Loss2 = 0.98311)
fval = -387.4 (fval_original = -1370.5, Loss2 = 0.98311)
fval = -387.4 (fval_original = -1370.5, Loss2 = 0.98311)
fval = -387.4 (fval_original = -1370.5, Loss2 = 0.98311)
fval = -387.4 (fval_original = -1370.5, Loss2 = 0.98311)
fval = -387.4 (fval_original = -1370.5, Loss2 = 0.98311)
    5      83   -3.873979e+02    0.000e+00    4.743e+05    1.714e-01
fval = 103.87 (fval_original = -775.42, Loss2 = 0.87929)
fval = -37.672 (fval_original = -887.29, Loss2 = 0.84962)
fval = -157.77 (fval_original = -1012.9, Loss2 = 0.85513)
fval = -270.52 (fval_original = -1129.5, Loss2 = 0.85901)
fval = -403.55 (fval_original = -1387.2, Loss2 = 0.98364)
fval = -403.55 (fval_original = -1387.2, Loss2 = 0.98364)
fval = -403.54 (fval_original = -1387.2, Loss2 = 0.98364)
fval = -403.55 (fval_original = -1387.2, Loss2 = 0.98364)
fval = -403.55 (fval_original = -1387.2, Loss2 = 0.98364)
fval = -403.55 (fval_original = -1387.2, Loss2 = 0.98364)
fval = -403.55 (fval_original = -1387.2, Loss2 = 0.98364)
fval = -403.55 (fval_original = -1387.2, Loss2 = 0.98364)
fval = -403.55 (fval_original = -1387.2, Loss2 = 0.98364)
fval = -403.55 (fval_original = -1387.2, Loss2 = 0.98364)
fval = -403.55 (fval_original = -1387.2, Loss2 = 0.98364)
    6      98   -4.035465e+02    0.000e+00    6.953e+04    3.977e-01
fval = 200.69 (fval_original = -631.41, Loss2 = 0.8321)
fval = -457.46 (fval_original = -1356.9, Loss2 = 0.89943)
fval = -457.46 (fval_original = -1356.9, Loss2 = 0.89943)
fval = -457.46 (fval_original = -1356.9, Loss2 = 0.89943)
fval = -457.46 (fval_original = -1356.9, Loss2 = 0.89943)
fval = -457.46 (fval_original = -1356.9, Loss2 = 0.89943)
fval = -457.46 (fval_original = -1356.9, Loss2 = 0.89943)
fval = -457.46 (fval_original = -1356.9, Loss2 = 0.89943)
fval = -457.46 (fval_original = -1356.9, Loss2 = 0.89943)
fval = -457.46 (fval_original = -1356.9, Loss2 = 0.89943)
fval = -457.46 (fval_original = -1356.9, Loss2 = 0.89943)
fval = -457.46 (fval_original = -1356.9, Loss2 = 0.89943)
    7     110   -4.574609e+02    0.000e+00    1.117e+05    1.945e-01
fval = -542.14 (fval_original = -1365.5, Loss2 = 0.82339)
fval = -542.14 (fval_original = -1365.5, Loss2 = 0.82339)
fval = -542.14 (fval_original = -1365.5, Loss2 = 0.82339)
fval = -542.14 (fval_original = -1365.5, Loss2 = 0.82339)
fval = -542.14 (fval_original = -1365.5, Loss2 = 0.82339)
fval = -542.14 (fval_original = -1365.5, Loss2 = 0.82339)
fval = -542.14 (fval_original = -1365.5, Loss2 = 0.82339)
fval = -542.14 (fval_original = -1365.5, Loss2 = 0.82339)
fval = -542.14 (fval_original = -1365.5, Loss2 = 0.82339)
fval = -542.14 (fval_original = -1365.5, Loss2 = 0.82339)
fval = -542.14 (fval_original = -1365.5, Loss2 = 0.82339)
    8     121   -5.421368e+02    0.000e+00    9.211e+04    2.118e-01
fval = -545.6 (fval_original = -1365.7, Loss2 = 0.82008)
fval = -545.6 (fval_original = -1365.7, Loss2 = 0.82008)
fval = -545.6 (fval_original = -1365.7, Loss2 = 0.82009)
fval = -545.6 (fval_original = -1365.7, Loss2 = 0.82008)
fval = -545.6 (fval_original = -1365.7, Loss2 = 0.82008)
fval = -545.6 (fval_original = -1365.7, Loss2 = 0.82008)
fval = -545.6 (fval_original = -1365.7, Loss2 = 0.82008)
fval = -545.6 (fval_original = -1365.7, Loss2 = 0.82008)
fval = -545.6 (fval_original = -1365.7, Loss2 = 0.82008)
fval = -545.6 (fval_original = -1365.7, Loss2 = 0.82008)
fval = -545.6 (fval_original = -1365.7, Loss2 = 0.82008)
    9     132   -5.455981e+02    0.000e+00    3.104e+04    9.763e-03
fval = 71986 (fval_original = 70221, Loss2 = 1.7644)
fval = -469.37 (fval_original = -1287.1, Loss2 = 0.81775)
fval = -544.04 (fval_original = -1346.7, Loss2 = 0.8027)
fval = -550.39 (fval_original = -1358.9, Loss2 = 0.80856)
fval = -550.39 (fval_original = -1358.9, Loss2 = 0.80856)
fval = -550.39 (fval_original = -1358.9, Loss2 = 0.80856)
fval = -550.39 (fval_original = -1358.9, Loss2 = 0.80856)
fval = -550.39 (fval_original = -1358.9, Loss2 = 0.80856)
fval = -550.39 (fval_original = -1358.9, Loss2 = 0.80856)
fval = -550.39 (fval_original = -1358.9, Loss2 = 0.80856)
fval = -550.39 (fval_original = -1358.9, Loss2 = 0.80856)
fval = -550.39 (fval_original = -1358.9, Loss2 = 0.80856)
fval = -550.39 (fval_original = -1358.9, Loss2 = 0.80856)
fval = -550.39 (fval_original = -1358.9, Loss2 = 0.80856)
   10     146   -5.503919e+02    0.000e+00    3.142e+04    8.398e-02
fval = -306.04 (fval_original = -1069.8, Loss2 = 0.76377)
fval = -632.2 (fval_original = -1329.2, Loss2 = 0.697)
fval = -632.2 (fval_original = -1329.2, Loss2 = 0.697)
fval = -632.2 (fval_original = -1329.2, Loss2 = 0.697)
fval = -632.2 (fval_original = -1329.2, Loss2 = 0.697)
fval = -632.2 (fval_original = -1329.2, Loss2 = 0.697)
fval = -632.2 (fval_original = -1329.2, Loss2 = 0.697)
fval = -632.2 (fval_original = -1329.2, Loss2 = 0.697)
fval = -632.2 (fval_original = -1329.2, Loss2 = 0.697)
fval = -632.2 (fval_original = -1329.2, Loss2 = 0.697)
fval = -632.2 (fval_original = -1329.2, Loss2 = 0.697)
fval = -632.2 (fval_original = -1329.2, Loss2 = 0.697)
   11     159   -6.322029e+02    0.000e+00    4.633e+04    4.069e-01
fval = -737.21 (fval_original = -1380.2, Loss2 = 0.64302)
fval = -737.21 (fval_original = -1380.2, Loss2 = 0.64302)
fval = -737.21 (fval_original = -1380.2, Loss2 = 0.64302)
fval = -737.21 (fval_original = -1380.2, Loss2 = 0.64302)
fval = -737.21 (fval_original = -1380.2, Loss2 = 0.64302)
fval = -737.21 (fval_original = -1380.2, Loss2 = 0.64302)
fval = -737.21 (fval_original = -1380.2, Loss2 = 0.64302)
fval = -737.21 (fval_original = -1380.2, Loss2 = 0.64302)
fval = -737.21 (fval_original = -1380.2, Loss2 = 0.64302)
fval = -737.21 (fval_original = -1380.2, Loss2 = 0.64302)
fval = -737.21 (fval_original = -1380.2, Loss2 = 0.64302)
   12     170   -7.372096e+02    0.000e+00    5.480e+04    5.927e-01
fval = -738.86 (fval_original = -1379.8, Loss2 = 0.64092)
fval = -738.86 (fval_original = -1379.8, Loss2 = 0.64092)
fval = -738.86 (fval_original = -1379.8, Loss2 = 0.64092)
fval = -738.86 (fval_original = -1379.8, Loss2 = 0.64092)
fval = -738.86 (fval_original = -1379.8, Loss2 = 0.64092)
fval = -738.86 (fval_original = -1379.8, Loss2 = 0.64092)
fval = -738.86 (fval_original = -1379.8, Loss2 = 0.64092)
fval = -738.86 (fval_original = -1379.8, Loss2 = 0.64092)
fval = -738.86 (fval_original = -1379.8, Loss2 = 0.64092)
fval = -738.86 (fval_original = -1379.8, Loss2 = 0.64092)
fval = -738.86 (fval_original = -1379.8, Loss2 = 0.64092)
   13     181   -7.388604e+02    0.000e+00    5.157e+04    3.074e-03
fval = -627.86 (fval_original = -1266.9, Loss2 = 0.63908)
fval = -757.93 (fval_original = -1347.5, Loss2 = 0.58957)
fval = -757.93 (fval_original = -1347.5, Loss2 = 0.58957)
fval = -757.93 (fval_original = -1347.5, Loss2 = 0.58957)
fval = -757.93 (fval_original = -1347.5, Loss2 = 0.58957)
fval = -757.93 (fval_original = -1347.5, Loss2 = 0.58957)
fval = -757.93 (fval_original = -1347.5, Loss2 = 0.58957)
fval = -757.93 (fval_original = -1347.5, Loss2 = 0.58957)
fval = -757.93 (fval_original = -1347.5, Loss2 = 0.58957)
fval = -757.93 (fval_original = -1347.5, Loss2 = 0.58957)
fval = -757.93 (fval_original = -1347.5, Loss2 = 0.58957)
fval = -757.93 (fval_original = -1347.5, Loss2 = 0.58957)
   14     195   -7.579316e+02    0.000e+00    2.953e+04    1.860e-01
fval = -833.36 (fval_original = -1420.5, Loss2 = 0.5871)
fval = -833.36 (fval_original = -1420.5, Loss2 = 0.5871)
fval = -833.36 (fval_original = -1420.5, Loss2 = 0.5871)
fval = -833.36 (fval_original = -1420.5, Loss2 = 0.5871)
fval = -833.36 (fval_original = -1420.5, Loss2 = 0.5871)
fval = -833.36 (fval_original = -1420.5, Loss2 = 0.5871)
fval = -833.36 (fval_original = -1420.5, Loss2 = 0.5871)
fval = -833.36 (fval_original = -1420.5, Loss2 = 0.5871)
fval = -833.36 (fval_original = -1420.5, Loss2 = 0.5871)
fval = -833.36 (fval_original = -1420.5, Loss2 = 0.5871)
fval = -833.36 (fval_original = -1420.5, Loss2 = 0.5871)
   15     206   -8.333645e+02    0.000e+00    2.140e+04    1.548e-01
fval = 59021 (fval_original = 58020, Loss2 = 1.0014)
fval = -772.2 (fval_original = -1356.2, Loss2 = 0.58396)
fval = -832.87 (fval_original = -1411.6, Loss2 = 0.57877)
fval = -837.11 (fval_original = -1419, Loss2 = 0.58185)
fval = -837.11 (fval_original = -1419, Loss2 = 0.58185)
fval = -837.11 (fval_original = -1419, Loss2 = 0.58185)
fval = -837.11 (fval_original = -1419, Loss2 = 0.58185)
fval = -837.11 (fval_original = -1419, Loss2 = 0.58185)
fval = -837.11 (fval_original = -1419, Loss2 = 0.58185)
fval = -837.11 (fval_original = -1419, Loss2 = 0.58185)
fval = -837.11 (fval_original = -1419, Loss2 = 0.58185)
fval = -837.11 (fval_original = -1419, Loss2 = 0.58185)
fval = -837.11 (fval_original = -1419, Loss2 = 0.58185)
fval = -837.11 (fval_original = -1419, Loss2 = 0.58185)
   16     220   -8.371110e+02    0.000e+00    2.425e+04    4.517e-02
fval = 7.6154e+05 (fval_original = 7.6096e+05, Loss2 = 0.57593)
fval = -845.22 (fval_original = -1423.8, Loss2 = 0.57859)
fval = -845.22 (fval_original = -1423.8, Loss2 = 0.57859)
fval = -845.22 (fval_original = -1423.8, Loss2 = 0.57859)
fval = -845.22 (fval_original = -1423.8, Loss2 = 0.57859)
fval = -845.22 (fval_original = -1423.8, Loss2 = 0.57859)
fval = -845.22 (fval_original = -1423.8, Loss2 = 0.57859)
fval = -845.22 (fval_original = -1423.8, Loss2 = 0.57859)
fval = -845.22 (fval_original = -1423.8, Loss2 = 0.57859)
fval = -845.22 (fval_original = -1423.8, Loss2 = 0.57859)
fval = -845.22 (fval_original = -1423.8, Loss2 = 0.57859)
fval = -845.22 (fval_original = -1423.8, Loss2 = 0.57859)
   17     232   -8.452236e+02    0.000e+00    6.388e+04    7.741e-02
fval = -857.39 (fval_original = -1427.5, Loss2 = 0.57007)
fval = -857.39 (fval_original = -1427.5, Loss2 = 0.57007)
fval = -857.39 (fval_original = -1427.5, Loss2 = 0.57007)
fval = -857.39 (fval_original = -1427.5, Loss2 = 0.57007)
fval = -857.39 (fval_original = -1427.5, Loss2 = 0.57007)
fval = -857.39 (fval_original = -1427.5, Loss2 = 0.57007)
fval = -857.39 (fval_original = -1427.5, Loss2 = 0.57007)
fval = -857.39 (fval_original = -1427.5, Loss2 = 0.57007)
fval = -857.39 (fval_original = -1427.5, Loss2 = 0.57007)
fval = -857.39 (fval_original = -1427.5, Loss2 = 0.57007)
fval = -857.39 (fval_original = -1427.5, Loss2 = 0.57007)
   18     243   -8.573944e+02    0.000e+00    1.853e+04    1.359e-02
fval = -868.44 (fval_original = -1425.7, Loss2 = 0.5573)
fval = -868.44 (fval_original = -1425.7, Loss2 = 0.5573)
fval = -868.44 (fval_original = -1425.7, Loss2 = 0.5573)
fval = -868.44 (fval_original = -1425.7, Loss2 = 0.5573)
fval = -868.44 (fval_original = -1425.7, Loss2 = 0.5573)
fval = -868.44 (fval_original = -1425.7, Loss2 = 0.5573)
fval = -868.44 (fval_original = -1425.7, Loss2 = 0.5573)
fval = -868.44 (fval_original = -1425.7, Loss2 = 0.5573)
fval = -868.44 (fval_original = -1425.7, Loss2 = 0.5573)
fval = -868.44 (fval_original = -1425.7, Loss2 = 0.5573)
fval = -868.44 (fval_original = -1425.7, Loss2 = 0.5573)
   19     254   -8.684410e+02    0.000e+00    1.546e+04    3.359e-02
fval = -748.03 (fval_original = -1397.8, Loss2 = 0.64972)
fval = -833.72 (fval_original = -1418, Loss2 = 0.5843)
fval = -861.51 (fval_original = -1423, Loss2 = 0.56144)
fval = -871.66 (fval_original = -1424.6, Loss2 = 0.55292)
fval = -871.66 (fval_original = -1424.6, Loss2 = 0.55292)
fval = -871.66 (fval_original = -1424.6, Loss2 = 0.55292)
fval = -871.66 (fval_original = -1424.6, Loss2 = 0.55292)
fval = -871.66 (fval_original = -1424.6, Loss2 = 0.55292)
fval = -871.66 (fval_original = -1424.6, Loss2 = 0.55292)
fval = -871.66 (fval_original = -1424.6, Loss2 = 0.55292)
fval = -871.66 (fval_original = -1424.6, Loss2 = 0.55292)
fval = -871.66 (fval_original = -1424.6, Loss2 = 0.55292)
fval = -871.66 (fval_original = -1424.6, Loss2 = 0.55292)
fval = -871.66 (fval_original = -1424.6, Loss2 = 0.55292)
   20     268   -8.716606e+02    0.000e+00    3.641e+04    1.653e-02
fval = 9277 (fval_original = 8892, Loss2 = 0.385)
fval = -811.65 (fval_original = -1334, Loss2 = 0.52235)
fval = -880.05 (fval_original = -1404.5, Loss2 = 0.52449)
fval = -880.05 (fval_original = -1404.5, Loss2 = 0.52449)
fval = -880.05 (fval_original = -1404.5, Loss2 = 0.52449)
fval = -880.05 (fval_original = -1404.5, Loss2 = 0.52449)
fval = -880.05 (fval_original = -1404.5, Loss2 = 0.52449)
fval = -880.05 (fval_original = -1404.5, Loss2 = 0.52449)
fval = -880.05 (fval_original = -1404.5, Loss2 = 0.52449)
fval = -880.05 (fval_original = -1404.5, Loss2 = 0.52449)
fval = -880.05 (fval_original = -1404.5, Loss2 = 0.52449)
fval = -880.05 (fval_original = -1404.5, Loss2 = 0.52449)
fval = -880.05 (fval_original = -1404.5, Loss2 = 0.52449)
   21     281   -8.800497e+02    0.000e+00    6.285e+03    9.559e-02
fval = -145.89 (fval_original = -633.8, Loss2 = 0.48791)
fval = -826.11 (fval_original = -1331.6, Loss2 = 0.50553)
fval = -868.51 (fval_original = -1379.9, Loss2 = 0.51141)
fval = -877.17 (fval_original = -1394.2, Loss2 = 0.517)
fval = -882.39 (fval_original = -1409.8, Loss2 = 0.5274)
fval = -882.39 (fval_original = -1409.8, Loss2 = 0.5274)
fval = -882.39 (fval_original = -1409.8, Loss2 = 0.5274)
fval = -882.39 (fval_original = -1409.8, Loss2 = 0.5274)
fval = -882.39 (fval_original = -1409.8, Loss2 = 0.5274)
fval = -882.39 (fval_original = -1409.8, Loss2 = 0.5274)
fval = -882.39 (fval_original = -1409.8, Loss2 = 0.5274)
fval = -882.39 (fval_original = -1409.8, Loss2 = 0.5274)
fval = -882.39 (fval_original = -1409.8, Loss2 = 0.5274)
fval = -882.39 (fval_original = -1409.8, Loss2 = 0.5274)
fval = -882.39 (fval_original = -1409.8, Loss2 = 0.5274)
   22     296   -8.823884e+02    0.000e+00    1.548e+04    5.573e-02
fval = -863.99 (fval_original = -1434.7, Loss2 = 0.57072)
fval = -879.3 (fval_original = -1427.7, Loss2 = 0.54838)
fval = -883.1 (fval_original = -1420.7, Loss2 = 0.53758)
fval = -883.1 (fval_original = -1420.7, Loss2 = 0.53758)
fval = -883.1 (fval_original = -1420.7, Loss2 = 0.53758)
fval = -883.1 (fval_original = -1420.7, Loss2 = 0.53758)
fval = -883.1 (fval_original = -1420.7, Loss2 = 0.53758)
fval = -883.1 (fval_original = -1420.7, Loss2 = 0.53758)
fval = -883.1 (fval_original = -1420.7, Loss2 = 0.53758)
fval = -883.1 (fval_original = -1420.7, Loss2 = 0.53758)
fval = -883.1 (fval_original = -1420.7, Loss2 = 0.53758)
fval = -883.1 (fval_original = -1420.7, Loss2 = 0.53758)
fval = -883.1 (fval_original = -1420.7, Loss2 = 0.53758)
   23     309   -8.831023e+02    0.000e+00    7.350e+03    1.773e-02
fval = -885.87 (fval_original = -1415.6, Loss2 = 0.52975)
fval = -885.87 (fval_original = -1415.6, Loss2 = 0.52975)
fval = -885.87 (fval_original = -1415.6, Loss2 = 0.52975)
fval = -885.87 (fval_original = -1415.6, Loss2 = 0.52975)
fval = -885.87 (fval_original = -1415.6, Loss2 = 0.52975)
fval = -885.87 (fval_original = -1415.6, Loss2 = 0.52975)
fval = -885.87 (fval_original = -1415.6, Loss2 = 0.52975)
fval = -885.87 (fval_original = -1415.6, Loss2 = 0.52975)
fval = -885.87 (fval_original = -1415.6, Loss2 = 0.52975)
fval = -885.87 (fval_original = -1415.6, Loss2 = 0.52975)
fval = -885.87 (fval_original = -1415.6, Loss2 = 0.52975)
   24     320   -8.858662e+02    0.000e+00    1.770e+03    2.163e-02
fval = -887.23 (fval_original = -1413.4, Loss2 = 0.52617)
fval = -887.23 (fval_original = -1413.4, Loss2 = 0.52617)
fval = -887.23 (fval_original = -1413.4, Loss2 = 0.52617)
fval = -887.23 (fval_original = -1413.4, Loss2 = 0.52617)
fval = -887.23 (fval_original = -1413.4, Loss2 = 0.52617)
fval = -887.23 (fval_original = -1413.4, Loss2 = 0.52617)
fval = -887.23 (fval_original = -1413.4, Loss2 = 0.52617)
fval = -887.23 (fval_original = -1413.4, Loss2 = 0.52617)
fval = -887.23 (fval_original = -1413.4, Loss2 = 0.52617)
fval = -887.23 (fval_original = -1413.4, Loss2 = 0.52617)
fval = -887.23 (fval_original = -1413.4, Loss2 = 0.52617)
   25     331   -8.872270e+02    0.000e+00    2.173e+03    1.639e-02
fval = -888.53 (fval_original = -1413.8, Loss2 = 0.52527)
fval = -888.53 (fval_original = -1413.8, Loss2 = 0.52527)
fval = -888.53 (fval_original = -1413.8, Loss2 = 0.52527)
fval = -888.53 (fval_original = -1413.8, Loss2 = 0.52527)
fval = -888.53 (fval_original = -1413.8, Loss2 = 0.52527)
fval = -888.53 (fval_original = -1413.8, Loss2 = 0.52527)
fval = -888.53 (fval_original = -1413.8, Loss2 = 0.52527)
fval = -888.53 (fval_original = -1413.8, Loss2 = 0.52527)
fval = -888.53 (fval_original = -1413.8, Loss2 = 0.52527)
fval = -888.53 (fval_original = -1413.8, Loss2 = 0.52527)
fval = -888.53 (fval_original = -1413.8, Loss2 = 0.52527)
   26     342   -8.885337e+02    0.000e+00    2.401e+03    1.026e-02
fval = -890.06 (fval_original = -1415.1, Loss2 = 0.52508)
fval = -890.06 (fval_original = -1415.1, Loss2 = 0.52508)
fval = -890.06 (fval_original = -1415.1, Loss2 = 0.52508)
fval = -890.06 (fval_original = -1415.1, Loss2 = 0.52508)
fval = -890.06 (fval_original = -1415.1, Loss2 = 0.52508)
fval = -890.06 (fval_original = -1415.1, Loss2 = 0.52508)
fval = -890.06 (fval_original = -1415.1, Loss2 = 0.52508)
fval = -890.06 (fval_original = -1415.1, Loss2 = 0.52508)
fval = -890.06 (fval_original = -1415.1, Loss2 = 0.52508)
fval = -890.06 (fval_original = -1415.1, Loss2 = 0.52508)
fval = -890.06 (fval_original = -1415.1, Loss2 = 0.52508)
   27     353   -8.900634e+02    0.000e+00    1.073e+03    7.306e-03
fval = -891.64 (fval_original = -1416, Loss2 = 0.52432)
fval = -891.64 (fval_original = -1416, Loss2 = 0.52432)
fval = -891.64 (fval_original = -1416, Loss2 = 0.52432)
fval = -891.64 (fval_original = -1416, Loss2 = 0.52432)
fval = -891.64 (fval_original = -1416, Loss2 = 0.52432)
fval = -891.64 (fval_original = -1416, Loss2 = 0.52432)
fval = -891.64 (fval_original = -1416, Loss2 = 0.52432)
fval = -891.64 (fval_original = -1416, Loss2 = 0.52432)
fval = -891.64 (fval_original = -1416, Loss2 = 0.52432)
fval = -891.64 (fval_original = -1416, Loss2 = 0.52432)
fval = -891.64 (fval_original = -1416, Loss2 = 0.52432)
   28     364   -8.916430e+02    0.000e+00    1.077e+03    1.635e-02
fval = -885.36 (fval_original = -1415.9, Loss2 = 0.53056)
fval = -889.71 (fval_original = -1416.1, Loss2 = 0.52635)
fval = -891.86 (fval_original = -1416, Loss2 = 0.52418)
fval = -891.86 (fval_original = -1416, Loss2 = 0.52418)
fval = -891.86 (fval_original = -1416, Loss2 = 0.52418)
fval = -891.86 (fval_original = -1416, Loss2 = 0.52418)
fval = -891.86 (fval_original = -1416, Loss2 = 0.52418)
fval = -891.86 (fval_original = -1416, Loss2 = 0.52418)
fval = -891.86 (fval_original = -1416, Loss2 = 0.52418)
fval = -891.86 (fval_original = -1416, Loss2 = 0.52418)
fval = -891.86 (fval_original = -1416, Loss2 = 0.52418)
fval = -891.86 (fval_original = -1416, Loss2 = 0.52418)
fval = -891.86 (fval_original = -1416, Loss2 = 0.52418)
   29     377   -8.918605e+02    0.000e+00    6.017e+03    4.708e-03
fval = -892.43 (fval_original = -1415, Loss2 = 0.52257)
fval = -892.43 (fval_original = -1415, Loss2 = 0.52257)
fval = -892.43 (fval_original = -1415, Loss2 = 0.52257)
fval = -892.43 (fval_original = -1415, Loss2 = 0.52257)
fval = -892.43 (fval_original = -1415, Loss2 = 0.52257)
fval = -892.43 (fval_original = -1415, Loss2 = 0.52257)
fval = -892.43 (fval_original = -1415, Loss2 = 0.52257)
fval = -892.43 (fval_original = -1415, Loss2 = 0.52257)
fval = -892.43 (fval_original = -1415, Loss2 = 0.52257)
fval = -892.43 (fval_original = -1415, Loss2 = 0.52257)
fval = -892.43 (fval_original = -1415, Loss2 = 0.52257)
   30     388   -8.924286e+02    0.000e+00    2.327e+03    1.562e-02
fval = -892.87 (fval_original = -1416.4, Loss2 = 0.52349)
fval = -892.87 (fval_original = -1416.4, Loss2 = 0.52349)
fval = -892.87 (fval_original = -1416.4, Loss2 = 0.52349)
fval = -892.87 (fval_original = -1416.4, Loss2 = 0.52349)
fval = -892.87 (fval_original = -1416.4, Loss2 = 0.52349)
fval = -892.87 (fval_original = -1416.4, Loss2 = 0.52349)
fval = -892.87 (fval_original = -1416.4, Loss2 = 0.52349)
fval = -892.87 (fval_original = -1416.4, Loss2 = 0.52349)
fval = -892.87 (fval_original = -1416.4, Loss2 = 0.52349)
fval = -892.87 (fval_original = -1416.4, Loss2 = 0.52349)
fval = -892.87 (fval_original = -1416.4, Loss2 = 0.52349)

                                            First-order      Norm of
 Iter F-count            f(x)  Feasibility   optimality         step
   31     399   -8.928721e+02    0.000e+00    2.325e+03    5.901e-03
fval = -894.81 (fval_original = -1419.7, Loss2 = 0.52493)
fval = -894.81 (fval_original = -1419.7, Loss2 = 0.52493)
fval = -894.81 (fval_original = -1419.7, Loss2 = 0.52493)
fval = -894.81 (fval_original = -1419.7, Loss2 = 0.52493)
fval = -894.81 (fval_original = -1419.7, Loss2 = 0.52493)
fval = -894.81 (fval_original = -1419.7, Loss2 = 0.52493)
fval = -894.81 (fval_original = -1419.7, Loss2 = 0.52493)
fval = -894.81 (fval_original = -1419.7, Loss2 = 0.52493)
fval = -894.81 (fval_original = -1419.7, Loss2 = 0.52493)
fval = -894.81 (fval_original = -1419.7, Loss2 = 0.52493)
fval = -894.81 (fval_original = -1419.7, Loss2 = 0.52493)
   32     410   -8.948068e+02    0.000e+00    9.576e+02    3.129e-02
fval = -895.22 (fval_original = -1420.1, Loss2 = 0.52488)
fval = -895.22 (fval_original = -1420.1, Loss2 = 0.52488)
fval = -895.22 (fval_original = -1420.1, Loss2 = 0.52489)
fval = -895.22 (fval_original = -1420.1, Loss2 = 0.52488)
fval = -895.22 (fval_original = -1420.1, Loss2 = 0.52488)
fval = -895.22 (fval_original = -1420.1, Loss2 = 0.52488)
fval = -895.22 (fval_original = -1420.1, Loss2 = 0.52488)
fval = -895.22 (fval_original = -1420.1, Loss2 = 0.52488)
fval = -895.22 (fval_original = -1420.1, Loss2 = 0.52488)
fval = -895.22 (fval_original = -1420.1, Loss2 = 0.52488)
fval = -895.22 (fval_original = -1420.1, Loss2 = 0.52488)
   33     421   -8.952192e+02    0.000e+00    9.648e+03    2.433e-02
fval = -894.52 (fval_original = -1419.3, Loss2 = 0.52481)
fval = -896.35 (fval_original = -1419.9, Loss2 = 0.52351)
fval = -896.35 (fval_original = -1419.9, Loss2 = 0.52351)
fval = -896.35 (fval_original = -1419.9, Loss2 = 0.52351)
fval = -896.35 (fval_original = -1419.9, Loss2 = 0.52351)
fval = -896.35 (fval_original = -1419.9, Loss2 = 0.52351)
fval = -896.35 (fval_original = -1419.9, Loss2 = 0.52351)
fval = -896.35 (fval_original = -1419.9, Loss2 = 0.52351)
fval = -896.35 (fval_original = -1419.9, Loss2 = 0.52351)
fval = -896.35 (fval_original = -1419.9, Loss2 = 0.52351)
fval = -896.35 (fval_original = -1419.9, Loss2 = 0.52351)
fval = -896.35 (fval_original = -1419.9, Loss2 = 0.52351)
   34     433   -8.963534e+02    0.000e+00    3.712e+03    1.843e-02
fval = -897.3 (fval_original = -1416.2, Loss2 = 0.51892)
fval = -897.3 (fval_original = -1416.2, Loss2 = 0.51892)
fval = -897.3 (fval_original = -1416.2, Loss2 = 0.51892)
fval = -897.3 (fval_original = -1416.2, Loss2 = 0.51892)
fval = -897.3 (fval_original = -1416.2, Loss2 = 0.51892)
fval = -897.3 (fval_original = -1416.2, Loss2 = 0.51892)
fval = -897.3 (fval_original = -1416.2, Loss2 = 0.51892)
fval = -897.3 (fval_original = -1416.2, Loss2 = 0.51892)
fval = -897.3 (fval_original = -1416.2, Loss2 = 0.51892)
fval = -897.3 (fval_original = -1416.2, Loss2 = 0.51892)
fval = -897.3 (fval_original = -1416.2, Loss2 = 0.51892)
   35     444   -8.972963e+02    0.000e+00    8.030e+03    1.845e-02
fval = -897.84 (fval_original = -1415.6, Loss2 = 0.51774)
fval = -897.84 (fval_original = -1415.6, Loss2 = 0.51774)
fval = -897.84 (fval_original = -1415.6, Loss2 = 0.51774)
fval = -897.84 (fval_original = -1415.6, Loss2 = 0.51774)
fval = -897.84 (fval_original = -1415.6, Loss2 = 0.51774)
fval = -897.84 (fval_original = -1415.6, Loss2 = 0.51774)
fval = -897.84 (fval_original = -1415.6, Loss2 = 0.51774)
fval = -897.84 (fval_original = -1415.6, Loss2 = 0.51774)
fval = -897.84 (fval_original = -1415.6, Loss2 = 0.51774)
fval = -897.84 (fval_original = -1415.6, Loss2 = 0.51774)
fval = -897.84 (fval_original = -1415.6, Loss2 = 0.51774)
   36     455   -8.978358e+02    0.000e+00    7.657e+03    6.280e-03
fval = -899.8 (fval_original = -1416, Loss2 = 0.51625)
fval = -899.8 (fval_original = -1416, Loss2 = 0.51625)
fval = -899.8 (fval_original = -1416, Loss2 = 0.51625)
fval = -899.8 (fval_original = -1416, Loss2 = 0.51625)
fval = -899.8 (fval_original = -1416, Loss2 = 0.51625)
fval = -899.8 (fval_original = -1416, Loss2 = 0.51625)
fval = -899.8 (fval_original = -1416, Loss2 = 0.51625)
fval = -899.8 (fval_original = -1416, Loss2 = 0.51625)
fval = -899.8 (fval_original = -1416, Loss2 = 0.51625)
fval = -899.8 (fval_original = -1416, Loss2 = 0.51625)
fval = -899.8 (fval_original = -1416, Loss2 = 0.51625)
   37     466   -8.997974e+02    0.000e+00    5.498e+03    3.259e-02
fval = -899.44 (fval_original = -1418.6, Loss2 = 0.51913)
fval = -900.07 (fval_original = -1417.3, Loss2 = 0.51728)
fval = -900.07 (fval_original = -1417.3, Loss2 = 0.51728)
fval = -900.07 (fval_original = -1417.3, Loss2 = 0.51728)
fval = -900.07 (fval_original = -1417.3, Loss2 = 0.51728)
fval = -900.07 (fval_original = -1417.3, Loss2 = 0.51728)
fval = -900.07 (fval_original = -1417.3, Loss2 = 0.51728)
fval = -900.07 (fval_original = -1417.3, Loss2 = 0.51728)
fval = -900.07 (fval_original = -1417.3, Loss2 = 0.51728)
fval = -900.07 (fval_original = -1417.3, Loss2 = 0.51728)
fval = -900.07 (fval_original = -1417.3, Loss2 = 0.51728)
fval = -900.07 (fval_original = -1417.3, Loss2 = 0.51728)
   38     478   -9.000654e+02    0.000e+00    5.864e+03    6.183e-03
fval = -900.75 (fval_original = -1415.1, Loss2 = 0.5144)
fval = -900.75 (fval_original = -1415.1, Loss2 = 0.5144)
fval = -900.75 (fval_original = -1415.1, Loss2 = 0.5144)
fval = -900.75 (fval_original = -1415.1, Loss2 = 0.5144)
fval = -900.75 (fval_original = -1415.1, Loss2 = 0.5144)
fval = -900.75 (fval_original = -1415.1, Loss2 = 0.5144)
fval = -900.75 (fval_original = -1415.1, Loss2 = 0.5144)
fval = -900.75 (fval_original = -1415.1, Loss2 = 0.5144)
fval = -900.75 (fval_original = -1415.1, Loss2 = 0.5144)
fval = -900.75 (fval_original = -1415.1, Loss2 = 0.5144)
fval = -900.75 (fval_original = -1415.1, Loss2 = 0.5144)
   39     489   -9.007521e+02    0.000e+00    2.790e+03    4.019e-03
fval = -901.33 (fval_original = -1415.5, Loss2 = 0.51417)
fval = -901.33 (fval_original = -1415.5, Loss2 = 0.51417)
fval = -901.33 (fval_original = -1415.5, Loss2 = 0.51417)
fval = -901.33 (fval_original = -1415.5, Loss2 = 0.51417)
fval = -901.33 (fval_original = -1415.5, Loss2 = 0.51417)
fval = -901.33 (fval_original = -1415.5, Loss2 = 0.51417)
fval = -901.33 (fval_original = -1415.5, Loss2 = 0.51417)
fval = -901.33 (fval_original = -1415.5, Loss2 = 0.51417)
fval = -901.33 (fval_original = -1415.5, Loss2 = 0.51417)
fval = -901.33 (fval_original = -1415.5, Loss2 = 0.51417)
fval = -901.33 (fval_original = -1415.5, Loss2 = 0.51417)
   40     500   -9.013330e+02    0.000e+00    2.534e+03    2.537e-03
fval = -901.79 (fval_original = -1416.7, Loss2 = 0.51487)
fval = -901.79 (fval_original = -1416.7, Loss2 = 0.51487)
fval = -901.79 (fval_original = -1416.7, Loss2 = 0.51487)
fval = -901.79 (fval_original = -1416.7, Loss2 = 0.51487)
fval = -901.79 (fval_original = -1416.7, Loss2 = 0.51487)
fval = -901.79 (fval_original = -1416.7, Loss2 = 0.51487)
fval = -901.79 (fval_original = -1416.7, Loss2 = 0.51487)
fval = -901.79 (fval_original = -1416.7, Loss2 = 0.51487)
fval = -901.79 (fval_original = -1416.7, Loss2 = 0.51487)
fval = -901.79 (fval_original = -1416.7, Loss2 = 0.51487)
fval = -901.79 (fval_original = -1416.7, Loss2 = 0.51487)
   41     511   -9.017934e+02    0.000e+00    5.966e+03    9.037e-03
fval = -901.81 (fval_original = -1414.5, Loss2 = 0.51273)
fval = -901.81 (fval_original = -1414.5, Loss2 = 0.51273)
fval = -901.81 (fval_original = -1414.5, Loss2 = 0.51273)
fval = -901.81 (fval_original = -1414.5, Loss2 = 0.51273)
fval = -901.81 (fval_original = -1414.5, Loss2 = 0.51273)
fval = -901.81 (fval_original = -1414.5, Loss2 = 0.51273)
fval = -901.81 (fval_original = -1414.5, Loss2 = 0.51273)
fval = -901.81 (fval_original = -1414.5, Loss2 = 0.51273)
fval = -901.81 (fval_original = -1414.5, Loss2 = 0.51273)
fval = -901.81 (fval_original = -1414.5, Loss2 = 0.51273)
fval = -901.81 (fval_original = -1414.5, Loss2 = 0.51273)
   42     522   -9.018086e+02    0.000e+00    3.060e+03    1.805e-02
fval = -902 (fval_original = -1416.6, Loss2 = 0.51458)
fval = -902 (fval_original = -1416.6, Loss2 = 0.51458)
fval = -902 (fval_original = -1416.6, Loss2 = 0.51458)
fval = -902 (fval_original = -1416.6, Loss2 = 0.51458)
fval = -902 (fval_original = -1416.6, Loss2 = 0.51458)
fval = -902 (fval_original = -1416.6, Loss2 = 0.51458)
fval = -902 (fval_original = -1416.6, Loss2 = 0.51458)
fval = -902 (fval_original = -1416.6, Loss2 = 0.51458)
fval = -902 (fval_original = -1416.6, Loss2 = 0.51458)
fval = -902 (fval_original = -1416.6, Loss2 = 0.51458)
fval = -902 (fval_original = -1416.6, Loss2 = 0.51458)
   43     533   -9.020006e+02    0.000e+00    2.733e+03    7.848e-03
fval = -902.07 (fval_original = -1417.4, Loss2 = 0.51536)
fval = -902.07 (fval_original = -1417.4, Loss2 = 0.51536)
fval = -902.07 (fval_original = -1417.4, Loss2 = 0.51536)
fval = -902.07 (fval_original = -1417.4, Loss2 = 0.51536)
fval = -902.07 (fval_original = -1417.4, Loss2 = 0.51536)
fval = -902.07 (fval_original = -1417.4, Loss2 = 0.51536)
fval = -902.07 (fval_original = -1417.4, Loss2 = 0.51536)
fval = -902.07 (fval_original = -1417.4, Loss2 = 0.51536)
fval = -902.07 (fval_original = -1417.4, Loss2 = 0.51536)
fval = -902.07 (fval_original = -1417.4, Loss2 = 0.51536)
fval = -902.07 (fval_original = -1417.4, Loss2 = 0.51536)
   44     544   -9.020674e+02    0.000e+00    2.264e+03    9.184e-04
fval = -902.13 (fval_original = -1418.3, Loss2 = 0.51613)
fval = -902.13 (fval_original = -1418.3, Loss2 = 0.51613)
fval = -902.13 (fval_original = -1418.3, Loss2 = 0.51613)
fval = -902.13 (fval_original = -1418.3, Loss2 = 0.51613)
fval = -902.13 (fval_original = -1418.3, Loss2 = 0.51613)
fval = -902.13 (fval_original = -1418.3, Loss2 = 0.51613)
fval = -902.13 (fval_original = -1418.3, Loss2 = 0.51613)
fval = -902.13 (fval_original = -1418.3, Loss2 = 0.51613)
fval = -902.13 (fval_original = -1418.3, Loss2 = 0.51613)
fval = -902.13 (fval_original = -1418.3, Loss2 = 0.51613)
fval = -902.13 (fval_original = -1418.3, Loss2 = 0.51613)
   45     555   -9.021258e+02    0.000e+00    1.386e+03    2.131e-03
fval = -902.11 (fval_original = -1418.6, Loss2 = 0.51646)
fval = -902.14 (fval_original = -1418.4, Loss2 = 0.51627)
fval = -902.14 (fval_original = -1418.4, Loss2 = 0.51627)
fval = -902.14 (fval_original = -1418.4, Loss2 = 0.51627)
fval = -902.14 (fval_original = -1418.4, Loss2 = 0.51627)
fval = -902.14 (fval_original = -1418.4, Loss2 = 0.51627)
fval = -902.14 (fval_original = -1418.4, Loss2 = 0.51627)
fval = -902.14 (fval_original = -1418.4, Loss2 = 0.51627)
fval = -902.14 (fval_original = -1418.4, Loss2 = 0.51627)
fval = -902.14 (fval_original = -1418.4, Loss2 = 0.51627)
fval = -902.14 (fval_original = -1418.4, Loss2 = 0.51627)
fval = -902.14 (fval_original = -1418.4, Loss2 = 0.51627)
   46     567   -9.021439e+02    0.000e+00    1.053e+03    1.242e-03
fval = -901.89 (fval_original = -1418.5, Loss2 = 0.51661)
fval = -902.07 (fval_original = -1418.5, Loss2 = 0.51639)
fval = -902.14 (fval_original = -1418.4, Loss2 = 0.51629)
fval = -902.15 (fval_original = -1418.4, Loss2 = 0.51627)
fval = -902.15 (fval_original = -1418.4, Loss2 = 0.51627)
fval = -902.15 (fval_original = -1418.4, Loss2 = 0.51627)
fval = -902.15 (fval_original = -1418.4, Loss2 = 0.51627)
fval = -902.15 (fval_original = -1418.4, Loss2 = 0.51627)
fval = -902.15 (fval_original = -1418.4, Loss2 = 0.51627)
fval = -902.15 (fval_original = -1418.4, Loss2 = 0.51627)
fval = -902.15 (fval_original = -1418.4, Loss2 = 0.51627)
fval = -902.15 (fval_original = -1418.4, Loss2 = 0.51627)
fval = -902.15 (fval_original = -1418.4, Loss2 = 0.51627)
fval = -902.15 (fval_original = -1418.4, Loss2 = 0.51627)
   47     581   -9.021502e+02    0.000e+00    9.486e+02    4.638e-04
fval = -901.81 (fval_original = -1418.3, Loss2 = 0.51654)
fval = -902.01 (fval_original = -1418.4, Loss2 = 0.51637)
fval = -902.1 (fval_original = -1418.4, Loss2 = 0.5163)
fval = -902.14 (fval_original = -1418.4, Loss2 = 0.51627)
fval = -901.9 (fval_original = -1418.3, Loss2 = 0.51643)
fval = -902.02 (fval_original = -1418.4, Loss2 = 0.51638)
fval = -902.1 (fval_original = -1418.4, Loss2 = 0.51632)
fval = -902.13 (fval_original = -1418.4, Loss2 = 0.51628)
fval = -902.15 (fval_original = -1418.4, Loss2 = 0.51627)
fval = -902.15 (fval_original = -1418.4, Loss2 = 0.51627)
fval = -902.15 (fval_original = -1418.4, Loss2 = 0.51627)
fval = -902.15 (fval_original = -1418.4, Loss2 = 0.51627)
fval = -902.15 (fval_original = -1418.4, Loss2 = 0.51627)
fval = -902.15 (fval_original = -1418.4, Loss2 = 0.51627)
fval = -902.15 (fval_original = -1418.4, Loss2 = 0.51627)
fval = -902.15 (fval_original = -1418.4, Loss2 = 0.51627)
fval = -902.15 (fval_original = -1418.4, Loss2 = 0.51627)
fval = -902.15 (fval_original = -1418.4, Loss2 = 0.51627)
fval = -902.15 (fval_original = -1418.4, Loss2 = 0.51627)
   48     600   -9.021527e+02    0.000e+00    6.048e+03    2.040e-04
fval = -901.59 (fval_original = -1418.7, Loss2 = 0.51706)
fval = -902.12 (fval_original = -1418.4, Loss2 = 0.51631)
fval = -902.14 (fval_original = -1418.4, Loss2 = 0.51629)
fval = -902.15 (fval_original = -1418.4, Loss2 = 0.51628)
fval = -902.15 (fval_original = -1418.4, Loss2 = 0.51627)
fval = -902.15 (fval_original = -1418.4, Loss2 = 0.51627)
fval = -902.15 (fval_original = -1418.4, Loss2 = 0.51627)
fval = -902.15 (fval_original = -1418.4, Loss2 = 0.51627)

<a href = "matlab: helpview([docroot '/toolbox/optim/msg_csh/optim_msg_csh.map'],'local_min_poss_with_constr','CSHelpWindow');">Local minimum possible. Constraints satisfied</a>.

fmincon stopped because the <a href = "matlab: helpview([docroot '/toolbox/optim/msg_csh/optim_msg_csh.map'],'norm_curr_step_simple_fminconip','CSHelpWindow');">size of the current step</a> is less than
the selected value of the <a href = "matlab: helpview([docroot '/toolbox/optim/msg_csh/optim_msg_csh.map'],'step_size_tol','CSHelpWindow');">step size tolerance</a> and constraints are 
satisfied to within the default value of the <a href = "matlab: helpview([docroot '/toolbox/optim/msg_csh/optim_msg_csh.map'],'constraint_tolerance','CSHelpWindow');">constraint tolerance</a>.

<<a href = "matlab: createExitMsg('barrier',2.000000e+00,true,true,'fmincon',5.411969e-07,'selected',1.000000e-06,0.000000e+00,'default',1.000000e-06,0.000000e+00,'',0.000000e+00);">stopping criteria details</a>>

fval = -730.49 (fval_original = -1246.8, Loss2 = 0.51627)
fval = -730.74 (fval_original = -1247.6, Loss2 = 0.51683)
fval = -730.07 (fval_original = -1246, Loss2 = 0.51588)
fval = -730.14 (fval_original = -1246.5, Loss2 = 0.51631)
fval = -724.53 (fval_original = -1245, Loss2 = 0.52044)
fval = -730.47 (fval_original = -1246.4, Loss2 = 0.51596)
fval = -730.44 (fval_original = -1247.1, Loss2 = 0.51665)
fval = -785.05 (fval_original = -1298.9, Loss2 = 0.51382)
fval = -656.14 (fval_original = -1175.5, Loss2 = 0.51931)
fval = -724.22 (fval_original = -1241.9, Loss2 = 0.51768)
fval = -735.3 (fval_original = -1251.4, Loss2 = 0.51609)
fval = -730.39 (fval_original = -1246.7, Loss2 = 0.5163)
fval = -730.51 (fval_original = -1246.8, Loss2 = 0.51631)
fval = -729.44 (fval_original = -1245.7, Loss2 = 0.51628)
fval = -731.4 (fval_original = -1247.8, Loss2 = 0.5164)
fval = -728.76 (fval_original = -1246.6, Loss2 = 0.51785)
fval = -730.55 (fval_original = -1246.9, Loss2 = 0.51636)
fval = -720.49 (fval_original = -1230.3, Loss2 = 0.5098)
fval = -727.85 (fval_original = -1262.6, Loss2 = 0.53473)
fval = -730.36 (fval_original = -1246.7, Loss2 = 0.51638)
fval = -730.56 (fval_original = -1246.8, Loss2 = 0.51622)
fval = -730.62 (fval_original = -1247.3, Loss2 = 0.51663)
fval = -724.35 (fval_original = -1244.2, Loss2 = 0.51981)
fval = -730.79 (fval_original = -1247.2, Loss2 = 0.51645)
fval = -730.09 (fval_original = -1246.3, Loss2 = 0.51619)
fval = -785.17 (fval_original = -1299.4, Loss2 = 0.51422)
fval = -655.36 (fval_original = -1174.2, Loss2 = 0.5188)
fval = -724.47 (fval_original = -1242.7, Loss2 = 0.51825)
fval = -734.9 (fval_original = -1250.6, Loss2 = 0.5157)
fval = -730.72 (fval_original = -1247.5, Loss2 = 0.51678)
fval = -730.17 (fval_original = -1246, Loss2 = 0.51585)
fval = -729.83 (fval_original = -1246.5, Loss2 = 0.51669)
fval = -731.13 (fval_original = -1247, Loss2 = 0.51587)
fval = -729 (fval_original = -1247.4, Loss2 = 0.51841)
fval = -730.13 (fval_original = -1246.1, Loss2 = 0.51597)
fval = -720.94 (fval_original = -1231, Loss2 = 0.51009)
fval = -727.58 (fval_original = -1261.7, Loss2 = 0.53414)
fval = -730.61 (fval_original = -1247.5, Loss2 = 0.51694)
fval = -730.14 (fval_original = -1246, Loss2 = 0.51584)
fval = -730.14 (fval_original = -1246.1, Loss2 = 0.51598)
fval = -724.51 (fval_original = -1245.3, Loss2 = 0.52078)
fval = -784.7 (fval_original = -1298.5, Loss2 = 0.51376)
fval = -650.22 (fval_original = -1173.5, Loss2 = 0.5233)
fval = -725.08 (fval_original = -1241.6, Loss2 = 0.51652)
fval = -730.64 (fval_original = -1249.6, Loss2 = 0.51896)
fval = -730.04 (fval_original = -1246.4, Loss2 = 0.51635)
fval = -724.54 (fval_original = -1245, Loss2 = 0.52049)
fval = -729.04 (fval_original = -1245.4, Loss2 = 0.51637)
fval = -725.34 (fval_original = -1246, Loss2 = 0.52067)
fval = -730.08 (fval_original = -1246.3, Loss2 = 0.51622)
fval = -726.29 (fval_original = -1245.1, Loss2 = 0.51882)
fval = -719.08 (fval_original = -1230, Loss2 = 0.51094)
fval = -721.19 (fval_original = -1260.8, Loss2 = 0.53962)
fval = -730.07 (fval_original = -1246.4, Loss2 = 0.51636)
fval = -724.65 (fval_original = -1245, Loss2 = 0.52033)
fval = -785.03 (fval_original = -1298.5, Loss2 = 0.51351)
fval = -656.09 (fval_original = -1175.8, Loss2 = 0.51969)
fval = -724.28 (fval_original = -1241.6, Loss2 = 0.5173)
fval = -735.33 (fval_original = -1251.7, Loss2 = 0.5164)
fval = -730.37 (fval_original = -1246.4, Loss2 = 0.51599)
fval = -730.46 (fval_original = -1247.2, Loss2 = 0.5167)
fval = -729.41 (fval_original = -1245.4, Loss2 = 0.51598)
fval = -731.34 (fval_original = -1248.1, Loss2 = 0.51679)
fval = -728.81 (fval_original = -1246.3, Loss2 = 0.51747)
fval = -730.56 (fval_original = -1247.2, Loss2 = 0.51667)
fval = -720.41 (fval_original = -1230, Loss2 = 0.50955)
fval = -727.78 (fval_original = -1262.9, Loss2 = 0.53512)
fval = -730.41 (fval_original = -1246.4, Loss2 = 0.51601)
fval = -730.57 (fval_original = -1247.1, Loss2 = 0.51654)
fval = -780.35 (fval_original = -1295.3, Loss2 = 0.51492)
fval = -662.69 (fval_original = -1181.7, Loss2 = 0.51899)
fval = -784.96 (fval_original = -1298.8, Loss2 = 0.51386)
fval = -656.18 (fval_original = -1175.5, Loss2 = 0.51936)
fval = -784.22 (fval_original = -1298.1, Loss2 = 0.51383)
fval = -657.35 (fval_original = -1176.8, Loss2 = 0.51944)
fval = -783.68 (fval_original = -1298.7, Loss2 = 0.51507)
fval = -656.38 (fval_original = -1175.6, Loss2 = 0.51926)
fval = -781.27 (fval_original = -1288.5, Loss2 = 0.50721)
fval = -663.1 (fval_original = -1200.4, Loss2 = 0.53732)
fval = -784.99 (fval_original = -1298.9, Loss2 = 0.51387)
fval = -656.28 (fval_original = -1175.5, Loss2 = 0.5192)
fval = -724.2 (fval_original = -1241.8, Loss2 = 0.51764)
fval = -735.4 (fval_original = -1251.5, Loss2 = 0.51605)
fval = -723.29 (fval_original = -1240.8, Loss2 = 0.51755)
fval = -736.33 (fval_original = -1252.4, Loss2 = 0.51607)
fval = -722.48 (fval_original = -1241.7, Loss2 = 0.51927)
fval = -735.36 (fval_original = -1251.5, Loss2 = 0.51618)
fval = -715.09 (fval_original = -1225, Loss2 = 0.50996)
fval = -733.66 (fval_original = -1266.8, Loss2 = 0.53318)
fval = -724.09 (fval_original = -1241.9, Loss2 = 0.51779)
fval = -735.37 (fval_original = -1251.4, Loss2 = 0.51604)
fval = -729.34 (fval_original = -1245.7, Loss2 = 0.51632)
fval = -731.42 (fval_original = -1247.9, Loss2 = 0.51645)
fval = -728.74 (fval_original = -1246.5, Loss2 = 0.5178)
fval = -730.65 (fval_original = -1247, Loss2 = 0.51633)
fval = -720.39 (fval_original = -1230.2, Loss2 = 0.50984)
fval = -727.86 (fval_original = -1262.6, Loss2 = 0.53478)
fval = -730.33 (fval_original = -1246.7, Loss2 = 0.51635)
fval = -730.64 (fval_original = -1246.8, Loss2 = 0.5162)
fval = -727.85 (fval_original = -1245.6, Loss2 = 0.51772)
fval = -731.6 (fval_original = -1247.9, Loss2 = 0.51635)
fval = -719.31 (fval_original = -1229.2, Loss2 = 0.50987)
fval = -728.61 (fval_original = -1263.6, Loss2 = 0.53494)
fval = -729.37 (fval_original = -1245.7, Loss2 = 0.51633)
fval = -731.53 (fval_original = -1247.8, Loss2 = 0.51629)
fval = -720.42 (fval_original = -1230.1, Loss2 = 0.50971)
fval = -729.62 (fval_original = -1262.7, Loss2 = 0.5331)
fval = -728.63 (fval_original = -1246.6, Loss2 = 0.51796)
fval = -730.61 (fval_original = -1246.9, Loss2 = 0.51631)
fval = -720.43 (fval_original = -1230.3, Loss2 = 0.50985)
fval = -727.98 (fval_original = -1262.6, Loss2 = 0.53461)

POSTERIOR KERNEL OPTIMIZATION PROBLEM!
 (minus) the hessian matrix at the "mode" is not positive definite!
=> posterior variance of the estimated parameters are not positive.
You should try to change the initial values of the parameters using
the estimated_params_init block, or use another optimization routine.
[Warning: The results below are most likely wrong!] 
[> In <a href="matlab:matlab.internal.language.introspective.errorDocCallback('dynare_estimation_1', 'C:\dynare\4.4.3\matlab\dynare_estimation_1.m', 694)" style="font-weight:bold">dynare_estimation_1</a> (<a href="matlab: opentoline('C:\dynare\4.4.3\matlab\dynare_estimation_1.m',694,0)">line 694</a>)
  In <a href="matlab:matlab.internal.language.introspective.errorDocCallback('dynare_estimation', 'C:\dynare\4.4.3\matlab\dynare_estimation.m', 89)" style="font-weight:bold">dynare_estimation</a> (<a href="matlab: opentoline('C:\dynare\4.4.3\matlab\dynare_estimation.m',89,0)">line 89</a>)
  In <a href="matlab:matlab.internal.language.introspective.errorDocCallback('ireland', 'C:\Users\pedm\Documents\EllisonAscariProject\Ireland2010\ireland.m', 251)" style="font-weight:bold">ireland</a> (<a href="matlab: opentoline('C:\Users\pedm\Documents\EllisonAscariProject\Ireland2010\ireland.m',251,0)">line 251</a>)
  In <a href="matlab:matlab.internal.language.introspective.errorDocCallback('dynare', 'C:\dynare\4.4.3\matlab\dynare.m', 180)" style="font-weight:bold">dynare</a> (<a href="matlab: opentoline('C:\dynare\4.4.3\matlab\dynare.m',180,0)">line 180</a>)] 

RESULTS FROM MAXIMUM LIKELIHOOD ESTIMATION
parameters
          Estimate    s.d. t-stat

gamma       0.7811  0.0019 402.6088 
alpha       0.0009  0.0007  1.2660 
rhop        0.5097  0.0027 191.6564 
rhog        0.1099  0.0003 422.7945 
rhoa        0.9776  0.0010 1008.9304 
rhoe        0.0006  0.0007  0.7676 

standard deviation of shocks
          Estimate    s.d. t-stat

epsilon_a   0.0489  0.0005 103.5965 
epsilon_e   0.0026  0.0001 21.1999 
epsilon_z   0.0396  0.0007 54.5107 
epsilon_r   0.0017  0.0001 21.6094 

cov_matrix =
    0.0021    0.0000    0.0003    0.0000
    0.0000    0.0000    0.0000   -0.0000
    0.0003    0.0000    0.0009   -0.0000
    0.0000   -0.0000   -0.0000    0.0000
corrcoef_matrix =
    1.0000    0.3041    0.2182    0.1027
    0.3041    1.0000    0.1186   -0.3139
    0.2182    0.1186    1.0000   -0.1300
    0.1027   -0.3139   -0.1300    1.0000
DegreeContemporaneousCC =
    0.5163
Total computing time : 0h00m18s
Note: warning(s) encountered in MATLAB/Octave code
