Starting Dynare (version 4.4.3).
Starting preprocessing of the model file ...
Found 10 equation(s).
Evaluating expressions...done
Computing static model derivatives:
 - order 1
Computing dynamic model derivatives:
 - order 1
 - order 2
Processing outputs ...done
Preprocessing completed.
Starting MATLAB/Octave computing.

STEADY-STATE RESULTS:

a      		 0
y      		 0
lambda 		 0
r      		 0
pi     		 0
e      		 0
g      		 0
zhat   		 0
q      		 0
x      		 0

EIGENVALUES:
         Modulus             Real        Imaginary

               0                0                0
               0                0                0
          0.3536           0.3536                0
          0.3886           0.3886                0
          0.6762           0.6762                0
          0.9797           0.9797                0
           1.303            1.284            0.223
           1.303            1.284           -0.223
           2.469            2.469                0
           2.577            2.577                0


There are 4 eigenvalue(s) larger than 1 in modulus 
for 4 forward-looking variable(s)

The rank condition is verified.


You did not declare endogenous variables after the estimation/calib_smoother command.

Loading 108 observations from IrelandData.mat

Initial value of the log posterior (or likelihood): 1143.5083
                                            First-order      Norm of
 Iter F-count            f(x)  Feasibility   optimality         step
    0      11   -1.143508e+03    0.000e+00    1.961e+05
    1      28   -1.262086e+03    0.000e+00    1.260e+05    7.535e-01
    2      40   -1.367856e+03    0.000e+00    1.256e+04    5.256e-02
    3      56   -1.386531e+03    0.000e+00    4.452e+04    6.342e-01
    4      68   -1.396516e+03    0.000e+00    2.545e+04    2.800e-01
    5      84   -1.424901e+03    0.000e+00    4.628e+01    5.758e-01
    6      97   -1.426257e+03    0.000e+00    1.307e+04    2.372e-01
    7     110   -1.429131e+03    0.000e+00    2.198e+04    1.507e-01
    8     122   -1.447285e+03    0.000e+00    6.406e+03    2.711e-01
    9     134   -1.448846e+03    0.000e+00    6.505e+03    1.821e-01
   10     145   -1.460452e+03    0.000e+00    5.137e+03    1.834e-01
   11     159   -1.463197e+03    0.000e+00    1.040e+04    9.763e-02
   12     173   -1.464498e+03    0.000e+00    6.680e+03    9.768e-02
   13     187   -1.465872e+03    0.000e+00    4.042e+03    9.555e-02
   14     199   -1.468993e+03    0.000e+00    3.918e+03    1.974e-01
   15     216   -1.473057e+03    0.000e+00    4.765e+01    1.275e-01
   16     230   -1.473190e+03    0.000e+00    9.811e+03    1.748e-02
   17     247   -1.474480e+03    0.000e+00    3.052e+03    6.020e-02
   18     259   -1.474730e+03    0.000e+00    1.325e+03    2.603e-02
   19     270   -1.475879e+03    0.000e+00    1.181e+03    5.388e-02
   20     281   -1.476146e+03    0.000e+00    1.001e+03    3.294e-02
   21     292   -1.476296e+03    0.000e+00    2.118e+03    5.268e-03
   22     303   -1.476494e+03    0.000e+00    2.868e+03    3.462e-03
   23     314   -1.477195e+03    0.000e+00    3.211e+03    1.051e-02
   24     325   -1.477926e+03    0.000e+00    1.638e+03    1.119e-02
   25     336   -1.478199e+03    0.000e+00    6.223e+02    9.044e-03
   26     348   -1.478379e+03    0.000e+00    1.462e+03    8.452e-03
   27     359   -1.478445e+03    0.000e+00    9.244e+02    4.325e-03
   28     370   -1.478545e+03    0.000e+00    2.457e+02    9.613e-03
   29     381   -1.478623e+03    0.000e+00    4.250e+02    1.099e-02
   30     392   -1.478673e+03    0.000e+00    5.626e+02    2.685e-03

                                            First-order      Norm of
 Iter F-count            f(x)  Feasibility   optimality         step
   31     403   -1.478730e+03    0.000e+00    3.163e+02    5.393e-03
   32     414   -1.478772e+03    0.000e+00    2.241e+02    6.615e-03
   33     425   -1.478786e+03    0.000e+00    3.372e+02    3.712e-03
   34     436   -1.478796e+03    0.000e+00    1.228e+02    7.096e-03
   35     447   -1.478806e+03    0.000e+00    1.537e+01    3.084e-03
   36     458   -1.478810e+03    0.000e+00    4.081e+01    1.960e-03
   37     469   -1.478813e+03    0.000e+00    8.419e+01    5.651e-03
   38     480   -1.478817e+03    0.000e+00    6.008e+01    1.851e-03
   39     491   -1.478818e+03    0.000e+00    3.647e+01    1.328e-03
   40     502   -1.478820e+03    0.000e+00    1.368e+01    3.048e-03
   41     513   -1.478820e+03    0.000e+00    1.104e+01    3.796e-04
   42     524   -1.478820e+03    0.000e+00    7.078e+00    8.037e-04
   43     535   -1.478820e+03    0.000e+00    1.806e+00    2.806e-04
   44     546   -1.478820e+03    0.000e+00    2.820e-01    8.089e-05
   45     557   -1.478820e+03    0.000e+00    3.485e-02    2.376e-05
   46     568   -1.478820e+03    0.000e+00    2.025e-02    8.763e-06
   47     579   -1.478820e+03    0.000e+00    3.037e-03    3.107e-06
   48     592   -1.478820e+03    0.000e+00    8.103e-03    2.259e-06

<a href = "matlab: helpview([docroot '/toolbox/optim/msg_csh/optim_msg_csh.map'],'local_min_poss_with_constr','CSHelpWindow');">Local minimum possible. Constraints satisfied</a>.

fmincon stopped because the <a href = "matlab: helpview([docroot '/toolbox/optim/msg_csh/optim_msg_csh.map'],'norm_curr_step_simple_fminconip','CSHelpWindow');">size of the current step</a> is less than
the selected value of the <a href = "matlab: helpview([docroot '/toolbox/optim/msg_csh/optim_msg_csh.map'],'step_size_tol','CSHelpWindow');">step size tolerance</a> and constraints are 
satisfied to within the default value of the <a href = "matlab: helpview([docroot '/toolbox/optim/msg_csh/optim_msg_csh.map'],'constraint_tolerance','CSHelpWindow');">constraint tolerance</a>.

<<a href = "matlab: createExitMsg('barrier',2.000000e+00,true,true,'fmincon',9.110823e-07,'selected',1.000000e-06,0.000000e+00,'default',1.000000e-06,0.000000e+00,'',0.000000e+00);">stopping criteria details</a>>


POSTERIOR KERNEL OPTIMIZATION PROBLEM!
 (minus) the hessian matrix at the "mode" is not positive definite!
=> posterior variance of the estimated parameters are not positive.
You should try to change the initial values of the parameters using
the estimated_params_init block, or use another optimization routine.
[Warning: The results below are most likely wrong!] 
[> In <a href="matlab:matlab.internal.language.introspective.errorDocCallback('dynare_estimation_1', 'C:\dynare\4.4.3\matlab\dynare_estimation_1.m', 694)" style="font-weight:bold">dynare_estimation_1</a> (<a href="matlab: opentoline('C:\dynare\4.4.3\matlab\dynare_estimation_1.m',694,0)">line 694</a>)
  In <a href="matlab:matlab.internal.language.introspective.errorDocCallback('dynare_estimation', 'C:\dynare\4.4.3\matlab\dynare_estimation.m', 89)" style="font-weight:bold">dynare_estimation</a> (<a href="matlab: opentoline('C:\dynare\4.4.3\matlab\dynare_estimation.m',89,0)">line 89</a>)
  In <a href="matlab:matlab.internal.language.introspective.errorDocCallback('ireland', 'C:\Users\pedm\Documents\EllisonAscariProject\Ireland2010\ireland.m', 247)" style="font-weight:bold">ireland</a> (<a href="matlab: opentoline('C:\Users\pedm\Documents\EllisonAscariProject\Ireland2010\ireland.m',247,0)">line 247</a>)
  In <a href="matlab:matlab.internal.language.introspective.errorDocCallback('dynare', 'C:\dynare\4.4.3\matlab\dynare.m', 180)" style="font-weight:bold">dynare</a> (<a href="matlab: opentoline('C:\dynare\4.4.3\matlab\dynare.m',180,0)">line 180</a>)] 

RESULTS FROM MAXIMUM LIKELIHOOD ESTIMATION
parameters
          Estimate    s.d. t-stat

gamma       0.3904  0.0752  5.1939 
alpha       0.0000  0.0000  0.0000 
rhop        0.4153  0.0452  9.1947 
rhog        0.1270  0.0250  5.0720 
rhoa        0.9797  0.0250 39.1929 
rhoe        0.0000  0.0000  0.0000 

standard deviation of shocks
          Estimate    s.d. t-stat

epsilon_a   0.0868  0.1007  0.8618 
epsilon_e   0.0017  0.0000  0.0000 
epsilon_z   0.0095  0.0015  6.5147 
epsilon_r   0.0014  0.0001 11.1501 

Total computing time : 0h00m09s
Note: warning(s) encountered in MATLAB/Octave code
